✅ pass: ok
 10 5.5 3.0276503540974917
✅ pass: num
 beaca
 ddddb
 adadd
 eadcb
 eacaa
 aeadb
 daebd
 debcb
 bdcad
 eabca
✅ pass: sample
 10000 10.013090245127714 1.9708063718547493
✅ pass: gauss
 mu sd cliffs boot both
 -- -- ------ ---- ----
 10.0 1 True True True
 10.1 1 True True True
 10.2 1 True True True
 10.3 1 True True True
 10.4 1 True True True
 10.5 1 True False False
 10.6 1 True False False
 10.7 1 True False False
 10.8 1 True False False
 10.9 1 True False False
 11.0 1 False False False
✅ pass: bootmu
		truee True True
		false False False
		false False False
✅ pass: basic

eg3
	 1 True True True
	 1.05 True False True
	 1.1 False False True
	 1.15 False False True
	 1.2 False False True
	 1.25 False False True
	 1.3 False False True
	 1.35 False False True
	 1.4 False False True
	 1.45 False False True
✅ pass: pre
rx5 1 ------   *------    |                    ['0.10', '0.20', '0.30', '0.30', '0.40']
rx3 1   ------    *---    |                    ['0.15', '0.25', '0.35', '0.35', '0.40']
rx1 2             --------*-----               ['0.34', '0.49', '0.51', '0.51', '0.60']
rx2 3                     |    ------    *-----['0.60', '0.70', '0.80', '0.80', '0.90']
rx4 3                     |    ------    *-----['0.60', '0.70', '0.80', '0.80', '0.90']
✅ pass: five
rx1 1 -----------         *--------------------['99.00', '99.50', '100.00', '100.00', '101.00']
rx3 1 -----------         *--------------------['99.00', '99.50', '100.00', '100.00', '101.00']
rx2 1 -                   *                   -['99.00', '99.00', '100.00', '101.00', '101.00']
rx4 1 -                   *                   -['99.00', '99.00', '100.00', '101.00', '101.00']
✅ pass: six
 rx6   -*-               |                    ['8.74', '9.45', '9.97', '10.50', '11.32']
 rx10   -*-               |                    ['8.72', '9.45', '10.01', '10.50', '11.33']
 rx1   -*-               |                    ['8.73', '9.51', '10.01', '10.56', '11.27']
 rx7   -*-               |                    ['8.71', '9.45', '10.02', '10.51', '11.24']
 rx2   -*-               |                    ['8.91', '9.64', '10.12', '10.63', '11.34']
 rx3            -*-      |                    ['18.68', '19.43', '20.00', '20.54', '21.26']
 rx4                     |*--                 ['28.75', '29.44', '30.00', '30.52', '31.29']
 rx5                     |*--                 ['28.83', '29.56', '30.05', '30.55', '31.33']
 rx9                     |      --- *---      ['36.20', '38.40', '39.83', '41.24', '43.62']
 rx8                     |        --*-        ['38.66', '39.43', '40.00', '40.53', '41.25']
✅ pass: tiles
 1 rx10   -*-               |                    ['8.67', '9.50', '9.99', '10.48', '11.27']
 1 rx7   -*-               |                    ['8.79', '9.51', '10.03', '10.56', '11.24']
 1 rx6   -*-               |                    ['8.72', '9.50', '10.03', '10.55', '11.18']
 1 rx1   -*-               |                    ['8.65', '9.52', '10.04', '10.53', '11.26']
 1 rx2   -*-               |                    ['8.77', '9.61', '10.12', '10.65', '11.38']
 2 rx3            -*-      |                    ['18.83', '19.53', '20.04', '20.61', '21.36']
 3 rx4                     |*--                 ['28.73', '29.52', '29.98', '30.56', '31.34']
 3 rx5                     |-*-                 ['28.85', '29.51', '30.08', '30.62', '31.40']
 4 rx9                     |      --- *---      ['36.07', '38.24', '39.88', '41.53', '43.57']
 4 rx8                     |        --*-        ['38.69', '39.41', '39.92', '40.47', '41.20']
✅ pass: sk

Number of failed tests:  0
