
sway and xpln for budget 0.5(the["min"])
        CityMPG+    HighwayMPG+    Weight-    Class-    n_evals avg
----  ----------  -------------  ---------  --------  -------------
all        22.37          29.09     3072.9     19.51              0
sway      31.636          36.96    2226.19    9.8065              5
xpln     29.1565        34.8665    2393.64   11.3465              5
top        35.73         40.785    2138.22     9.625             93
              CityMPG+    HighwayMPG+    Weight-    Class-
------------  ----------  -------------  ---------  --------
all to all    =           =              =          =
all to sway   neq         neq            neq        neq
sway to xpln  neq         neq            neq        neq
sway to top   neq         neq            neq        neq

0th iteration mean and sd:
Mean: {'CityMPG+': 33.6, 'HighwayMPG+': 38.6, 'Weight-': 2087.0, 'Class-': 9.08}SD: {'CityMPG+': 9.1, 'HighwayMPG+': 8.02, 'Weight-': 298.38, 'Class-': 1.06}

1th iteration mean and sd:
Mean: {'CityMPG+': 19.33, 'HighwayMPG+': 26.67, 'Weight-': 3362.5, 'Class-': 20.22}SD: {'CityMPG+': 2.07, 'HighwayMPG+': 2.16, 'Weight-': 225.76, 'Class-': 8.8}

2th iteration mean and sd:
Mean: {'CityMPG+': 30.2, 'HighwayMPG+': 35.2, 'Weight-': 2217.0, 'Class-': 9.0}SD: {'CityMPG+': 5.93, 'HighwayMPG+': 5.02, 'Weight-': 214.78, 'Class-': 1.13}

3th iteration mean and sd:
Mean: {'CityMPG+': 34.0, 'HighwayMPG+': 39.4, 'Weight-': 2077.0, 'Class-': 8.7}SD: {'CityMPG+': 8.77, 'HighwayMPG+': 8.02, 'Weight-': 350.72, 'Class-': 0.98}

4th iteration mean and sd:
Mean: {'CityMPG+': 35.0, 'HighwayMPG+': 39.4, 'Weight-': 2050.0, 'Class-': 9.22}SD: {'CityMPG+': 7.91, 'HighwayMPG+': 7.5, 'Weight-': 285.88, 'Class-': 1.11}

5th iteration mean and sd:
Mean: {'CityMPG+': 27.17, 'HighwayMPG+': 34.0, 'Weight-': 2435.0, 'Class-': 10.48}SD: {'CityMPG+': 3.37, 'HighwayMPG+': 4.65, 'Weight-': 156.14, 'Class-': 1.26}

6th iteration mean and sd:
Mean: {'CityMPG+': 33.6, 'HighwayMPG+': 38.6, 'Weight-': 2087.0, 'Class-': 9.08}SD: {'CityMPG+': 9.1, 'HighwayMPG+': 8.02, 'Weight-': 298.38, 'Class-': 1.06}

7th iteration mean and sd:
Mean: {'CityMPG+': 33.5, 'HighwayMPG+': 38.83, 'Weight-': 2102.5, 'Class-': 8.47}SD: {'CityMPG+': 7.74, 'HighwayMPG+': 6.59, 'Weight-': 251.19, 'Class-': 0.37}

8th iteration mean and sd:
Mean: {'CityMPG+': 33.5, 'HighwayMPG+': 38.17, 'Weight-': 2097.5, 'Class-': 8.8}SD: {'CityMPG+': 7.74, 'HighwayMPG+': 7.0, 'Weight-': 246.12, 'Class-': 0.82}

9th iteration mean and sd:
Mean: {'CityMPG+': 33.5, 'HighwayMPG+': 38.17, 'Weight-': 2097.5, 'Class-': 8.8}SD: {'CityMPG+': 7.74, 'HighwayMPG+': 7.0, 'Weight-': 246.12, 'Class-': 0.82}

10th iteration mean and sd:
Mean: {'CityMPG+': 34.83, 'HighwayMPG+': 39.5, 'Weight-': 2028.33, 'Class-': 8.5}SD: {'CityMPG+': 6.46, 'HighwayMPG+': 6.57, 'Weight-': 249.35, 'Class-': 0.63}

11th iteration mean and sd:
Mean: {'CityMPG+': 34.5, 'HighwayMPG+': 39.5, 'Weight-': 2103.33, 'Class-': 9.3}SD: {'CityMPG+': 6.75, 'HighwayMPG+': 6.57, 'Weight-': 250.85, 'Class-': 1.46}

12th iteration mean and sd:
Mean: {'CityMPG+': 30.0, 'HighwayMPG+': 34.83, 'Weight-': 2230.0, 'Class-': 9.22}SD: {'CityMPG+': 5.33, 'HighwayMPG+': 4.58, 'Weight-': 194.73, 'Class-': 1.14}

13th iteration mean and sd:
Mean: {'CityMPG+': 30.83, 'HighwayMPG+': 36.33, 'Weight-': 2236.67, 'Class-': 9.4}SD: {'CityMPG+': 8.38, 'HighwayMPG+': 7.26, 'Weight-': 330.34, 'Class-': 1.67}

14th iteration mean and sd:
Mean: {'CityMPG+': 35.0, 'HighwayMPG+': 40.0, 'Weight-': 2000.0, 'Class-': 8.86}SD: {'CityMPG+': 7.91, 'HighwayMPG+': 6.63, 'Weight-': 198.05, 'Class-': 0.6}

15th iteration mean and sd:
Mean: {'CityMPG+': 30.83, 'HighwayMPG+': 36.33, 'Weight-': 2236.67, 'Class-': 9.4}SD: {'CityMPG+': 8.38, 'HighwayMPG+': 7.26, 'Weight-': 330.34, 'Class-': 1.67}

16th iteration mean and sd:
Mean: {'CityMPG+': 32.83, 'HighwayMPG+': 37.67, 'Weight-': 2130.0, 'Class-': 8.9}SD: {'CityMPG+': 8.35, 'HighwayMPG+': 7.53, 'Weight-': 286.91, 'Class-': 1.04}

17th iteration mean and sd:
Mean: {'CityMPG+': 32.83, 'HighwayMPG+': 37.67, 'Weight-': 2130.0, 'Class-': 8.9}SD: {'CityMPG+': 8.35, 'HighwayMPG+': 7.53, 'Weight-': 286.91, 'Class-': 1.04}

18th iteration mean and sd:
Mean: {'CityMPG+': 34.17, 'HighwayMPG+': 39.33, 'Weight-': 2079.17, 'Class-': 9.47}SD: {'CityMPG+': 7.36, 'HighwayMPG+': 6.15, 'Weight-': 262.65, 'Class-': 1.58}

19th iteration mean and sd:
Mean: {'CityMPG+': 23.5, 'HighwayMPG+': 31.0, 'Weight-': 2736.67, 'Class-': 12.33}SD: {'CityMPG+': 1.38, 'HighwayMPG+': 3.63, 'Weight-': 187.61, 'Class-': 1.17}

These are the 80 best ranks according to zitlers domination predicate for the whole dataset
[27, 3, 39, 43, 0, 1, 3, 1.3, 70, 6000, 3360, 1, 10.6, 4, 161, 93, 63, 34, 27.5, 10, 1965, 0, 8.6]
[11, 3, 42, 46, 1, 1, 4, 1.5, 102, 5900, 2650, 1, 11.9, 4, 173, 103, 67, 36, 28, 12, 2350, 0, 12.1]
[26, 3, 33, 37, 0, 2, 3, 1.2, 73, 5600, 2875, 1, 9.2, 4, 146, 90, 60, 32, 23.5, 10, 2045, 0, 8.4]
[28, 3, 32, 37, 1, 1, 4, 1.5, 82, 5200, 3505, 1, 11.9, 5, 162, 94, 65, 36, 24, 11, 2055, 0, 9.8]
[23, 3, 31, 41, 0, 1, 4, 1.6, 74, 5600, 3130, 1, 13.2, 4, 177, 99, 66, 35, 25.5, 17, 2350, 1, 9]
[9, 3, 31, 33, 0, 1, 4, 1.3, 63, 5000, 3150, 1, 10, 4, 141, 90, 63, 33, 26, 12, 1845, 1, 7.4]
[16, 3, 29, 37, 0, 1, 4, 1.6, 82, 5000, 2370, 1, 13.2, 4, 164, 97, 66, 34, 27, 16, 2325, 0, 8.3]
[25, 3, 28, 38, 1, 1, 4, 1.9, 85, 5000, 2145, 1, 12.8, 5, 176, 102, 68, 40, 26.5, 12, 2495, 1, 11.1]
[7, 3, 29, 33, 0, 1, 4, 1.5, 92, 6000, 3285, 1, 13.2, 5, 174, 98, 66, 32, 26.5, 11, 2270, 1, 9.2]
[12, 3, 29, 33, 0, 1, 4, 1.5, 81, 5500, 2710, 1, 11.9, 5, 168, 94, 63, 35, 26, 11, 2345, 0, 8]
[10, 4, 30, 36, 1, 1, 4, 1.6, 90, 5400, 3250, 1, 12.4, 4, 164, 97, 67, 37, 24.5, 11, 2475, 0, 12.5]
[19, 3, 29, 33, 0, 1, 4, 1.5, 92, 6000, 2505, 1, 13.2, 5, 172, 98, 67, 36, 26, 11, 2295, 0, 10.3]
[16, 3, 28, 36, 0, 1, 4, 1.8, 103, 5500, 2220, 1, 14.5, 5, 172, 98, 66, 36, 26.5, 13, 2440, 0, 11.6]
[8, 3, 29, 33, 0, 1, 4, 1.5, 92, 6000, 2505, 1, 13.2, 5, 174, 98, 66, 36, 26.5, 11, 2295, 1, 12.2]
[12, 4, 26, 34, 0, 1, 4, 1.5, 92, 5550, 2540, 1, 11.9, 4, 166, 94, 64, 34, 23.5, 9, 2285, 0, 10]
[29, 3, 25, 33, 0, 1, 4, 1.8, 81, 5500, 2550, 1, 12.4, 4, 163, 93, 63, 34, 26, 10, 2240, 0, 9.1]
[20, 3, 29, 33, 1, 1, 4, 1.6, 110, 6000, 2435, 1, 13.2, 5, 170, 96, 66, 33, 26, 12, 2545, 0, 11.8]
[5, 0, 25, 36, 0, 1, 4, 2.2, 110, 5200, 2380, 1, 15.2, 5, 182, 101, 66, 38, 25, 13, 2490, 1, 13.4]
[5, 0, 25, 34, 1, 1, 4, 2.2, 110, 5200, 2665, 1, 15.6, 5, 184, 103, 68, 39, 26, 14, 2785, 1, 11.4]
[26, 3, 25, 30, 0, 2, 4, 1.8, 90, 5200, 3375, 1, 15.9, 5, 175, 97, 65, 35, 27.5, 15, 2490, 0, 10.9]
[9, 3, 23, 30, 0, 1, 4, 1.8, 127, 6500, 2410, 1, 13.2, 5, 171, 98, 67, 36, 28, 12, 2530, 1, 10.1]
[23, 0, 23, 31, 0, 1, 4, 2, 110, 5200, 2665, 1, 15.2, 5, 181, 101, 66, 39, 25, 13, 2575, 1, 11.1]
[16, 0, 26, 34, 1, 1, 4, 2.5, 164, 5600, 2505, 1, 15.5, 5, 184, 103, 69, 40, 29.5, 14, 2970, 0, 16.5]
[0, 3, 25, 31, 0, 1, 4, 1.8, 140, 6300, 2890, 1, 13.2, 5, 177, 102, 68, 37, 26.5, 11, 2705, 0, 15.9]
[12, 3, 22, 29, 0, 1, 4, 1.8, 124, 6000, 2745, 1, 13.7, 5, 172, 98, 66, 36, 28, 12, 2620, 0, 10]
[7, 3, 23, 29, 1, 1, 4, 2.2, 93, 4800, 2595, 1, 14, 5, 172, 97, 67, 38, 26.5, 13, 2670, 1, 11.3]
[9, 4, 24, 30, 1, 1, 4, 2, 115, 5500, 2340, 1, 15.5, 4, 179, 103, 70, 38, 23, 18, 2710, 1, 14]
[22, 4, 23, 30, 0, 2, 4, 1.8, 92, 5000, 2360, 1, 15.9, 4, 173, 97, 67, 39, 24.5, 8, 2640, 1, 14.4]
[21, 0, 24, 31, 0, 1, 4, 2.3, 155, 6000, 2380, 0, 15.2, 5, 188, 103, 67, 39, 28, 14, 2910, 1, 13.5]
[18, 4, 23, 26, 1, 1, 4, 1.6, 100, 5750, 2475, 1, 11.1, 4, 166, 95, 65, 36, 19, 6, 2450, 1, 14.1]
[28, 4, 25, 32, 1, 1, 4, 2.2, 135, 5400, 2405, 1, 15.9, 4, 174, 99, 69, 39, 23, 13, 2950, 0, 18.4]
[9, 0, 22, 27, 0, 1, 4, 2.3, 96, 4200, 2805, 1, 15.9, 5, 177, 100, 68, 39, 27.5, 13, 2690, 1, 11.3]
[21, 2, 23, 31, 1, 1, 4, 2.2, 110, 5200, 2565, 0, 16.5, 5, 190, 105, 70, 42, 28, 16, 2890, 1, 16.3]
[3, 2, 22, 31, 1, 1, 4, 2.2, 110, 5200, 2565, 0, 16.4, 6, 189, 105, 69, 41, 28, 16, 2880, 1, 15.7]
[11, 4, 24, 31, 2, 1, 4, 2.3, 160, 5800, 2855, 1, 15.9, 4, 175, 100, 70, 39, 23.5, 8, 2865, 0, 19.8]
[11, 0, 24, 31, 2, 1, 4, 2.2, 140, 5600, 2610, 1, 17, 4, 185, 107, 67, 41, 28, 14, 3040, 0, 17.5]
[20, 0, 24, 30, 1, 1, 4, 2.4, 150, 5600, 2130, 1, 15.9, 5, 181, 103, 67, 40, 28.5, 14, 3050, 0, 15.7]
[9, 4, 22, 29, 1, 0, 4, 2.3, 105, 4600, 2285, 1, 15.4, 4, 180, 101, 68, 40, 24, 12, 2850, 1, 15.9]
[7, 0, 22, 27, 1, 1, 4, 2.5, 100, 4800, 2535, 1, 16, 6, 181, 104, 68, 39, 30.5, 14, 2970, 1, 13.3]
[6, 0, 23, 28, 2, 1, 4, 3, 141, 5000, 2090, 0, 16, 6, 183, 104, 68, 41, 30.5, 14, 3085, 1, 15.8]
[26, 0, 23, 30, 1, 2, 4, 2.2, 130, 5600, 2330, 1, 15.9, 5, 179, 102, 67, 37, 27, 14, 3085, 0, 19.5]
[12, 2, 20, 27, 0, 1, 4, 2, 128, 6000, 2335, 1, 17.2, 5, 184, 104, 69, 41, 31, 14, 2885, 0, 13.9]
[28, 2, 22, 29, 1, 1, 4, 2.2, 130, 5400, 2340, 1, 18.5, 5, 188, 103, 70, 38, 28.5, 15, 3030, 0, 18.2]
[29, 0, 21, 30, 0, 1, 4, 2, 134, 5800, 2685, 1, 18.5, 5, 180, 103, 67, 35, 31.5, 14, 2985, 0, 20]
[5, 2, 21, 29, 0, 1, 4, 2.2, 110, 5200, 2595, 0, 16.5, 6, 198, 108, 71, 40, 28.5, 16, 3195, 1, 15.9]
[7, 2, 21, 27, 1, 1, 4, 2.5, 100, 4800, 2465, 0, 16, 6, 192, 105, 69, 42, 30.5, 16, 3080, 1, 15.6]
[30, 0, 21, 28, 1, 0, 4, 2.3, 114, 5400, 2215, 1, 15.8, 5, 190, 104, 67, 37, 29.5, 14, 2985, 0, 22.7]
[9, 2, 21, 30, 1, 1, 6, 3, 140, 4800, 1885, 0, 16, 5, 192, 106, 71, 40, 27.5, 18, 3325, 1, 20.2]
[5, 4, 19, 28, 2, 0, 6, 3.4, 160, 4600, 1805, 1, 15.5, 4, 193, 101, 74, 43, 25, 13, 3240, 1, 15.1]
[23, 4, 19, 28, 2, 0, 6, 3.4, 160, 4600, 1805, 1, 15.5, 4, 196, 101, 75, 43, 25, 13, 3240, 1, 17.7]
[24, 0, 20, 26, 1, 1, 4, 2.1, 140, 6000, 2910, 1, 18, 5, 184, 99, 67, 37, 26.5, 14, 2775, 0, 28.7]
[20, 2, 21, 26, 1, 1, 6, 3, 160, 5200, 2045, 0, 18.5, 5, 188, 104, 69, 41, 28.5, 14, 3200, 0, 21.5]
[29, 4, 18, 25, 0, 1, 6, 2.8, 178, 5800, 2385, 1, 18.5, 4, 159, 97, 66, 36, 26, 15, 2810, 0, 23.3]
[17, 0, 20, 29, 1, 0, 4, 2.3, 130, 5100, 2425, 1, 14.5, 5, 175, 105, 67, 34, 26, 12, 2920, 0, 31.9]
[6, 1, 20, 28, 2, 1, 6, 3.3, 153, 5300, 1990, 0, 18, 6, 203, 113, 74, 40, 31, 15, 3515, 1, 18.4]
[8, 1, 20, 28, 2, 1, 6, 3.5, 214, 5800, 1980, 0, 18, 6, 202, 113, 74, 40, 30, 15, 3490, 1, 19.3]
[30, 2, 20, 28, 2, 1, 5, 2.4, 168, 6200, 2310, 1, 19.3, 5, 184, 105, 69, 38, 30, 15, 3245, 0, 26.7]
[23, 2, 19, 27, 0, 1, 6, 3.4, 200, 5000, 1890, 1, 16.5, 5, 195, 108, 72, 41, 28.5, 16, 3450, 1, 18.5]
[21, 1, 19, 28, 1, 1, 6, 3.8, 170, 4800, 1570, 0, 18, 6, 201, 111, 74, 42, 31.5, 17, 3470, 1, 20.7]
[3, 1, 19, 28, 1, 1, 6, 3.8, 170, 4800, 1570, 0, 18, 6, 200, 111, 74, 42, 30.5, 17, 3470, 1, 20.8]
[18, 2, 19, 26, 0, 0, 6, 3.8, 140, 3800, 1730, 0, 18, 5, 199, 113, 73, 38, 28, 15, 3610, 1, 14.9]
[2, 2, 22, 30, 1, 0, 4, 3.5, 208, 5700, 2545, 1, 21.1, 4, 186, 109, 69, 39, 27, 13, 3640, 0, 30]
[23, 1, 19, 28, 2, 1, 6, 3.8, 170, 4800, 1565, 0, 18, 6, 177, 111, 74, 43, 30.5, 18, 3495, 1, 24.4]
[16, 4, 17, 25, 1, 0, 4.967391304347826, 1.3, 255, 6500, 2325, 1, 20, 2, 169, 96, 69, 37, 27.82967032967033, 13.890243902439025, 2895, 0, 32.5]
[3, 2, 19, 27, 1, 1, 6, 3.8, 170, 4800, 1690, 0, 18.8, 5, 198, 108, 73, 41, 26.5, 14, 3495, 1, 26.3]
[1, 0, 20, 26, 1, 1, 6, 2.8, 172, 5500, 2280, 1, 16.9, 5, 180, 102, 67, 37, 28, 14, 3375, 0, 29.1]
[5, 5, 18, 23, 0, 1, 6, 3.8, 170, 4800, 1690, 0, 20, 7, 178, 110, 74, 44, 30.5, 13.890243902439025, 3715, 1, 16.3]
[6, 1, 20, 26, 1, 1, 6, 3.3, 147, 4800, 1785, 0, 16, 6, 203, 110, 69, 44, 36, 17, 3570, 1, 29.5]
[16, 5, 18, 24, 0, 2, 6, 3, 155, 5000, 2240, 0, 19.6, 7, 190, 110, 72, 39, 27.5, 13.890243902439025, 3735, 0, 19.1]
[21, 5, 18, 23, 0, 1, 6, 3.8, 170, 4800, 1690, 0, 20, 7, 194, 110, 74, 44, 30.5, 13.890243902439025, 3715, 1, 19.5]
[5, 1, 17, 26, 1, 0, 8, 5, 170, 4200, 1350, 0, 23, 6, 214, 116, 77, 42, 29.5, 20, 3910, 1, 18.8]
[9, 1, 18, 26, 1, 0, 8, 4.6, 190, 4200, 1415, 0, 20, 6, 212, 114, 78, 43, 30, 21, 3950, 1, 20.9]
[14, 2, 18, 24, 1, 1, 6, 3, 185, 5200, 2325, 1, 18.5, 5, 188, 103, 70, 40, 27.5, 14, 3510, 0, 28]
[1, 2, 19, 26, 2, 1, 6, 2.8, 172, 5500, 2535, 1, 21.1, 6, 193, 106, 70, 37, 31, 17, 3405, 0, 37.7]
[7, 5, 17, 21, 1, 2, 6, 3, 142, 5000, 1970, 0, 20, 7, 175, 112, 72, 42, 26.5, 13.890243902439025, 3705, 1, 19]
[19, 2, 18, 24, 1, 1, 6, 3, 202, 6000, 2210, 0, 19, 5, 190, 107, 70, 43, 27.5, 14, 3730, 0, 26.1]
[7, 4, 18, 24, 1, 2, 6, 3, 300, 6000, 2120, 1, 19.8, 4, 180, 97, 72, 40, 20, 11, 3805, 1, 25.8]
[28, 5, 18, 22, 1, 2, 4, 2.4, 138, 5000, 2515, 1, 19.8, 7, 187, 113, 71, 41, 35, 13.890243902439025, 3785, 0, 22.7]
[0, 2, 18, 25, 2, 1, 6, 3.2, 200, 5500, 2335, 1, 18, 5, 195, 115, 71, 38, 30, 15, 3560, 0, 33.9]

This is the average of the best gotten from sway: {'CityMPG+': 31.635999999999996, 'HighwayMPG+': 36.96, 'Weight-': 2226.192, 'Class-': 9.806500000000002}
The rank with respect to the top 80 is here:(worst than how many from the top): 6
--------------------------------------------------------------------------------------------------------------------------------------------------------------------------------------------------------

sway2 and xpln for budget 0.5(the["min"])
        CityMPG+    HighwayMPG+    Weight-    Class-    n_evals avg
----  ----------  -------------  ---------  --------  -------------
all        22.37          29.09     3072.9     19.51              0
sway      30.391        35.7815    2298.82   11.3645              5
xpln      27.911         33.821     2491.2   13.0325              5
top        35.51         40.795    2148.07     9.595             93
              CityMPG+    HighwayMPG+    Weight-    Class-
------------  ----------  -------------  ---------  --------
all to all    =           =              =          =
all to sway   neq         neq            neq        neq
sway to xpln  neq         neq            neq        neq
sway to top   neq         neq            neq        neq

0th iteration mean and sd:
Mean: {'CityMPG+': 24.17, 'HighwayMPG+': 31.0, 'Weight-': 2953.33, 'Class-': 17.17}SD: {'CityMPG+': 0.98, 'HighwayMPG+': 1.55, 'Weight-': 142.47, 'Class-': 2.24}

1th iteration mean and sd:
Mean: {'CityMPG+': 34.17, 'HighwayMPG+': 38.83, 'Weight-': 2078.33, 'Class-': 8.43}SD: {'CityMPG+': 6.88, 'HighwayMPG+': 7.05, 'Weight-': 281.38, 'Class-': 0.66}

2th iteration mean and sd:
Mean: {'CityMPG+': 34.17, 'HighwayMPG+': 38.83, 'Weight-': 2078.33, 'Class-': 8.43}SD: {'CityMPG+': 6.88, 'HighwayMPG+': 7.05, 'Weight-': 281.38, 'Class-': 0.66}

3th iteration mean and sd:
Mean: {'CityMPG+': 26.4, 'HighwayMPG+': 32.0, 'Weight-': 2302.0, 'Class-': 10.5}SD: {'CityMPG+': 3.85, 'HighwayMPG+': 4.18, 'Weight-': 178.49, 'Class-': 2.22}

4th iteration mean and sd:
Mean: {'CityMPG+': 34.17, 'HighwayMPG+': 38.83, 'Weight-': 2078.33, 'Class-': 8.43}SD: {'CityMPG+': 6.88, 'HighwayMPG+': 7.05, 'Weight-': 281.38, 'Class-': 0.66}

5th iteration mean and sd:
Mean: {'CityMPG+': 26.83, 'HighwayMPG+': 33.67, 'Weight-': 2535.0, 'Class-': 12.38}SD: {'CityMPG+': 4.75, 'HighwayMPG+': 4.46, 'Weight-': 361.84, 'Class-': 3.47}

6th iteration mean and sd:
Mean: {'CityMPG+': 24.83, 'HighwayMPG+': 30.83, 'Weight-': 2650.83, 'Class-': 19.75}SD: {'CityMPG+': 9.45, 'HighwayMPG+': 8.08, 'Weight-': 208.17, 'Class-': 9.7}

7th iteration mean and sd:
Mean: {'CityMPG+': 34.17, 'HighwayMPG+': 38.83, 'Weight-': 2078.33, 'Class-': 8.43}SD: {'CityMPG+': 6.88, 'HighwayMPG+': 7.05, 'Weight-': 281.38, 'Class-': 0.66}

8th iteration mean and sd:
Mean: {'CityMPG+': 24.83, 'HighwayMPG+': 30.83, 'Weight-': 2650.83, 'Class-': 19.75}SD: {'CityMPG+': 9.45, 'HighwayMPG+': 8.08, 'Weight-': 208.17, 'Class-': 9.7}

9th iteration mean and sd:
Mean: {'CityMPG+': 34.17, 'HighwayMPG+': 38.83, 'Weight-': 2078.33, 'Class-': 8.43}SD: {'CityMPG+': 6.88, 'HighwayMPG+': 7.05, 'Weight-': 281.38, 'Class-': 0.66}

10th iteration mean and sd:
Mean: {'CityMPG+': 34.17, 'HighwayMPG+': 38.83, 'Weight-': 2078.33, 'Class-': 8.43}SD: {'CityMPG+': 6.88, 'HighwayMPG+': 7.05, 'Weight-': 281.38, 'Class-': 0.66}

11th iteration mean and sd:
Mean: {'CityMPG+': 34.17, 'HighwayMPG+': 38.83, 'Weight-': 2078.33, 'Class-': 8.43}SD: {'CityMPG+': 6.88, 'HighwayMPG+': 7.05, 'Weight-': 281.38, 'Class-': 0.66}

12th iteration mean and sd:
Mean: {'CityMPG+': 34.17, 'HighwayMPG+': 38.83, 'Weight-': 2078.33, 'Class-': 8.43}SD: {'CityMPG+': 6.88, 'HighwayMPG+': 7.05, 'Weight-': 281.38, 'Class-': 0.66}

13th iteration mean and sd:
Mean: {'CityMPG+': 34.17, 'HighwayMPG+': 38.83, 'Weight-': 2078.33, 'Class-': 8.43}SD: {'CityMPG+': 6.88, 'HighwayMPG+': 7.05, 'Weight-': 281.38, 'Class-': 0.66}

14th iteration mean and sd:
Mean: {'CityMPG+': 34.17, 'HighwayMPG+': 38.83, 'Weight-': 2078.33, 'Class-': 8.43}SD: {'CityMPG+': 6.88, 'HighwayMPG+': 7.05, 'Weight-': 281.38, 'Class-': 0.66}

15th iteration mean and sd:
Mean: {'CityMPG+': 24.83, 'HighwayMPG+': 30.83, 'Weight-': 2650.83, 'Class-': 19.75}SD: {'CityMPG+': 9.45, 'HighwayMPG+': 8.08, 'Weight-': 208.17, 'Class-': 9.7}

16th iteration mean and sd:
Mean: {'CityMPG+': 26.83, 'HighwayMPG+': 33.67, 'Weight-': 2535.0, 'Class-': 12.38}SD: {'CityMPG+': 4.75, 'HighwayMPG+': 4.46, 'Weight-': 361.84, 'Class-': 3.47}

17th iteration mean and sd:
Mean: {'CityMPG+': 26.4, 'HighwayMPG+': 32.0, 'Weight-': 2302.0, 'Class-': 10.5}SD: {'CityMPG+': 3.85, 'HighwayMPG+': 4.18, 'Weight-': 178.49, 'Class-': 2.22}

18th iteration mean and sd:
Mean: {'CityMPG+': 26.83, 'HighwayMPG+': 33.67, 'Weight-': 2535.0, 'Class-': 12.38}SD: {'CityMPG+': 4.75, 'HighwayMPG+': 4.46, 'Weight-': 361.84, 'Class-': 3.47}

19th iteration mean and sd:
Mean: {'CityMPG+': 34.17, 'HighwayMPG+': 38.83, 'Weight-': 2078.33, 'Class-': 8.43}SD: {'CityMPG+': 6.88, 'HighwayMPG+': 7.05, 'Weight-': 281.38, 'Class-': 0.66}

These are the 80 best ranks according to zitlers domination predicate for the whole dataset
[27, 3, 39, 43, 0, 1, 3, 1.3, 70, 6000, 3360, 1, 10.6, 4, 161, 93, 63, 34, 27.5, 10, 1965, 0, 8.6]
[11, 3, 42, 46, 1, 1, 4, 1.5, 102, 5900, 2650, 1, 11.9, 4, 173, 103, 67, 36, 28, 12, 2350, 0, 12.1]
[26, 3, 33, 37, 0, 2, 3, 1.2, 73, 5600, 2875, 1, 9.2, 4, 146, 90, 60, 32, 23.5, 10, 2045, 0, 8.4]
[28, 3, 32, 37, 1, 1, 4, 1.5, 82, 5200, 3505, 1, 11.9, 5, 162, 94, 65, 36, 24, 11, 2055, 0, 9.8]
[23, 3, 31, 41, 0, 1, 4, 1.6, 74, 5600, 3130, 1, 13.2, 4, 177, 99, 66, 35, 25.5, 17, 2350, 1, 9]
[9, 3, 31, 33, 0, 1, 4, 1.3, 63, 5000, 3150, 1, 10, 4, 141, 90, 63, 33, 26, 12, 1845, 1, 7.4]
[16, 3, 29, 37, 0, 1, 4, 1.6, 82, 5000, 2370, 1, 13.2, 4, 164, 97, 66, 34, 27, 16, 2325, 0, 8.3]
[25, 3, 28, 38, 1, 1, 4, 1.9, 85, 5000, 2145, 1, 12.8, 5, 176, 102, 68, 40, 26.5, 12, 2495, 1, 11.1]
[7, 3, 29, 33, 0, 1, 4, 1.5, 92, 6000, 3285, 1, 13.2, 5, 174, 98, 66, 32, 26.5, 11, 2270, 1, 9.2]
[12, 3, 29, 33, 0, 1, 4, 1.5, 81, 5500, 2710, 1, 11.9, 5, 168, 94, 63, 35, 26, 11, 2345, 0, 8]
[10, 4, 30, 36, 1, 1, 4, 1.6, 90, 5400, 3250, 1, 12.4, 4, 164, 97, 67, 37, 24.5, 11, 2475, 0, 12.5]
[19, 3, 29, 33, 0, 1, 4, 1.5, 92, 6000, 2505, 1, 13.2, 5, 172, 98, 67, 36, 26, 11, 2295, 0, 10.3]
[16, 3, 28, 36, 0, 1, 4, 1.8, 103, 5500, 2220, 1, 14.5, 5, 172, 98, 66, 36, 26.5, 13, 2440, 0, 11.6]
[8, 3, 29, 33, 0, 1, 4, 1.5, 92, 6000, 2505, 1, 13.2, 5, 174, 98, 66, 36, 26.5, 11, 2295, 1, 12.2]
[12, 4, 26, 34, 0, 1, 4, 1.5, 92, 5550, 2540, 1, 11.9, 4, 166, 94, 64, 34, 23.5, 9, 2285, 0, 10]
[29, 3, 25, 33, 0, 1, 4, 1.8, 81, 5500, 2550, 1, 12.4, 4, 163, 93, 63, 34, 26, 10, 2240, 0, 9.1]
[20, 3, 29, 33, 1, 1, 4, 1.6, 110, 6000, 2435, 1, 13.2, 5, 170, 96, 66, 33, 26, 12, 2545, 0, 11.8]
[5, 0, 25, 36, 0, 1, 4, 2.2, 110, 5200, 2380, 1, 15.2, 5, 182, 101, 66, 38, 25, 13, 2490, 1, 13.4]
[5, 0, 25, 34, 1, 1, 4, 2.2, 110, 5200, 2665, 1, 15.6, 5, 184, 103, 68, 39, 26, 14, 2785, 1, 11.4]
[26, 3, 25, 30, 0, 2, 4, 1.8, 90, 5200, 3375, 1, 15.9, 5, 175, 97, 65, 35, 27.5, 15, 2490, 0, 10.9]
[9, 3, 23, 30, 0, 1, 4, 1.8, 127, 6500, 2410, 1, 13.2, 5, 171, 98, 67, 36, 28, 12, 2530, 1, 10.1]
[23, 0, 23, 31, 0, 1, 4, 2, 110, 5200, 2665, 1, 15.2, 5, 181, 101, 66, 39, 25, 13, 2575, 1, 11.1]
[16, 0, 26, 34, 1, 1, 4, 2.5, 164, 5600, 2505, 1, 15.5, 5, 184, 103, 69, 40, 29.5, 14, 2970, 0, 16.5]
[0, 3, 25, 31, 0, 1, 4, 1.8, 140, 6300, 2890, 1, 13.2, 5, 177, 102, 68, 37, 26.5, 11, 2705, 0, 15.9]
[12, 3, 22, 29, 0, 1, 4, 1.8, 124, 6000, 2745, 1, 13.7, 5, 172, 98, 66, 36, 28, 12, 2620, 0, 10]
[7, 3, 23, 29, 1, 1, 4, 2.2, 93, 4800, 2595, 1, 14, 5, 172, 97, 67, 38, 26.5, 13, 2670, 1, 11.3]
[9, 4, 24, 30, 1, 1, 4, 2, 115, 5500, 2340, 1, 15.5, 4, 179, 103, 70, 38, 23, 18, 2710, 1, 14]
[22, 4, 23, 30, 0, 2, 4, 1.8, 92, 5000, 2360, 1, 15.9, 4, 173, 97, 67, 39, 24.5, 8, 2640, 1, 14.4]
[21, 0, 24, 31, 0, 1, 4, 2.3, 155, 6000, 2380, 0, 15.2, 5, 188, 103, 67, 39, 28, 14, 2910, 1, 13.5]
[18, 4, 23, 26, 1, 1, 4, 1.6, 100, 5750, 2475, 1, 11.1, 4, 166, 95, 65, 36, 19, 6, 2450, 1, 14.1]
[28, 4, 25, 32, 1, 1, 4, 2.2, 135, 5400, 2405, 1, 15.9, 4, 174, 99, 69, 39, 23, 13, 2950, 0, 18.4]
[9, 0, 22, 27, 0, 1, 4, 2.3, 96, 4200, 2805, 1, 15.9, 5, 177, 100, 68, 39, 27.5, 13, 2690, 1, 11.3]
[21, 2, 23, 31, 1, 1, 4, 2.2, 110, 5200, 2565, 0, 16.5, 5, 190, 105, 70, 42, 28, 16, 2890, 1, 16.3]
[3, 2, 22, 31, 1, 1, 4, 2.2, 110, 5200, 2565, 0, 16.4, 6, 189, 105, 69, 41, 28, 16, 2880, 1, 15.7]
[11, 4, 24, 31, 2, 1, 4, 2.3, 160, 5800, 2855, 1, 15.9, 4, 175, 100, 70, 39, 23.5, 8, 2865, 0, 19.8]
[11, 0, 24, 31, 2, 1, 4, 2.2, 140, 5600, 2610, 1, 17, 4, 185, 107, 67, 41, 28, 14, 3040, 0, 17.5]
[20, 0, 24, 30, 1, 1, 4, 2.4, 150, 5600, 2130, 1, 15.9, 5, 181, 103, 67, 40, 28.5, 14, 3050, 0, 15.7]
[9, 4, 22, 29, 1, 0, 4, 2.3, 105, 4600, 2285, 1, 15.4, 4, 180, 101, 68, 40, 24, 12, 2850, 1, 15.9]
[7, 0, 22, 27, 1, 1, 4, 2.5, 100, 4800, 2535, 1, 16, 6, 181, 104, 68, 39, 30.5, 14, 2970, 1, 13.3]
[6, 0, 23, 28, 2, 1, 4, 3, 141, 5000, 2090, 0, 16, 6, 183, 104, 68, 41, 30.5, 14, 3085, 1, 15.8]
[26, 0, 23, 30, 1, 2, 4, 2.2, 130, 5600, 2330, 1, 15.9, 5, 179, 102, 67, 37, 27, 14, 3085, 0, 19.5]
[12, 2, 20, 27, 0, 1, 4, 2, 128, 6000, 2335, 1, 17.2, 5, 184, 104, 69, 41, 31, 14, 2885, 0, 13.9]
[28, 2, 22, 29, 1, 1, 4, 2.2, 130, 5400, 2340, 1, 18.5, 5, 188, 103, 70, 38, 28.5, 15, 3030, 0, 18.2]
[29, 0, 21, 30, 0, 1, 4, 2, 134, 5800, 2685, 1, 18.5, 5, 180, 103, 67, 35, 31.5, 14, 2985, 0, 20]
[5, 2, 21, 29, 0, 1, 4, 2.2, 110, 5200, 2595, 0, 16.5, 6, 198, 108, 71, 40, 28.5, 16, 3195, 1, 15.9]
[7, 2, 21, 27, 1, 1, 4, 2.5, 100, 4800, 2465, 0, 16, 6, 192, 105, 69, 42, 30.5, 16, 3080, 1, 15.6]
[30, 0, 21, 28, 1, 0, 4, 2.3, 114, 5400, 2215, 1, 15.8, 5, 190, 104, 67, 37, 29.5, 14, 2985, 0, 22.7]
[9, 2, 21, 30, 1, 1, 6, 3, 140, 4800, 1885, 0, 16, 5, 192, 106, 71, 40, 27.5, 18, 3325, 1, 20.2]
[5, 4, 19, 28, 2, 0, 6, 3.4, 160, 4600, 1805, 1, 15.5, 4, 193, 101, 74, 43, 25, 13, 3240, 1, 15.1]
[23, 4, 19, 28, 2, 0, 6, 3.4, 160, 4600, 1805, 1, 15.5, 4, 196, 101, 75, 43, 25, 13, 3240, 1, 17.7]
[24, 0, 20, 26, 1, 1, 4, 2.1, 140, 6000, 2910, 1, 18, 5, 184, 99, 67, 37, 26.5, 14, 2775, 0, 28.7]
[20, 2, 21, 26, 1, 1, 6, 3, 160, 5200, 2045, 0, 18.5, 5, 188, 104, 69, 41, 28.5, 14, 3200, 0, 21.5]
[29, 4, 18, 25, 0, 1, 6, 2.8, 178, 5800, 2385, 1, 18.5, 4, 159, 97, 66, 36, 26, 15, 2810, 0, 23.3]
[17, 0, 20, 29, 1, 0, 4, 2.3, 130, 5100, 2425, 1, 14.5, 5, 175, 105, 67, 34, 26, 12, 2920, 0, 31.9]
[6, 1, 20, 28, 2, 1, 6, 3.3, 153, 5300, 1990, 0, 18, 6, 203, 113, 74, 40, 31, 15, 3515, 1, 18.4]
[8, 1, 20, 28, 2, 1, 6, 3.5, 214, 5800, 1980, 0, 18, 6, 202, 113, 74, 40, 30, 15, 3490, 1, 19.3]
[30, 2, 20, 28, 2, 1, 5, 2.4, 168, 6200, 2310, 1, 19.3, 5, 184, 105, 69, 38, 30, 15, 3245, 0, 26.7]
[23, 2, 19, 27, 0, 1, 6, 3.4, 200, 5000, 1890, 1, 16.5, 5, 195, 108, 72, 41, 28.5, 16, 3450, 1, 18.5]
[21, 1, 19, 28, 1, 1, 6, 3.8, 170, 4800, 1570, 0, 18, 6, 201, 111, 74, 42, 31.5, 17, 3470, 1, 20.7]
[3, 1, 19, 28, 1, 1, 6, 3.8, 170, 4800, 1570, 0, 18, 6, 200, 111, 74, 42, 30.5, 17, 3470, 1, 20.8]
[18, 2, 19, 26, 0, 0, 6, 3.8, 140, 3800, 1730, 0, 18, 5, 199, 113, 73, 38, 28, 15, 3610, 1, 14.9]
[2, 2, 22, 30, 1, 0, 4, 3.5, 208, 5700, 2545, 1, 21.1, 4, 186, 109, 69, 39, 27, 13, 3640, 0, 30]
[23, 1, 19, 28, 2, 1, 6, 3.8, 170, 4800, 1565, 0, 18, 6, 177, 111, 74, 43, 30.5, 18, 3495, 1, 24.4]
[16, 4, 17, 25, 1, 0, 4.967391304347826, 1.3, 255, 6500, 2325, 1, 20, 2, 169, 96, 69, 37, 27.82967032967033, 13.890243902439025, 2895, 0, 32.5]
[3, 2, 19, 27, 1, 1, 6, 3.8, 170, 4800, 1690, 0, 18.8, 5, 198, 108, 73, 41, 26.5, 14, 3495, 1, 26.3]
[1, 0, 20, 26, 1, 1, 6, 2.8, 172, 5500, 2280, 1, 16.9, 5, 180, 102, 67, 37, 28, 14, 3375, 0, 29.1]
[5, 5, 18, 23, 0, 1, 6, 3.8, 170, 4800, 1690, 0, 20, 7, 178, 110, 74, 44, 30.5, 13.890243902439025, 3715, 1, 16.3]
[6, 1, 20, 26, 1, 1, 6, 3.3, 147, 4800, 1785, 0, 16, 6, 203, 110, 69, 44, 36, 17, 3570, 1, 29.5]
[16, 5, 18, 24, 0, 2, 6, 3, 155, 5000, 2240, 0, 19.6, 7, 190, 110, 72, 39, 27.5, 13.890243902439025, 3735, 0, 19.1]
[21, 5, 18, 23, 0, 1, 6, 3.8, 170, 4800, 1690, 0, 20, 7, 194, 110, 74, 44, 30.5, 13.890243902439025, 3715, 1, 19.5]
[5, 1, 17, 26, 1, 0, 8, 5, 170, 4200, 1350, 0, 23, 6, 214, 116, 77, 42, 29.5, 20, 3910, 1, 18.8]
[9, 1, 18, 26, 1, 0, 8, 4.6, 190, 4200, 1415, 0, 20, 6, 212, 114, 78, 43, 30, 21, 3950, 1, 20.9]
[14, 2, 18, 24, 1, 1, 6, 3, 185, 5200, 2325, 1, 18.5, 5, 188, 103, 70, 40, 27.5, 14, 3510, 0, 28]
[1, 2, 19, 26, 2, 1, 6, 2.8, 172, 5500, 2535, 1, 21.1, 6, 193, 106, 70, 37, 31, 17, 3405, 0, 37.7]
[7, 5, 17, 21, 1, 2, 6, 3, 142, 5000, 1970, 0, 20, 7, 175, 112, 72, 42, 26.5, 13.890243902439025, 3705, 1, 19]
[19, 2, 18, 24, 1, 1, 6, 3, 202, 6000, 2210, 0, 19, 5, 190, 107, 70, 43, 27.5, 14, 3730, 0, 26.1]
[7, 4, 18, 24, 1, 2, 6, 3, 300, 6000, 2120, 1, 19.8, 4, 180, 97, 72, 40, 20, 11, 3805, 1, 25.8]
[28, 5, 18, 22, 1, 2, 4, 2.4, 138, 5000, 2515, 1, 19.8, 7, 187, 113, 71, 41, 35, 13.890243902439025, 3785, 0, 22.7]
[0, 2, 18, 25, 2, 1, 6, 3.2, 200, 5500, 2335, 1, 18, 5, 195, 115, 71, 38, 30, 15, 3560, 0, 33.9]

This is the average of the best gotten from sway: {'CityMPG+': 30.391000000000002, 'HighwayMPG+': 35.781499999999994, 'Weight-': 2298.822500000001, 'Class-': 11.364500000000003}
The rank with respect to the top 80 is here:(worst than how many from the top): 7
--------------------------------------------------------------------------------------------------------------------------------------------------------------------------------------------------------
