
sway and xpln for budget 0.5(the["min"])
        N_effort-    n_evals avg
----  -----------  -------------
all       4277.64              0
sway      1166.48              6
xpln      1991.06              6
top       153.048            499
              N_effort-
------------  -----------
all to all    =
all to sway   neq
sway to xpln  neq
sway to top   neq

0th iteration mean and sd:
Mean: {'N_effort-': 496.93}SD: {'N_effort-': 192.44}

1th iteration mean and sd:
Mean: {'N_effort-': 466.31}SD: {'N_effort-': 230.48}

2th iteration mean and sd:
Mean: {'N_effort-': 633.53}SD: {'N_effort-': 278.8}

3th iteration mean and sd:
Mean: {'N_effort-': 900.73}SD: {'N_effort-': 689.31}

4th iteration mean and sd:
Mean: {'N_effort-': 407.8}SD: {'N_effort-': 247.01}

5th iteration mean and sd:
Mean: {'N_effort-': 417.81}SD: {'N_effort-': 372.2}

6th iteration mean and sd:
Mean: {'N_effort-': 273.8}SD: {'N_effort-': 175.1}

7th iteration mean and sd:
Mean: {'N_effort-': 661.6}SD: {'N_effort-': 302.75}

8th iteration mean and sd:
Mean: {'N_effort-': 228.47}SD: {'N_effort-': 123.82}

9th iteration mean and sd:
Mean: {'N_effort-': 1136.31}SD: {'N_effort-': 1345.86}

10th iteration mean and sd:
Mean: {'N_effort-': 6326.4}SD: {'N_effort-': 5389.17}

11th iteration mean and sd:
Mean: {'N_effort-': 397.25}SD: {'N_effort-': 309.55}

12th iteration mean and sd:
Mean: {'N_effort-': 519.81}SD: {'N_effort-': 385.48}

13th iteration mean and sd:
Mean: {'N_effort-': 181.53}SD: {'N_effort-': 86.31}

14th iteration mean and sd:
Mean: {'N_effort-': 707.87}SD: {'N_effort-': 664.64}

15th iteration mean and sd:
Mean: {'N_effort-': 448.73}SD: {'N_effort-': 313.4}

16th iteration mean and sd:
Mean: {'N_effort-': 828.37}SD: {'N_effort-': 1563.58}

17th iteration mean and sd:
Mean: {'N_effort-': 395.73}SD: {'N_effort-': 388.42}

18th iteration mean and sd:
Mean: {'N_effort-': 7386.13}SD: {'N_effort-': 5732.43}

19th iteration mean and sd:
Mean: {'N_effort-': 514.53}SD: {'N_effort-': 205.09}

These are the 80 best ranks according to zitlers domination predicate for the whole dataset
[422, 82, 38, 9, 20, 14, 0, 29, 52, 0, 1, 1, 1.2, 1.2, 1, 0, 2, 96, 80]
[371, 81, 18, 4, 25, 21, 10, 25, 30, 23, 1.1, 1.1, 1.3, 1.4, 1, 0, 1, 107, 89]
[288, 39, 25, 0, 3, 14, 0, 11, 31, 0, 2.9, 2.7, 2.9, 2.7, 2, 0, 1, 114, 114]
[156, 25, 0, 28, 0, 0, 0, 0, 28, 0, 5.6, 5, 5.6, 5, 1, 0, 3, 140, 140]
[219, 64, 20, 28, 10, 7, 0, 65, 0, 0, 2.2, 2.2, 2.2, 2.2, 2, 0, 3, 140, 140]
[468, 363, 168, 10, 92, 77, 5, 0, 352, 0, 0.3, 0.3, 0.4, 0.4, 1, 0, 10, 141, 117]
[218, 33, 8, 7, 0, 10, 15, 32, 8, 0, 4.4, 3.6, 4.4, 3.6, 2, 0, 2, 145, 145]
[75, 88, 18, 20, 0, 43, 0, 36, 45, 0, 1.5, 1.6, 1.8, 1.9, 1, 0, 7, 155, 129]
[91, 60, 10, 25, 0, 31, 5, 71, 0, 0, 2.3, 1.9, 2.7, 2.3, 1, 0, 1, 164, 136]
[449, 56, 3, 19, 10, 24, 0, 56, 0, 0, 3, 3, 3, 3, 2, 0, 3, 170, 170]
[130, 95, 36, 0, 32, 24, 0, 0, 92, 0, 1.6, 1.6, 1.9, 1.9, 1, 0, 7, 178, 148]
[417, 209, 42, 145, 10, 43, 0, 225, 15, 0, 0.9, 0.8, 0.9, 0.8, 1, 0, 2.5, 190, 190]
[28, 244, 68, 78, 22, 62, 14, 244, 0, 0, 0.8, 0.8, 0.8, 0.8, 4, 0, 7, 191, 191]
[232, 105, 96, 9, 0, 0, 0, 21, 84, 0, 1.9, 1.9, 1.9, 1.9, 1, 0, 8, 198, 198]
[199, 115, 76, 11, 28, 0, 0, 10, 105, 0, 1.7, 1.7, 1.7, 1.7, 1, 0, 1.5, 201, 201]
[127, 12, 0, 0, 6, 7, 0, 10, 3, 0, 17.6, 16.2, 17.6, 16.2, 2, 0, 13, 211, 211]
[168, 120, 60, 48, 12, 0, 0, 12, 108, 0, 1.8, 1.8, 1.8, 1.8, 1, 0, 5, 212, 212]
[306, 119, 0, 118, 0, 0, 0, 95, 19, 4, 1.5, 1.5, 1.8, 1.8, 1, 0, 2, 212, 176]
[215, 161, 60, 38, 30, 41, 0, 169, 0, 0, 1.4, 1.3, 1.4, 1.3, 1, 0, 2, 220, 220]
[80, 143, 75, 32, 3, 62, 0, 172, 0, 0, 1.6, 1.3, 1.6, 1.3, 1, 0, 10, 225, 225]
[142, 31, 10, 14, 0, 7, 0, 4, 27, 0, 7.6, 7.6, 7.6, 7.6, 1, 0, 6, 237, 237]
[39, 9, 0, 10, 0, 0, 0, 5, 5, 0, 26.6, 23.9, 26.6, 23.9, 1, 0, 2, 239, 239]
[354, 99, 81, 0, 3, 15, 0, 6, 93, 0, 2.4, 2.4, 2.4, 2.4, 1, 0, 3, 241, 241]
[97, 102, 37, 26, 10, 29, 0, 102, 0, 0, 1.8, 1.8, 2.4, 2.4, 1, 0, 5, 244, 183]
[48, 206, 0, 199, 0, 0, 5, 100, 104, 0, 1, 1, 1.2, 1.2, 1, 0, 5, 246, 204]
[345, 38, 30, 0, 8, 0, 0, 32, 0, 6, 6.5, 6.5, 6.5, 6.5, 1, 0, 4, 247, 247]
[84, 64, 4, 56, 0, 7, 0, 11, 56, 0, 3.9, 3.8, 3.9, 3.8, 1, 0, 7, 252, 252]
[53, 45, 6, 28, 0, 0, 25, 59, 0, 0, 6.2, 4.8, 6.2, 4.8, 2, 0, 7, 281, 281]
[213, 220, 81, 50, 51, 42, 0, 224, 0, 0, 1.3, 1.3, 1.3, 1.3, 3, 0, 3, 281, 281]
[190, 40, 10, 22, 0, 17, 0, 49, 0, 0, 7.1, 5.8, 7.1, 5.8, 4, 0, 4, 285, 285]
[361, 56, 0, 42, 0, 0, 15, 57, 0, 0, 5.2, 5.1, 5.2, 5.1, 1, 0, 3, 293, 293]
[24, 56, 14, 12, 15, 7, 5, 53, 0, 0, 5.3, 5.6, 5.3, 5.6, 4, 0, 3, 296, 296]
[26, 71, 31, 28, 9, 7, 0, 31, 23, 21, 3.5, 3.3, 4.2, 3.9, 1, 0, 1, 296, 246]
[114, 66, 27, 12, 6, 14, 0, 28, 31, 0, 3.7, 4.2, 4.5, 5, 1, 0, 2, 296, 246]
[235, 109, 0, 105, 0, 0, 0, 0, 105, 0, 2.3, 2.4, 2.8, 2.9, 1, 0, 1, 300, 249]
[461, 276, 108, 5, 75, 56, 0, 177, 53, 14, 1.1, 1.2, 1.1, 1.2, 1, 0, 4, 300, 300]
[341, 52, 0, 60, 0, 0, 0, 0, 55, 5, 4.8, 4.2, 5.8, 5.1, 1, 0, 3, 304, 252]
[493, 51, 12, 27, 0, 0, 7, 7, 39, 0, 6.6, 7.3, 6.6, 7.3, 1, 0, 3, 338, 338]
[23, 46, 0, 28, 0, 25, 0, 28, 25, 0, 7.5, 6.5, 7.5, 6.5, 1, 0, 6, 344, 344]
[73, 134, 42, 11, 32, 35, 14, 134, 0, 0, 2.1, 2.1, 2.6, 2.6, 1, 0, 8, 345, 286]
[184, 32, 0, 7, 12, 0, 10, 29, 0, 0, 11, 12.1, 11, 12.1, 1, 0, 2.5, 352, 352]
[416, 53, 17, 17, 0, 24, 5, 63, 0, 0, 6.7, 5.6, 6.7, 5.6, 2, 0, 16, 354, 354]
[440, 374, 170, 4, 88, 126, 10, 398, 0, 0, 0.8, 0.8, 1, 0.9, 1, 0, 2, 363, 300]
[74, 75, 24, 9, 0, 36, 0, 0, 69, 0, 4.1, 4.4, 4.9, 5.3, 1, 0, 5, 367, 305]
[140, 242, 97, 78, 4, 43, 0, 0, 222, 0, 1.3, 1.4, 1.5, 1.7, 1, 0, 2, 375, 311]
[411, 44, 14, 0, 16, 17, 5, 49, 3, 0, 8.6, 7.3, 8.6, 7.3, 4, 0, 2, 380, 380]
[30, 331, 100, 44, 61, 107, 0, 312, 0, 0, 1, 1.1, 1.2, 1.3, 1, 0, 2, 395, 328]
[409, 303, 0, 266, 0, 0, 25, 0, 291, 0, 1.1, 1.1, 1.3, 1.4, 1, 0, 1, 396, 329]
[471, 137, 54, 42, 30, 7, 0, 97, 36, 0, 2.9, 3, 2.9, 3, 1, 0, 3, 399, 399]
[175, 143, 54, 65, 0, 14, 0, 11, 122, 0, 2.3, 2.5, 2.8, 3, 1, 0, 4, 402, 334]
[31, 101, 16, 5, 39, 52, 0, 112, 0, 0, 4, 3.6, 4, 3.6, 1, 0, 8, 406, 406]
[307, 55, 12, 17, 6, 14, 10, 59, 0, 0, 6.2, 5.8, 7.5, 7, 1, 0, 3, 411, 341]
[441, 62, 51, 0, 0, 10, 5, 66, 0, 0, 5.6, 5.3, 6.8, 6.4, 1, 0, 3, 420, 349]
[92, 73, 0, 20, 36, 10, 0, 56, 10, 0, 4.9, 5.4, 5.9, 6.5, 1, 0, 1, 431, 358]
[276, 151, 41, 21, 29, 41, 19, 151, 0, 0, 2.6, 2.6, 2.9, 2.9, 1, 0, 3, 434, 391]
[77, 82, 25, 46, 0, 14, 15, 100, 0, 0, 5.4, 4.4, 5.4, 4.4, 1, 0, 3, 440, 440]
[498, 56, 24, 0, 9, 14, 0, 47, 0, 0, 7.9, 9.4, 7.9, 9.4, 2, 0, 6, 440, 440]
[211, 89, 15, 28, 17, 7, 30, 24, 73, 0, 5, 4.6, 5, 4.6, 2, 0, 4, 442, 442]
[475, 101, 12, 31, 3, 50, 0, 65, 28, 3, 4.5, 4.7, 4.5, 4.7, 1, 0, 1.5, 450, 450]
[460, 76, 60, 12, 0, 0, 0, 0, 72, 0, 4.9, 5.2, 5.9, 6.3, 1, 0, 1, 451, 374]
[71, 51, 42, 0, 14, 0, 0, 20, 36, 0, 7.6, 6.9, 9.1, 8.3, 1, 0, 12, 466, 387]
[33, 60, 39, 4, 0, 14, 10, 39, 22, 6, 7.9, 7, 7.9, 7, 2, 0, 8, 471, 471]
[270, 64, 15, 18, 9, 15, 5, 12, 39, 11, 6.1, 6.3, 7.4, 7.6, 1, 0, 6, 472, 392]
[117, 54, 24, 28, 0, 0, 0, 0, 52, 0, 7.3, 7.6, 8.8, 9.2, 1, 0, 2, 476, 395]
[136, 72, 23, 25, 7, 17, 0, 55, 17, 0, 6.8, 6.8, 6.8, 6.8, 1, 0, 7, 486, 486]
[186, 98, 45, 5, 19, 28, 0, 94, 3, 0, 4.1, 4.2, 5, 5, 1, 0, 1, 487, 404]
[401, 77, 24, 18, 21, 14, 0, 18, 59, 0, 5.3, 5.3, 6.4, 6.4, 1, 0, 10, 492, 408]
[228, 83, 44, 10, 3, 25, 0, 15, 63, 4, 4.9, 5, 6, 6, 1, 0, 3, 494, 410]
[456, 32, 4, 7, 0, 0, 30, 41, 0, 0, 15.6, 12.1, 15.6, 12.1, 1, 0, 3, 498, 498]
[469, 249, 144, 104, 6, 14, 0, 268, 0, 0, 2, 1.9, 2, 1.9, 1, 0, 3, 500, 500]
[489, 230, 81, 49, 37, 58, 0, 225, 0, 0, 2.2, 2.2, 2.2, 2.2, 1, 0, 4, 500, 500]
[110, 61, 27, 4, 24, 17, 0, 72, 0, 0, 6.8, 5.8, 8.2, 7, 1, 0, 4, 502, 417]
[482, 104, 32, 5, 40, 28, 10, 115, 0, 0, 3.3, 2.9, 4.9, 4.5, 4, 0, 2, 512, 338]
[20, 77, 28, 0, 42, 0, 0, 0, 70, 0, 5.7, 6.2, 6.8, 7.5, 1, 0, 1, 525, 436]
[159, 273, 103, 183, 15, 17, 0, 318, 0, 0, 1.9, 1.7, 1.9, 1.7, 3, 0, 5, 528, 528]
[125, 56, 50, 0, 3, 0, 0, 0, 53, 0, 8, 8.5, 9.6, 10.2, 1, 0, 2, 540, 448]
[182, 264, 126, 7, 50, 84, 0, 267, 0, 0, 2.1, 2, 2.1, 2, 1, 0, 6, 544, 544]
[358, 81, 11, 22, 0, 20, 21, 64, 10, 0, 5.6, 6.1, 6.8, 7.4, 1, 0, 1, 547, 454]
[415, 116, 34, 38, 4, 30, 0, 33, 73, 0, 4.8, 5.2, 4.8, 5.2, 1, 0, 2, 553, 553]

This is the average of the best gotten from sway: {'N_effort-': 1166.482}
The rank with respect to the top 80 is 81, i.e it is worst than everything else
--------------------------------------------------------------------------------------------------------------------------------------------------------------------------------------------------------

sway2 and xpln for budget 0.5(the["min"])
        N_effort-    n_evals avg
----  -----------  -------------
all       4277.64              0
sway      1036.48              6
xpln      2590.55              6
top         153.7            499
              N_effort-
------------  -----------
all to all    =
all to sway   neq
sway to xpln  neq
sway to top   neq

0th iteration mean and sd:
Mean: {'N_effort-': 1443.88}SD: {'N_effort-': 1223.88}

1th iteration mean and sd:
Mean: {'N_effort-': 1892.4}SD: {'N_effort-': 738.2}

2th iteration mean and sd:
Mean: {'N_effort-': 521.33}SD: {'N_effort-': 197.47}

3th iteration mean and sd:
Mean: {'N_effort-': 432.38}SD: {'N_effort-': 227.04}

4th iteration mean and sd:
Mean: {'N_effort-': 453.33}SD: {'N_effort-': 232.95}

5th iteration mean and sd:
Mean: {'N_effort-': 787.69}SD: {'N_effort-': 493.5}

6th iteration mean and sd:
Mean: {'N_effort-': 432.38}SD: {'N_effort-': 227.04}

7th iteration mean and sd:
Mean: {'N_effort-': 521.33}SD: {'N_effort-': 197.47}

8th iteration mean and sd:
Mean: {'N_effort-': 7723.19}SD: {'N_effort-': 5153.74}

9th iteration mean and sd:
Mean: {'N_effort-': 453.33}SD: {'N_effort-': 232.95}

10th iteration mean and sd:
Mean: {'N_effort-': 453.33}SD: {'N_effort-': 232.95}

11th iteration mean and sd:
Mean: {'N_effort-': 453.33}SD: {'N_effort-': 232.95}

12th iteration mean and sd:
Mean: {'N_effort-': 521.33}SD: {'N_effort-': 197.47}

13th iteration mean and sd:
Mean: {'N_effort-': 384.5}SD: {'N_effort-': 306.11}

14th iteration mean and sd:
Mean: {'N_effort-': 432.38}SD: {'N_effort-': 227.04}

15th iteration mean and sd:
Mean: {'N_effort-': 432.38}SD: {'N_effort-': 227.04}

16th iteration mean and sd:
Mean: {'N_effort-': 521.33}SD: {'N_effort-': 197.47}

17th iteration mean and sd:
Mean: {'N_effort-': 453.33}SD: {'N_effort-': 232.95}

18th iteration mean and sd:
Mean: {'N_effort-': 1984.13}SD: {'N_effort-': 1204.18}

19th iteration mean and sd:
Mean: {'N_effort-': 432.38}SD: {'N_effort-': 227.04}

These are the 80 best ranks according to zitlers domination predicate for the whole dataset
[422, 82, 38, 9, 20, 14, 0, 29, 52, 0, 1, 1, 1.2, 1.2, 1, 0, 2, 96, 80]
[371, 81, 18, 4, 25, 21, 10, 25, 30, 23, 1.1, 1.1, 1.3, 1.4, 1, 0, 1, 107, 89]
[288, 39, 25, 0, 3, 14, 0, 11, 31, 0, 2.9, 2.7, 2.9, 2.7, 2, 0, 1, 114, 114]
[156, 25, 0, 28, 0, 0, 0, 0, 28, 0, 5.6, 5, 5.6, 5, 1, 0, 3, 140, 140]
[219, 64, 20, 28, 10, 7, 0, 65, 0, 0, 2.2, 2.2, 2.2, 2.2, 2, 0, 3, 140, 140]
[468, 363, 168, 10, 92, 77, 5, 0, 352, 0, 0.3, 0.3, 0.4, 0.4, 1, 0, 10, 141, 117]
[218, 33, 8, 7, 0, 10, 15, 32, 8, 0, 4.4, 3.6, 4.4, 3.6, 2, 0, 2, 145, 145]
[75, 88, 18, 20, 0, 43, 0, 36, 45, 0, 1.5, 1.6, 1.8, 1.9, 1, 0, 7, 155, 129]
[91, 60, 10, 25, 0, 31, 5, 71, 0, 0, 2.3, 1.9, 2.7, 2.3, 1, 0, 1, 164, 136]
[449, 56, 3, 19, 10, 24, 0, 56, 0, 0, 3, 3, 3, 3, 2, 0, 3, 170, 170]
[130, 95, 36, 0, 32, 24, 0, 0, 92, 0, 1.6, 1.6, 1.9, 1.9, 1, 0, 7, 178, 148]
[417, 209, 42, 145, 10, 43, 0, 225, 15, 0, 0.9, 0.8, 0.9, 0.8, 1, 0, 2.5, 190, 190]
[28, 244, 68, 78, 22, 62, 14, 244, 0, 0, 0.8, 0.8, 0.8, 0.8, 4, 0, 7, 191, 191]
[232, 105, 96, 9, 0, 0, 0, 21, 84, 0, 1.9, 1.9, 1.9, 1.9, 1, 0, 8, 198, 198]
[199, 115, 76, 11, 28, 0, 0, 10, 105, 0, 1.7, 1.7, 1.7, 1.7, 1, 0, 1.5, 201, 201]
[127, 12, 0, 0, 6, 7, 0, 10, 3, 0, 17.6, 16.2, 17.6, 16.2, 2, 0, 13, 211, 211]
[168, 120, 60, 48, 12, 0, 0, 12, 108, 0, 1.8, 1.8, 1.8, 1.8, 1, 0, 5, 212, 212]
[306, 119, 0, 118, 0, 0, 0, 95, 19, 4, 1.5, 1.5, 1.8, 1.8, 1, 0, 2, 212, 176]
[215, 161, 60, 38, 30, 41, 0, 169, 0, 0, 1.4, 1.3, 1.4, 1.3, 1, 0, 2, 220, 220]
[80, 143, 75, 32, 3, 62, 0, 172, 0, 0, 1.6, 1.3, 1.6, 1.3, 1, 0, 10, 225, 225]
[142, 31, 10, 14, 0, 7, 0, 4, 27, 0, 7.6, 7.6, 7.6, 7.6, 1, 0, 6, 237, 237]
[39, 9, 0, 10, 0, 0, 0, 5, 5, 0, 26.6, 23.9, 26.6, 23.9, 1, 0, 2, 239, 239]
[354, 99, 81, 0, 3, 15, 0, 6, 93, 0, 2.4, 2.4, 2.4, 2.4, 1, 0, 3, 241, 241]
[97, 102, 37, 26, 10, 29, 0, 102, 0, 0, 1.8, 1.8, 2.4, 2.4, 1, 0, 5, 244, 183]
[48, 206, 0, 199, 0, 0, 5, 100, 104, 0, 1, 1, 1.2, 1.2, 1, 0, 5, 246, 204]
[345, 38, 30, 0, 8, 0, 0, 32, 0, 6, 6.5, 6.5, 6.5, 6.5, 1, 0, 4, 247, 247]
[84, 64, 4, 56, 0, 7, 0, 11, 56, 0, 3.9, 3.8, 3.9, 3.8, 1, 0, 7, 252, 252]
[53, 45, 6, 28, 0, 0, 25, 59, 0, 0, 6.2, 4.8, 6.2, 4.8, 2, 0, 7, 281, 281]
[213, 220, 81, 50, 51, 42, 0, 224, 0, 0, 1.3, 1.3, 1.3, 1.3, 3, 0, 3, 281, 281]
[190, 40, 10, 22, 0, 17, 0, 49, 0, 0, 7.1, 5.8, 7.1, 5.8, 4, 0, 4, 285, 285]
[361, 56, 0, 42, 0, 0, 15, 57, 0, 0, 5.2, 5.1, 5.2, 5.1, 1, 0, 3, 293, 293]
[24, 56, 14, 12, 15, 7, 5, 53, 0, 0, 5.3, 5.6, 5.3, 5.6, 4, 0, 3, 296, 296]
[26, 71, 31, 28, 9, 7, 0, 31, 23, 21, 3.5, 3.3, 4.2, 3.9, 1, 0, 1, 296, 246]
[114, 66, 27, 12, 6, 14, 0, 28, 31, 0, 3.7, 4.2, 4.5, 5, 1, 0, 2, 296, 246]
[235, 109, 0, 105, 0, 0, 0, 0, 105, 0, 2.3, 2.4, 2.8, 2.9, 1, 0, 1, 300, 249]
[461, 276, 108, 5, 75, 56, 0, 177, 53, 14, 1.1, 1.2, 1.1, 1.2, 1, 0, 4, 300, 300]
[341, 52, 0, 60, 0, 0, 0, 0, 55, 5, 4.8, 4.2, 5.8, 5.1, 1, 0, 3, 304, 252]
[493, 51, 12, 27, 0, 0, 7, 7, 39, 0, 6.6, 7.3, 6.6, 7.3, 1, 0, 3, 338, 338]
[23, 46, 0, 28, 0, 25, 0, 28, 25, 0, 7.5, 6.5, 7.5, 6.5, 1, 0, 6, 344, 344]
[73, 134, 42, 11, 32, 35, 14, 134, 0, 0, 2.1, 2.1, 2.6, 2.6, 1, 0, 8, 345, 286]
[184, 32, 0, 7, 12, 0, 10, 29, 0, 0, 11, 12.1, 11, 12.1, 1, 0, 2.5, 352, 352]
[416, 53, 17, 17, 0, 24, 5, 63, 0, 0, 6.7, 5.6, 6.7, 5.6, 2, 0, 16, 354, 354]
[440, 374, 170, 4, 88, 126, 10, 398, 0, 0, 0.8, 0.8, 1, 0.9, 1, 0, 2, 363, 300]
[74, 75, 24, 9, 0, 36, 0, 0, 69, 0, 4.1, 4.4, 4.9, 5.3, 1, 0, 5, 367, 305]
[140, 242, 97, 78, 4, 43, 0, 0, 222, 0, 1.3, 1.4, 1.5, 1.7, 1, 0, 2, 375, 311]
[411, 44, 14, 0, 16, 17, 5, 49, 3, 0, 8.6, 7.3, 8.6, 7.3, 4, 0, 2, 380, 380]
[30, 331, 100, 44, 61, 107, 0, 312, 0, 0, 1, 1.1, 1.2, 1.3, 1, 0, 2, 395, 328]
[409, 303, 0, 266, 0, 0, 25, 0, 291, 0, 1.1, 1.1, 1.3, 1.4, 1, 0, 1, 396, 329]
[471, 137, 54, 42, 30, 7, 0, 97, 36, 0, 2.9, 3, 2.9, 3, 1, 0, 3, 399, 399]
[175, 143, 54, 65, 0, 14, 0, 11, 122, 0, 2.3, 2.5, 2.8, 3, 1, 0, 4, 402, 334]
[31, 101, 16, 5, 39, 52, 0, 112, 0, 0, 4, 3.6, 4, 3.6, 1, 0, 8, 406, 406]
[307, 55, 12, 17, 6, 14, 10, 59, 0, 0, 6.2, 5.8, 7.5, 7, 1, 0, 3, 411, 341]
[441, 62, 51, 0, 0, 10, 5, 66, 0, 0, 5.6, 5.3, 6.8, 6.4, 1, 0, 3, 420, 349]
[92, 73, 0, 20, 36, 10, 0, 56, 10, 0, 4.9, 5.4, 5.9, 6.5, 1, 0, 1, 431, 358]
[276, 151, 41, 21, 29, 41, 19, 151, 0, 0, 2.6, 2.6, 2.9, 2.9, 1, 0, 3, 434, 391]
[77, 82, 25, 46, 0, 14, 15, 100, 0, 0, 5.4, 4.4, 5.4, 4.4, 1, 0, 3, 440, 440]
[498, 56, 24, 0, 9, 14, 0, 47, 0, 0, 7.9, 9.4, 7.9, 9.4, 2, 0, 6, 440, 440]
[211, 89, 15, 28, 17, 7, 30, 24, 73, 0, 5, 4.6, 5, 4.6, 2, 0, 4, 442, 442]
[475, 101, 12, 31, 3, 50, 0, 65, 28, 3, 4.5, 4.7, 4.5, 4.7, 1, 0, 1.5, 450, 450]
[460, 76, 60, 12, 0, 0, 0, 0, 72, 0, 4.9, 5.2, 5.9, 6.3, 1, 0, 1, 451, 374]
[71, 51, 42, 0, 14, 0, 0, 20, 36, 0, 7.6, 6.9, 9.1, 8.3, 1, 0, 12, 466, 387]
[33, 60, 39, 4, 0, 14, 10, 39, 22, 6, 7.9, 7, 7.9, 7, 2, 0, 8, 471, 471]
[270, 64, 15, 18, 9, 15, 5, 12, 39, 11, 6.1, 6.3, 7.4, 7.6, 1, 0, 6, 472, 392]
[117, 54, 24, 28, 0, 0, 0, 0, 52, 0, 7.3, 7.6, 8.8, 9.2, 1, 0, 2, 476, 395]
[136, 72, 23, 25, 7, 17, 0, 55, 17, 0, 6.8, 6.8, 6.8, 6.8, 1, 0, 7, 486, 486]
[186, 98, 45, 5, 19, 28, 0, 94, 3, 0, 4.1, 4.2, 5, 5, 1, 0, 1, 487, 404]
[401, 77, 24, 18, 21, 14, 0, 18, 59, 0, 5.3, 5.3, 6.4, 6.4, 1, 0, 10, 492, 408]
[228, 83, 44, 10, 3, 25, 0, 15, 63, 4, 4.9, 5, 6, 6, 1, 0, 3, 494, 410]
[456, 32, 4, 7, 0, 0, 30, 41, 0, 0, 15.6, 12.1, 15.6, 12.1, 1, 0, 3, 498, 498]
[469, 249, 144, 104, 6, 14, 0, 268, 0, 0, 2, 1.9, 2, 1.9, 1, 0, 3, 500, 500]
[489, 230, 81, 49, 37, 58, 0, 225, 0, 0, 2.2, 2.2, 2.2, 2.2, 1, 0, 4, 500, 500]
[110, 61, 27, 4, 24, 17, 0, 72, 0, 0, 6.8, 5.8, 8.2, 7, 1, 0, 4, 502, 417]
[482, 104, 32, 5, 40, 28, 10, 115, 0, 0, 3.3, 2.9, 4.9, 4.5, 4, 0, 2, 512, 338]
[20, 77, 28, 0, 42, 0, 0, 0, 70, 0, 5.7, 6.2, 6.8, 7.5, 1, 0, 1, 525, 436]
[159, 273, 103, 183, 15, 17, 0, 318, 0, 0, 1.9, 1.7, 1.9, 1.7, 3, 0, 5, 528, 528]
[125, 56, 50, 0, 3, 0, 0, 0, 53, 0, 8, 8.5, 9.6, 10.2, 1, 0, 2, 540, 448]
[182, 264, 126, 7, 50, 84, 0, 267, 0, 0, 2.1, 2, 2.1, 2, 1, 0, 6, 544, 544]
[358, 81, 11, 22, 0, 20, 21, 64, 10, 0, 5.6, 6.1, 6.8, 7.4, 1, 0, 1, 547, 454]
[415, 116, 34, 38, 4, 30, 0, 33, 73, 0, 4.8, 5.2, 4.8, 5.2, 1, 0, 2, 553, 553]

This is the average of the best gotten from sway: {'N_effort-': 1036.4830000000004}
The rank with respect to the top 80 is 81, i.e it is worst than everything else
--------------------------------------------------------------------------------------------------------------------------------------------------------------------------------------------------------
