
sway and xpln for budget 0.5(the["min"])
         LOC+    AEXP-    PLEX-    RISK-    EFFORT-    n_evals avg
----  -------  -------  -------  -------  ---------  -------------
all   1013.05     2.97     3.05     6.68    30807.5              0
sway  989.168    2.934   3.0555     6.78    27026.7           6.05
xpln  1003.01   2.9675    3.052   7.0525    30129.7           6.05
top   1530.81   1.6985    1.517      4.5    34073.9           1000
              LOC+    AEXP-    PLEX-    RISK-    EFFORT-
------------  ------  -------  -------  -------  ---------
all to all    neq     =        =        =        =
all to sway   =       neq      neq      neq      neq
sway to xpln  =       neq      =        neq      neq
sway to top   neq     neq      neq      neq      neq

0th iteration mean and sd:
Mean: {'LOC+': 964.9, 'AEXP-': 2.77, 'PLEX-': 2.74, 'RISK-': 7.94, 'EFFORT-': 19675.9}SD: {'LOC+': 664.32, 'AEXP-': 1.12, 'PLEX-': 1.26, 'RISK-': 7.61, 'EFFORT-': 20531.45}

1th iteration mean and sd:
Mean: {'LOC+': 1029.26, 'AEXP-': 2.65, 'PLEX-': 2.97, 'RISK-': 6.0, 'EFFORT-': 34818.74}SD: {'LOC+': 601.87, 'AEXP-': 1.17, 'PLEX-': 1.4, 'RISK-': 6.03, 'EFFORT-': 41373.84}

2th iteration mean and sd:
Mean: {'LOC+': 938.03, 'AEXP-': 2.74, 'PLEX-': 2.9, 'RISK-': 8.71, 'EFFORT-': 35675.48}SD: {'LOC+': 670.22, 'AEXP-': 1.26, 'PLEX-': 1.04, 'RISK-': 7.79, 'EFFORT-': 39989.02}

3th iteration mean and sd:
Mean: {'LOC+': 967.0, 'AEXP-': 2.94, 'PLEX-': 3.23, 'RISK-': 4.32, 'EFFORT-': 16898.81}SD: {'LOC+': 595.15, 'AEXP-': 1.12, 'PLEX-': 1.36, 'RISK-': 4.02, 'EFFORT-': 16512.9}

4th iteration mean and sd:
Mean: {'LOC+': 1048.71, 'AEXP-': 3.42, 'PLEX-': 3.03, 'RISK-': 6.19, 'EFFORT-': 30977.9}SD: {'LOC+': 631.87, 'AEXP-': 1.31, 'PLEX-': 1.11, 'RISK-': 4.66, 'EFFORT-': 39317.25}

5th iteration mean and sd:
Mean: {'LOC+': 809.94, 'AEXP-': 2.68, 'PLEX-': 2.97, 'RISK-': 9.9, 'EFFORT-': 22214.39}SD: {'LOC+': 588.52, 'AEXP-': 1.17, 'PLEX-': 1.28, 'RISK-': 5.83, 'EFFORT-': 17307.8}

6th iteration mean and sd:
Mean: {'LOC+': 1150.42, 'AEXP-': 2.97, 'PLEX-': 2.94, 'RISK-': 9.1, 'EFFORT-': 44747.94}SD: {'LOC+': 549.7, 'AEXP-': 1.17, 'PLEX-': 1.41, 'RISK-': 4.98, 'EFFORT-': 37862.15}

7th iteration mean and sd:
Mean: {'LOC+': 1124.69, 'AEXP-': 3.13, 'PLEX-': 3.25, 'RISK-': 2.31, 'EFFORT-': 15570.88}SD: {'LOC+': 588.07, 'AEXP-': 1.09, 'PLEX-': 1.24, 'RISK-': 3.11, 'EFFORT-': 14640.27}

8th iteration mean and sd:
Mean: {'LOC+': 984.16, 'AEXP-': 2.97, 'PLEX-': 2.77, 'RISK-': 2.65, 'EFFORT-': 18556.1}SD: {'LOC+': 598.59, 'AEXP-': 1.2, 'PLEX-': 1.23, 'RISK-': 3.83, 'EFFORT-': 29028.23}

9th iteration mean and sd:
Mean: {'LOC+': 927.9, 'AEXP-': 2.94, 'PLEX-': 2.94, 'RISK-': 8.42, 'EFFORT-': 24006.26}SD: {'LOC+': 638.31, 'AEXP-': 1.41, 'PLEX-': 1.48, 'RISK-': 5.82, 'EFFORT-': 21976.77}

10th iteration mean and sd:
Mean: {'LOC+': 1061.68, 'AEXP-': 2.84, 'PLEX-': 3.19, 'RISK-': 9.06, 'EFFORT-': 32686.1}SD: {'LOC+': 583.34, 'AEXP-': 1.32, 'PLEX-': 1.28, 'RISK-': 6.82, 'EFFORT-': 30589.3}

11th iteration mean and sd:
Mean: {'LOC+': 772.97, 'AEXP-': 3.19, 'PLEX-': 3.13, 'RISK-': 5.77, 'EFFORT-': 17954.29}SD: {'LOC+': 639.7, 'AEXP-': 1.22, 'PLEX-': 1.36, 'RISK-': 5.39, 'EFFORT-': 34027.81}

12th iteration mean and sd:
Mean: {'LOC+': 1078.71, 'AEXP-': 2.84, 'PLEX-': 3.0, 'RISK-': 3.9, 'EFFORT-': 28841.81}SD: {'LOC+': 572.44, 'AEXP-': 1.19, 'PLEX-': 1.06, 'RISK-': 4.51, 'EFFORT-': 25307.31}

13th iteration mean and sd:
Mean: {'LOC+': 900.35, 'AEXP-': 2.77, 'PLEX-': 3.03, 'RISK-': 7.58, 'EFFORT-': 29461.0}SD: {'LOC+': 649.51, 'AEXP-': 1.12, 'PLEX-': 1.14, 'RISK-': 7.76, 'EFFORT-': 37243.7}

14th iteration mean and sd:
Mean: {'LOC+': 1030.13, 'AEXP-': 3.16, 'PLEX-': 3.03, 'RISK-': 6.23, 'EFFORT-': 30427.55}SD: {'LOC+': 583.41, 'AEXP-': 1.13, 'PLEX-': 1.33, 'RISK-': 7.03, 'EFFORT-': 44580.28}

15th iteration mean and sd:
Mean: {'LOC+': 1095.06, 'AEXP-': 3.06, 'PLEX-': 3.16, 'RISK-': 3.16, 'EFFORT-': 21696.65}SD: {'LOC+': 503.86, 'AEXP-': 1.0, 'PLEX-': 1.29, 'RISK-': 4.16, 'EFFORT-': 19523.76}

16th iteration mean and sd:
Mean: {'LOC+': 936.97, 'AEXP-': 3.13, 'PLEX-': 3.35, 'RISK-': 6.55, 'EFFORT-': 26786.65}SD: {'LOC+': 574.19, 'AEXP-': 1.15, 'PLEX-': 1.02, 'RISK-': 4.68, 'EFFORT-': 28036.0}

17th iteration mean and sd:
Mean: {'LOC+': 870.71, 'AEXP-': 3.23, 'PLEX-': 3.48, 'RISK-': 4.84, 'EFFORT-': 14813.42}SD: {'LOC+': 588.66, 'AEXP-': 1.38, 'PLEX-': 1.12, 'RISK-': 6.58, 'EFFORT-': 17654.29}

18th iteration mean and sd:
Mean: {'LOC+': 978.03, 'AEXP-': 2.77, 'PLEX-': 3.23, 'RISK-': 8.65, 'EFFORT-': 30224.39}SD: {'LOC+': 553.74, 'AEXP-': 1.26, 'PLEX-': 1.06, 'RISK-': 6.79, 'EFFORT-': 25127.46}

19th iteration mean and sd:
Mean: {'LOC+': 1113.74, 'AEXP-': 2.48, 'PLEX-': 2.77, 'RISK-': 14.32, 'EFFORT-': 44498.94}SD: {'LOC+': 556.23, 'AEXP-': 1.21, 'PLEX-': 1.26, 'RISK-': 7.07, 'EFFORT-': 36993.17}

These are the 80 best ranks according to zitlers domination predicate for the whole dataset
[1052, 4, 1, 5, 5, 3, 2, 4, 4, 4, 3, 1, 3, 3, 3, 2, 3, 4, 2, 3, 4, 5, 5, 0, 15316]
[1543, 3, 2, 4, 1, 3, 5, 4, 5, 3, 1, 1, 2, 6, 2, 5, 3, 4, 4, 4, 5, 4, 4, 3, 20915]
[1694, 3, 1, 2, 4, 2, 4, 5, 4, 5, 1, 2, 3, 2, 4, 2, 3, 2, 3, 6, 3, 3, 3, 3, 43932]
[1405, 2, 2, 5, 1, 3, 5, 4, 4, 5, 1, 1, 3, 4, 3, 2, 2, 3, 4, 5, 5, 4, 3, 1, 27666]
[1422, 4, 2, 3, 2, 3, 3, 2, 4, 3, 3, 1, 3, 5, 3, 4, 4, 4, 2, 6, 6, 4, 4, 0, 37369]
[1782, 2, 3, 6, 5, 2, 2, 3, 2, 4, 2, 1, 2, 5, 3, 3, 4, 3, 5, 4, 6, 3, 4, 1, 16502]
[1673, 5, 2, 4, 2, 3, 3, 3, 4, 5, 1, 2, 6, 5, 4, 1, 6, 5, 5, 4, 4, 3, 5, 1, 6320]
[1956, 3, 2, 4, 6, 3, 5, 3, 2, 1, 4, 1, 4, 5, 2, 5, 4, 5, 5, 3, 3, 4, 4, 12, 42171]
[1822, 4, 1, 2, 2, 2, 2, 3, 2, 1, 2, 1, 3, 6, 3, 5, 5, 2, 4, 4, 4, 4, 4, 17, 59819]
[1672, 2, 2, 5, 1, 4, 2, 3, 3, 4, 2, 1, 5, 1, 4, 3, 4, 3, 5, 5, 2, 6, 4, 5, 52831]
[1984, 3, 2, 4, 3, 3, 4, 5, 3, 3, 2, 1, 2, 5, 5, 2, 3, 3, 1, 6, 1, 4, 5, 7, 81082]
[997, 2, 1, 6, 5, 5, 4, 6, 4, 4, 4, 1, 5, 4, 3, 2, 2, 2, 2, 4, 4, 4, 2, 7, 24975]
[1567, 4, 2, 5, 2, 3, 3, 5, 1, 4, 4, 1, 2, 1, 5, 3, 6, 3, 3, 3, 5, 4, 3, 8, 29972]
[1427, 5, 1, 5, 4, 4, 3, 4, 5, 2, 3, 2, 5, 4, 2, 1, 6, 4, 2, 4, 2, 6, 4, 7, 21730]
[1529, 1, 1, 5, 3, 4, 4, 3, 4, 5, 1, 2, 2, 2, 5, 2, 2, 4, 3, 5, 6, 4, 4, 4, 51607]
[1394, 3, 1, 2, 2, 3, 4, 2, 3, 5, 3, 2, 3, 5, 3, 4, 3, 2, 1, 4, 4, 4, 3, 2, 48716]
[1294, 5, 2, 1, 4, 4, 3, 3, 2, 2, 2, 1, 4, 6, 2, 2, 4, 3, 1, 3, 3, 4, 4, 1, 42808]
[1263, 4, 1, 3, 4, 4, 2, 5, 4, 3, 3, 2, 1, 3, 4, 4, 4, 3, 4, 4, 4, 5, 3, 3, 30241]
[1965, 2, 2, 2, 4, 5, 3, 2, 2, 3, 2, 1, 3, 2, 3, 1, 2, 1, 5, 6, 6, 5, 5, 15, 49501]
[1447, 3, 1, 5, 3, 3, 2, 2, 5, 3, 4, 3, 4, 1, 5, 3, 2, 4, 5, 4, 2, 5, 2, 0, 17103]
[1294, 2, 2, 5, 3, 4, 1, 5, 2, 4, 3, 1, 1, 2, 5, 3, 4, 5, 2, 6, 4, 4, 4, 5, 32985]
[1625, 4, 2, 5, 3, 3, 3, 6, 4, 1, 4, 2, 3, 4, 2, 3, 4, 3, 5, 5, 1, 3, 3, 4, 20246]
[1419, 2, 3, 3, 4, 4, 1, 1, 4, 3, 3, 1, 4, 5, 2, 3, 3, 3, 3, 4, 4, 4, 2, 0, 19438]
[1540, 2, 2, 5, 1, 4, 3, 3, 5, 5, 2, 2, 1, 4, 3, 1, 3, 4, 3, 5, 4, 4, 2, 2, 22927]
[1843, 4, 2, 6, 6, 4, 2, 4, 3, 2, 3, 1, 1, 5, 3, 3, 5, 2, 4, 5, 2, 4, 4, 11, 67162]
[1378, 4, 2, 4, 4, 4, 1, 2, 3, 5, 2, 2, 5, 1, 5, 1, 5, 5, 4, 4, 2, 3, 3, 1, 14432]
[1590, 4, 1, 3, 5, 4, 4, 4, 5, 3, 2, 3, 3, 5, 3, 2, 5, 5, 3, 3, 2, 3, 3, 2, 33898]
[1833, 4, 2, 5, 2, 5, 4, 6, 4, 5, 4, 3, 5, 6, 4, 3, 2, 4, 2, 5, 2, 5, 2, 0, 18315]
[1418, 4, 1, 5, 5, 3, 5, 1, 3, 3, 3, 2, 2, 3, 5, 2, 2, 2, 3, 4, 4, 6, 5, 8, 45029]
[1037, 4, 2, 3, 3, 3, 3, 6, 4, 5, 4, 1, 5, 2, 4, 4, 4, 2, 4, 5, 2, 4, 1, 4, 24987]
[1344, 5, 3, 4, 2, 4, 4, 4, 3, 5, 4, 1, 5, 3, 3, 2, 4, 4, 2, 5, 2, 4, 2, 0, 25836]
[1536, 3, 2, 4, 4, 4, 2, 1, 1, 2, 2, 2, 4, 3, 3, 2, 3, 3, 5, 4, 6, 3, 2, 1, 43931]
[920, 2, 2, 3, 3, 3, 4, 2, 3, 4, 2, 1, 4, 3, 5, 2, 3, 4, 4, 4, 3, 6, 5, 3, 22249]
[1929, 2, 1, 5, 4, 2, 1, 4, 1, 5, 2, 3, 4, 1, 3, 3, 5, 2, 3, 5, 6, 4, 4, 8, 54430]
[1978, 3, 2, 3, 5, 4, 2, 1, 2, 4, 4, 2, 5, 4, 2, 4, 4, 4, 4, 6, 4, 5, 1, 3, 90450]
[1589, 4, 1, 4, 3, 5, 5, 6, 4, 2, 3, 3, 3, 2, 5, 5, 2, 5, 2, 3, 6, 6, 4, 4, 39630]
[1848, 2, 3, 2, 1, 2, 2, 1, 5, 4, 5, 1, 6, 5, 5, 2, 6, 2, 2, 5, 3, 5, 2, 9, 42728]
[1232, 4, 3, 3, 2, 3, 5, 5, 4, 2, 2, 1, 3, 3, 3, 4, 5, 4, 2, 3, 6, 4, 5, 0, 21414]
[1597, 2, 2, 3, 3, 2, 2, 4, 4, 4, 4, 2, 3, 4, 5, 3, 4, 3, 2, 4, 4, 6, 3, 3, 51094]
[579, 3, 1, 4, 2, 2, 5, 5, 3, 3, 5, 2, 1, 2, 3, 2, 4, 4, 5, 4, 5, 4, 5, 0, 7690]
[1750, 4, 3, 4, 3, 4, 3, 5, 2, 5, 1, 2, 4, 4, 3, 2, 3, 4, 3, 4, 2, 5, 4, 0, 30478]
[1645, 3, 2, 4, 5, 3, 1, 2, 2, 4, 3, 1, 5, 3, 4, 4, 5, 2, 1, 6, 5, 6, 5, 10, 81262]
[1025, 4, 2, 1, 2, 2, 4, 5, 5, 4, 5, 2, 4, 5, 4, 2, 3, 4, 4, 4, 2, 5, 4, 0, 5682]
[1682, 4, 2, 2, 4, 3, 2, 1, 4, 3, 5, 3, 5, 6, 4, 4, 5, 5, 2, 4, 4, 4, 5, 0, 24338]
[1865, 3, 2, 2, 4, 5, 3, 2, 2, 3, 1, 2, 5, 5, 2, 2, 6, 2, 5, 6, 5, 4, 3, 7, 65565]
[584, 4, 1, 2, 4, 2, 4, 6, 4, 4, 2, 1, 5, 3, 3, 3, 4, 1, 3, 6, 5, 3, 2, 10, 15885]
[1162, 3, 2, 5, 6, 3, 2, 3, 4, 2, 5, 1, 6, 3, 4, 2, 2, 3, 4, 5, 4, 4, 2, 10, 25687]
[1838, 1, 3, 6, 3, 4, 4, 3, 2, 5, 3, 2, 6, 4, 3, 2, 2, 2, 3, 3, 6, 5, 4, 5, 16094]
[1264, 4, 3, 1, 2, 3, 4, 2, 2, 5, 2, 1, 2, 5, 4, 3, 4, 2, 4, 4, 5, 4, 3, 2, 25238]
[1266, 3, 2, 3, 4, 5, 2, 4, 4, 3, 3, 1, 3, 2, 3, 4, 2, 4, 2, 5, 2, 6, 2, 2, 85219]
[596, 4, 1, 3, 4, 2, 3, 1, 1, 5, 4, 1, 6, 3, 5, 5, 4, 2, 2, 4, 5, 3, 3, 10, 21569]
[1415, 2, 2, 5, 3, 3, 2, 6, 2, 2, 5, 1, 3, 4, 4, 1, 2, 2, 1, 5, 5, 6, 3, 13, 43106]
[1741, 5, 2, 2, 6, 3, 4, 5, 2, 4, 3, 3, 4, 2, 5, 3, 2, 4, 2, 5, 4, 4, 3, 0, 36846]
[1625, 4, 3, 4, 3, 4, 3, 1, 4, 4, 2, 2, 6, 6, 3, 2, 4, 2, 1, 4, 4, 3, 3, 0, 24264]
[1870, 3, 3, 3, 5, 4, 4, 5, 4, 2, 2, 2, 5, 2, 2, 4, 5, 5, 5, 5, 5, 4, 4, 3, 37172]
[1517, 3, 2, 4, 3, 2, 4, 6, 4, 2, 3, 2, 3, 6, 2, 2, 6, 1, 4, 4, 6, 4, 4, 9, 21102]
[1473, 4, 4, 5, 4, 3, 2, 6, 3, 3, 5, 1, 1, 5, 3, 2, 2, 3, 1, 5, 6, 4, 5, 0, 7436]
[1077, 4, 3, 2, 5, 2, 5, 2, 2, 5, 4, 1, 6, 1, 3, 3, 3, 4, 2, 4, 6, 3, 2, 0, 19549]
[403, 2, 1, 6, 3, 2, 3, 5, 1, 3, 3, 1, 6, 1, 4, 3, 5, 4, 4, 5, 4, 5, 2, 8, 13455]
[1137, 4, 3, 2, 5, 2, 2, 3, 3, 5, 4, 1, 5, 5, 3, 1, 4, 2, 3, 4, 3, 5, 3, 3, 11597]
[1383, 3, 1, 3, 3, 2, 3, 2, 4, 2, 4, 2, 2, 3, 3, 3, 5, 2, 2, 5, 3, 4, 2, 6, 82843]
[1955, 2, 4, 2, 5, 3, 5, 5, 5, 3, 3, 1, 1, 4, 3, 4, 3, 5, 4, 4, 2, 4, 4, 4, 43822]
[1565, 4, 3, 4, 6, 4, 3, 5, 4, 2, 2, 1, 1, 4, 5, 4, 4, 5, 3, 6, 6, 3, 4, 8, 34450]
[1200, 4, 2, 3, 5, 3, 1, 5, 2, 4, 1, 2, 4, 4, 3, 4, 5, 3, 4, 4, 3, 5, 4, 1, 31665]
[1085, 4, 3, 4, 6, 5, 4, 5, 5, 4, 3, 1, 3, 4, 4, 1, 3, 4, 1, 6, 3, 3, 3, 1, 19055]
[1931, 5, 3, 6, 3, 4, 2, 2, 5, 3, 3, 3, 6, 4, 4, 2, 3, 3, 5, 4, 4, 5, 4, 0, 6888]
[1920, 3, 2, 6, 4, 4, 3, 2, 5, 1, 1, 3, 5, 1, 4, 2, 2, 4, 2, 5, 4, 3, 3, 4, 43593]
[1404, 5, 3, 5, 3, 2, 4, 1, 4, 1, 5, 1, 1, 5, 3, 4, 4, 4, 1, 5, 1, 3, 4, 7, 26277]
[916, 1, 2, 3, 3, 2, 3, 2, 2, 3, 2, 1, 3, 3, 4, 2, 5, 4, 1, 3, 2, 4, 5, 4, 45242]
[1221, 2, 3, 2, 4, 4, 2, 6, 4, 2, 3, 1, 4, 5, 2, 4, 6, 4, 4, 5, 4, 4, 2, 4, 23464]
[1976, 2, 2, 2, 4, 4, 2, 3, 3, 3, 2, 3, 4, 3, 3, 3, 4, 3, 3, 6, 4, 3, 5, 2, 66079]
[853, 4, 2, 1, 2, 2, 1, 5, 2, 3, 2, 2, 5, 5, 5, 3, 2, 4, 3, 5, 5, 3, 3, 0, 4839]
[885, 5, 2, 5, 3, 4, 4, 4, 5, 4, 1, 2, 3, 3, 3, 2, 2, 4, 4, 5, 2, 4, 3, 0, 9488]
[1512, 5, 1, 6, 2, 4, 4, 4, 4, 3, 2, 3, 1, 4, 4, 3, 6, 3, 2, 5, 2, 5, 5, 6, 51057]
[637, 2, 2, 5, 2, 4, 4, 4, 4, 5, 3, 1, 2, 1, 5, 2, 2, 5, 1, 5, 1, 4, 4, 5, 13946]
[1806, 5, 3, 3, 4, 4, 4, 4, 2, 4, 4, 3, 5, 5, 2, 1, 2, 3, 5, 5, 4, 5, 5, 0, 4404]
[1371, 4, 2, 2, 4, 5, 3, 1, 4, 2, 3, 3, 4, 5, 4, 1, 2, 4, 3, 4, 3, 3, 5, 0, 12400]
[1435, 5, 2, 2, 3, 5, 5, 3, 3, 2, 4, 1, 2, 3, 4, 5, 5, 2, 3, 5, 5, 4, 3, 11, 78148]
[1850, 4, 3, 6, 1, 3, 2, 6, 4, 1, 3, 2, 5, 5, 4, 4, 4, 2, 2, 5, 3, 4, 4, 9, 21027]

This is the average of the best gotten from sway: {'LOC+': 989.1679999999999, 'AEXP-': 2.934, 'PLEX-': 3.0555, 'RISK-': 6.780000000000001, 'EFFORT-': 27026.659999999996}
The rank with respect to the top 80 is 81, i.e it is worst than everything else
--------------------------------------------------------------------------------------------------------------------------------------------------------------------------------------------------------

sway2 and xpln for budget 0.5(the["min"])
         LOC+    AEXP-    PLEX-    RISK-    EFFORT-    n_evals avg
----  -------  -------  -------  -------  ---------  -------------
all   1013.05     2.97     3.05     6.68    30807.5              0
sway  1011.83    2.914    3.007    5.556    28493.4           6.35
xpln  1004.55    2.986    3.051     7.09    34390.7           6.35
top   1542.66   1.6895    1.439     4.68    34518.1           1000
              LOC+    AEXP-    PLEX-    RISK-    EFFORT-
------------  ------  -------  -------  -------  ---------
all to all    =       =        =        =        =
all to sway   =       neq      neq      neq      neq
sway to xpln  =       =        =        neq      neq
sway to top   neq     neq      neq      neq      neq

0th iteration mean and sd:
Mean: {'LOC+': 872.23, 'AEXP-': 3.0, 'PLEX-': 3.03, 'RISK-': 4.61, 'EFFORT-': 40851.16}SD: {'LOC+': 513.24, 'AEXP-': 1.24, 'PLEX-': 1.2, 'RISK-': 5.08, 'EFFORT-': 37452.32}

1th iteration mean and sd:
Mean: {'LOC+': 1197.45, 'AEXP-': 2.74, 'PLEX-': 3.19, 'RISK-': 6.29, 'EFFORT-': 36975.1}SD: {'LOC+': 570.43, 'AEXP-': 1.26, 'PLEX-': 1.08, 'RISK-': 6.51, 'EFFORT-': 31242.68}

2th iteration mean and sd:
Mean: {'LOC+': 1197.45, 'AEXP-': 2.74, 'PLEX-': 3.19, 'RISK-': 6.29, 'EFFORT-': 36975.1}SD: {'LOC+': 570.43, 'AEXP-': 1.26, 'PLEX-': 1.08, 'RISK-': 6.51, 'EFFORT-': 31242.68}

3th iteration mean and sd:
Mean: {'LOC+': 1153.23, 'AEXP-': 3.1, 'PLEX-': 3.42, 'RISK-': 2.06, 'EFFORT-': 15002.9}SD: {'LOC+': 569.13, 'AEXP-': 1.19, 'PLEX-': 0.96, 'RISK-': 2.73, 'EFFORT-': 16241.24}

4th iteration mean and sd:
Mean: {'LOC+': 959.81, 'AEXP-': 3.13, 'PLEX-': 3.32, 'RISK-': 5.77, 'EFFORT-': 20645.58}SD: {'LOC+': 588.19, 'AEXP-': 1.34, 'PLEX-': 1.17, 'RISK-': 5.93, 'EFFORT-': 23226.56}

5th iteration mean and sd:
Mean: {'LOC+': 1153.23, 'AEXP-': 3.1, 'PLEX-': 3.42, 'RISK-': 2.06, 'EFFORT-': 15002.9}SD: {'LOC+': 569.13, 'AEXP-': 1.19, 'PLEX-': 0.96, 'RISK-': 2.73, 'EFFORT-': 16241.24}

6th iteration mean and sd:
Mean: {'LOC+': 884.87, 'AEXP-': 2.77, 'PLEX-': 2.65, 'RISK-': 4.77, 'EFFORT-': 20767.81}SD: {'LOC+': 536.47, 'AEXP-': 1.26, 'PLEX-': 1.4, 'RISK-': 4.77, 'EFFORT-': 19505.57}

7th iteration mean and sd:
Mean: {'LOC+': 926.5, 'AEXP-': 2.81, 'PLEX-': 3.25, 'RISK-': 3.25, 'EFFORT-': 30096.19}SD: {'LOC+': 522.64, 'AEXP-': 1.05, 'PLEX-': 1.24, 'RISK-': 3.8, 'EFFORT-': 23774.01}

8th iteration mean and sd:
Mean: {'LOC+': 1050.81, 'AEXP-': 2.38, 'PLEX-': 2.69, 'RISK-': 5.75, 'EFFORT-': 37104.13}SD: {'LOC+': 488.1, 'AEXP-': 1.02, 'PLEX-': 1.3, 'RISK-': 4.82, 'EFFORT-': 39684.99}

9th iteration mean and sd:
Mean: {'LOC+': 931.61, 'AEXP-': 2.65, 'PLEX-': 3.03, 'RISK-': 6.1, 'EFFORT-': 27427.42}SD: {'LOC+': 554.02, 'AEXP-': 1.11, 'PLEX-': 1.35, 'RISK-': 4.88, 'EFFORT-': 26188.0}

10th iteration mean and sd:
Mean: {'LOC+': 926.5, 'AEXP-': 2.81, 'PLEX-': 3.25, 'RISK-': 3.25, 'EFFORT-': 30096.19}SD: {'LOC+': 522.64, 'AEXP-': 1.05, 'PLEX-': 1.24, 'RISK-': 3.8, 'EFFORT-': 23774.01}

11th iteration mean and sd:
Mean: {'LOC+': 1034.58, 'AEXP-': 3.19, 'PLEX-': 2.77, 'RISK-': 8.9, 'EFFORT-': 34165.74}SD: {'LOC+': 624.78, 'AEXP-': 1.01, 'PLEX-': 1.23, 'RISK-': 6.71, 'EFFORT-': 30990.67}

12th iteration mean and sd:
Mean: {'LOC+': 884.87, 'AEXP-': 2.77, 'PLEX-': 2.65, 'RISK-': 4.77, 'EFFORT-': 20767.81}SD: {'LOC+': 536.47, 'AEXP-': 1.26, 'PLEX-': 1.4, 'RISK-': 4.77, 'EFFORT-': 19505.57}

13th iteration mean and sd:
Mean: {'LOC+': 1050.81, 'AEXP-': 2.38, 'PLEX-': 2.69, 'RISK-': 5.75, 'EFFORT-': 37104.13}SD: {'LOC+': 488.1, 'AEXP-': 1.02, 'PLEX-': 1.3, 'RISK-': 4.82, 'EFFORT-': 39684.99}

14th iteration mean and sd:
Mean: {'LOC+': 1180.19, 'AEXP-': 3.31, 'PLEX-': 2.81, 'RISK-': 4.63, 'EFFORT-': 24849.44}SD: {'LOC+': 477.38, 'AEXP-': 1.3, 'PLEX-': 1.52, 'RISK-': 4.9, 'EFFORT-': 22307.57}

15th iteration mean and sd:
Mean: {'LOC+': 974.58, 'AEXP-': 2.97, 'PLEX-': 3.03, 'RISK-': 11.29, 'EFFORT-': 34545.81}SD: {'LOC+': 617.89, 'AEXP-': 1.2, 'PLEX-': 1.22, 'RISK-': 7.06, 'EFFORT-': 34133.17}

16th iteration mean and sd:
Mean: {'LOC+': 884.87, 'AEXP-': 2.77, 'PLEX-': 2.65, 'RISK-': 4.77, 'EFFORT-': 20767.81}SD: {'LOC+': 536.47, 'AEXP-': 1.26, 'PLEX-': 1.4, 'RISK-': 4.77, 'EFFORT-': 19505.57}

17th iteration mean and sd:
Mean: {'LOC+': 970.56, 'AEXP-': 3.5, 'PLEX-': 3.44, 'RISK-': 5.44, 'EFFORT-': 18417.25}SD: {'LOC+': 579.1, 'AEXP-': 1.1, 'PLEX-': 0.89, 'RISK-': 5.03, 'EFFORT-': 16109.33}

18th iteration mean and sd:
Mean: {'LOC+': 1095.16, 'AEXP-': 3.1, 'PLEX-': 2.97, 'RISK-': 5.87, 'EFFORT-': 25572.19}SD: {'LOC+': 559.15, 'AEXP-': 1.3, 'PLEX-': 1.22, 'RISK-': 5.04, 'EFFORT-': 26594.24}

19th iteration mean and sd:
Mean: {'LOC+': 907.19, 'AEXP-': 3.06, 'PLEX-': 2.69, 'RISK-': 9.5, 'EFFORT-': 42733.44}SD: {'LOC+': 552.69, 'AEXP-': 1.34, 'PLEX-': 1.35, 'RISK-': 5.81, 'EFFORT-': 33941.29}

These are the 80 best ranks according to zitlers domination predicate for the whole dataset
[1052, 4, 1, 5, 5, 3, 2, 4, 4, 4, 3, 1, 3, 3, 3, 2, 3, 4, 2, 3, 4, 5, 5, 0, 15316]
[1543, 3, 2, 4, 1, 3, 5, 4, 5, 3, 1, 1, 2, 6, 2, 5, 3, 4, 4, 4, 5, 4, 4, 3, 20915]
[1694, 3, 1, 2, 4, 2, 4, 5, 4, 5, 1, 2, 3, 2, 4, 2, 3, 2, 3, 6, 3, 3, 3, 3, 43932]
[1405, 2, 2, 5, 1, 3, 5, 4, 4, 5, 1, 1, 3, 4, 3, 2, 2, 3, 4, 5, 5, 4, 3, 1, 27666]
[1422, 4, 2, 3, 2, 3, 3, 2, 4, 3, 3, 1, 3, 5, 3, 4, 4, 4, 2, 6, 6, 4, 4, 0, 37369]
[1782, 2, 3, 6, 5, 2, 2, 3, 2, 4, 2, 1, 2, 5, 3, 3, 4, 3, 5, 4, 6, 3, 4, 1, 16502]
[1673, 5, 2, 4, 2, 3, 3, 3, 4, 5, 1, 2, 6, 5, 4, 1, 6, 5, 5, 4, 4, 3, 5, 1, 6320]
[1956, 3, 2, 4, 6, 3, 5, 3, 2, 1, 4, 1, 4, 5, 2, 5, 4, 5, 5, 3, 3, 4, 4, 12, 42171]
[1822, 4, 1, 2, 2, 2, 2, 3, 2, 1, 2, 1, 3, 6, 3, 5, 5, 2, 4, 4, 4, 4, 4, 17, 59819]
[1672, 2, 2, 5, 1, 4, 2, 3, 3, 4, 2, 1, 5, 1, 4, 3, 4, 3, 5, 5, 2, 6, 4, 5, 52831]
[1984, 3, 2, 4, 3, 3, 4, 5, 3, 3, 2, 1, 2, 5, 5, 2, 3, 3, 1, 6, 1, 4, 5, 7, 81082]
[997, 2, 1, 6, 5, 5, 4, 6, 4, 4, 4, 1, 5, 4, 3, 2, 2, 2, 2, 4, 4, 4, 2, 7, 24975]
[1567, 4, 2, 5, 2, 3, 3, 5, 1, 4, 4, 1, 2, 1, 5, 3, 6, 3, 3, 3, 5, 4, 3, 8, 29972]
[1427, 5, 1, 5, 4, 4, 3, 4, 5, 2, 3, 2, 5, 4, 2, 1, 6, 4, 2, 4, 2, 6, 4, 7, 21730]
[1529, 1, 1, 5, 3, 4, 4, 3, 4, 5, 1, 2, 2, 2, 5, 2, 2, 4, 3, 5, 6, 4, 4, 4, 51607]
[1394, 3, 1, 2, 2, 3, 4, 2, 3, 5, 3, 2, 3, 5, 3, 4, 3, 2, 1, 4, 4, 4, 3, 2, 48716]
[1294, 5, 2, 1, 4, 4, 3, 3, 2, 2, 2, 1, 4, 6, 2, 2, 4, 3, 1, 3, 3, 4, 4, 1, 42808]
[1263, 4, 1, 3, 4, 4, 2, 5, 4, 3, 3, 2, 1, 3, 4, 4, 4, 3, 4, 4, 4, 5, 3, 3, 30241]
[1965, 2, 2, 2, 4, 5, 3, 2, 2, 3, 2, 1, 3, 2, 3, 1, 2, 1, 5, 6, 6, 5, 5, 15, 49501]
[1447, 3, 1, 5, 3, 3, 2, 2, 5, 3, 4, 3, 4, 1, 5, 3, 2, 4, 5, 4, 2, 5, 2, 0, 17103]
[1294, 2, 2, 5, 3, 4, 1, 5, 2, 4, 3, 1, 1, 2, 5, 3, 4, 5, 2, 6, 4, 4, 4, 5, 32985]
[1625, 4, 2, 5, 3, 3, 3, 6, 4, 1, 4, 2, 3, 4, 2, 3, 4, 3, 5, 5, 1, 3, 3, 4, 20246]
[1419, 2, 3, 3, 4, 4, 1, 1, 4, 3, 3, 1, 4, 5, 2, 3, 3, 3, 3, 4, 4, 4, 2, 0, 19438]
[1540, 2, 2, 5, 1, 4, 3, 3, 5, 5, 2, 2, 1, 4, 3, 1, 3, 4, 3, 5, 4, 4, 2, 2, 22927]
[1843, 4, 2, 6, 6, 4, 2, 4, 3, 2, 3, 1, 1, 5, 3, 3, 5, 2, 4, 5, 2, 4, 4, 11, 67162]
[1378, 4, 2, 4, 4, 4, 1, 2, 3, 5, 2, 2, 5, 1, 5, 1, 5, 5, 4, 4, 2, 3, 3, 1, 14432]
[1590, 4, 1, 3, 5, 4, 4, 4, 5, 3, 2, 3, 3, 5, 3, 2, 5, 5, 3, 3, 2, 3, 3, 2, 33898]
[1833, 4, 2, 5, 2, 5, 4, 6, 4, 5, 4, 3, 5, 6, 4, 3, 2, 4, 2, 5, 2, 5, 2, 0, 18315]
[1418, 4, 1, 5, 5, 3, 5, 1, 3, 3, 3, 2, 2, 3, 5, 2, 2, 2, 3, 4, 4, 6, 5, 8, 45029]
[1037, 4, 2, 3, 3, 3, 3, 6, 4, 5, 4, 1, 5, 2, 4, 4, 4, 2, 4, 5, 2, 4, 1, 4, 24987]
[1344, 5, 3, 4, 2, 4, 4, 4, 3, 5, 4, 1, 5, 3, 3, 2, 4, 4, 2, 5, 2, 4, 2, 0, 25836]
[1536, 3, 2, 4, 4, 4, 2, 1, 1, 2, 2, 2, 4, 3, 3, 2, 3, 3, 5, 4, 6, 3, 2, 1, 43931]
[920, 2, 2, 3, 3, 3, 4, 2, 3, 4, 2, 1, 4, 3, 5, 2, 3, 4, 4, 4, 3, 6, 5, 3, 22249]
[1929, 2, 1, 5, 4, 2, 1, 4, 1, 5, 2, 3, 4, 1, 3, 3, 5, 2, 3, 5, 6, 4, 4, 8, 54430]
[1978, 3, 2, 3, 5, 4, 2, 1, 2, 4, 4, 2, 5, 4, 2, 4, 4, 4, 4, 6, 4, 5, 1, 3, 90450]
[1589, 4, 1, 4, 3, 5, 5, 6, 4, 2, 3, 3, 3, 2, 5, 5, 2, 5, 2, 3, 6, 6, 4, 4, 39630]
[1848, 2, 3, 2, 1, 2, 2, 1, 5, 4, 5, 1, 6, 5, 5, 2, 6, 2, 2, 5, 3, 5, 2, 9, 42728]
[1232, 4, 3, 3, 2, 3, 5, 5, 4, 2, 2, 1, 3, 3, 3, 4, 5, 4, 2, 3, 6, 4, 5, 0, 21414]
[1597, 2, 2, 3, 3, 2, 2, 4, 4, 4, 4, 2, 3, 4, 5, 3, 4, 3, 2, 4, 4, 6, 3, 3, 51094]
[579, 3, 1, 4, 2, 2, 5, 5, 3, 3, 5, 2, 1, 2, 3, 2, 4, 4, 5, 4, 5, 4, 5, 0, 7690]
[1750, 4, 3, 4, 3, 4, 3, 5, 2, 5, 1, 2, 4, 4, 3, 2, 3, 4, 3, 4, 2, 5, 4, 0, 30478]
[1645, 3, 2, 4, 5, 3, 1, 2, 2, 4, 3, 1, 5, 3, 4, 4, 5, 2, 1, 6, 5, 6, 5, 10, 81262]
[1025, 4, 2, 1, 2, 2, 4, 5, 5, 4, 5, 2, 4, 5, 4, 2, 3, 4, 4, 4, 2, 5, 4, 0, 5682]
[1682, 4, 2, 2, 4, 3, 2, 1, 4, 3, 5, 3, 5, 6, 4, 4, 5, 5, 2, 4, 4, 4, 5, 0, 24338]
[1865, 3, 2, 2, 4, 5, 3, 2, 2, 3, 1, 2, 5, 5, 2, 2, 6, 2, 5, 6, 5, 4, 3, 7, 65565]
[584, 4, 1, 2, 4, 2, 4, 6, 4, 4, 2, 1, 5, 3, 3, 3, 4, 1, 3, 6, 5, 3, 2, 10, 15885]
[1162, 3, 2, 5, 6, 3, 2, 3, 4, 2, 5, 1, 6, 3, 4, 2, 2, 3, 4, 5, 4, 4, 2, 10, 25687]
[1838, 1, 3, 6, 3, 4, 4, 3, 2, 5, 3, 2, 6, 4, 3, 2, 2, 2, 3, 3, 6, 5, 4, 5, 16094]
[1264, 4, 3, 1, 2, 3, 4, 2, 2, 5, 2, 1, 2, 5, 4, 3, 4, 2, 4, 4, 5, 4, 3, 2, 25238]
[1266, 3, 2, 3, 4, 5, 2, 4, 4, 3, 3, 1, 3, 2, 3, 4, 2, 4, 2, 5, 2, 6, 2, 2, 85219]
[596, 4, 1, 3, 4, 2, 3, 1, 1, 5, 4, 1, 6, 3, 5, 5, 4, 2, 2, 4, 5, 3, 3, 10, 21569]
[1415, 2, 2, 5, 3, 3, 2, 6, 2, 2, 5, 1, 3, 4, 4, 1, 2, 2, 1, 5, 5, 6, 3, 13, 43106]
[1741, 5, 2, 2, 6, 3, 4, 5, 2, 4, 3, 3, 4, 2, 5, 3, 2, 4, 2, 5, 4, 4, 3, 0, 36846]
[1625, 4, 3, 4, 3, 4, 3, 1, 4, 4, 2, 2, 6, 6, 3, 2, 4, 2, 1, 4, 4, 3, 3, 0, 24264]
[1870, 3, 3, 3, 5, 4, 4, 5, 4, 2, 2, 2, 5, 2, 2, 4, 5, 5, 5, 5, 5, 4, 4, 3, 37172]
[1517, 3, 2, 4, 3, 2, 4, 6, 4, 2, 3, 2, 3, 6, 2, 2, 6, 1, 4, 4, 6, 4, 4, 9, 21102]
[1473, 4, 4, 5, 4, 3, 2, 6, 3, 3, 5, 1, 1, 5, 3, 2, 2, 3, 1, 5, 6, 4, 5, 0, 7436]
[1077, 4, 3, 2, 5, 2, 5, 2, 2, 5, 4, 1, 6, 1, 3, 3, 3, 4, 2, 4, 6, 3, 2, 0, 19549]
[403, 2, 1, 6, 3, 2, 3, 5, 1, 3, 3, 1, 6, 1, 4, 3, 5, 4, 4, 5, 4, 5, 2, 8, 13455]
[1137, 4, 3, 2, 5, 2, 2, 3, 3, 5, 4, 1, 5, 5, 3, 1, 4, 2, 3, 4, 3, 5, 3, 3, 11597]
[1383, 3, 1, 3, 3, 2, 3, 2, 4, 2, 4, 2, 2, 3, 3, 3, 5, 2, 2, 5, 3, 4, 2, 6, 82843]
[1955, 2, 4, 2, 5, 3, 5, 5, 5, 3, 3, 1, 1, 4, 3, 4, 3, 5, 4, 4, 2, 4, 4, 4, 43822]
[1565, 4, 3, 4, 6, 4, 3, 5, 4, 2, 2, 1, 1, 4, 5, 4, 4, 5, 3, 6, 6, 3, 4, 8, 34450]
[1200, 4, 2, 3, 5, 3, 1, 5, 2, 4, 1, 2, 4, 4, 3, 4, 5, 3, 4, 4, 3, 5, 4, 1, 31665]
[1085, 4, 3, 4, 6, 5, 4, 5, 5, 4, 3, 1, 3, 4, 4, 1, 3, 4, 1, 6, 3, 3, 3, 1, 19055]
[1931, 5, 3, 6, 3, 4, 2, 2, 5, 3, 3, 3, 6, 4, 4, 2, 3, 3, 5, 4, 4, 5, 4, 0, 6888]
[1920, 3, 2, 6, 4, 4, 3, 2, 5, 1, 1, 3, 5, 1, 4, 2, 2, 4, 2, 5, 4, 3, 3, 4, 43593]
[1404, 5, 3, 5, 3, 2, 4, 1, 4, 1, 5, 1, 1, 5, 3, 4, 4, 4, 1, 5, 1, 3, 4, 7, 26277]
[916, 1, 2, 3, 3, 2, 3, 2, 2, 3, 2, 1, 3, 3, 4, 2, 5, 4, 1, 3, 2, 4, 5, 4, 45242]
[1221, 2, 3, 2, 4, 4, 2, 6, 4, 2, 3, 1, 4, 5, 2, 4, 6, 4, 4, 5, 4, 4, 2, 4, 23464]
[1976, 2, 2, 2, 4, 4, 2, 3, 3, 3, 2, 3, 4, 3, 3, 3, 4, 3, 3, 6, 4, 3, 5, 2, 66079]
[853, 4, 2, 1, 2, 2, 1, 5, 2, 3, 2, 2, 5, 5, 5, 3, 2, 4, 3, 5, 5, 3, 3, 0, 4839]
[885, 5, 2, 5, 3, 4, 4, 4, 5, 4, 1, 2, 3, 3, 3, 2, 2, 4, 4, 5, 2, 4, 3, 0, 9488]
[1512, 5, 1, 6, 2, 4, 4, 4, 4, 3, 2, 3, 1, 4, 4, 3, 6, 3, 2, 5, 2, 5, 5, 6, 51057]
[637, 2, 2, 5, 2, 4, 4, 4, 4, 5, 3, 1, 2, 1, 5, 2, 2, 5, 1, 5, 1, 4, 4, 5, 13946]
[1806, 5, 3, 3, 4, 4, 4, 4, 2, 4, 4, 3, 5, 5, 2, 1, 2, 3, 5, 5, 4, 5, 5, 0, 4404]
[1371, 4, 2, 2, 4, 5, 3, 1, 4, 2, 3, 3, 4, 5, 4, 1, 2, 4, 3, 4, 3, 3, 5, 0, 12400]
[1435, 5, 2, 2, 3, 5, 5, 3, 3, 2, 4, 1, 2, 3, 4, 5, 5, 2, 3, 5, 5, 4, 3, 11, 78148]
[1850, 4, 3, 6, 1, 3, 2, 6, 4, 1, 3, 2, 5, 5, 4, 4, 4, 2, 2, 5, 3, 4, 4, 9, 21027]

This is the average of the best gotten from sway: {'LOC+': 1011.825, 'AEXP-': 2.9140000000000006, 'PLEX-': 3.0069999999999997, 'RISK-': 5.555999999999999, 'EFFORT-': 28493.405000000006}
The rank with respect to the top 80 is 81, i.e it is worst than everything else
--------------------------------------------------------------------------------------------------------------------------------------------------------------------------------------------------------
