
sway and xpln for budget 0.5(the["min"])
         Loc+    Risk-    Effort-    n_evals avg
----  -------  -------  ---------  -------------
all   1009.04     6.59    30506.4              0
sway   1036.9    5.936    27001.7              8
xpln  1011.45    6.535    30256.4              8
top   1941.19   0.4005    19821.7          10000
              Loc+    Risk-    Effort-
------------  ------  -------  ---------
all to all    neq     =        =
all to sway   =       neq      neq
sway to xpln  neq     neq      neq
sway to top   neq     neq      neq

0th iteration mean and sd:
Mean: {'Loc+': 1131.4, 'Risk-': 6.06, 'Effort-': 20651.12}SD: {'Loc+': 529.61, 'Risk-': 5.61, 'Effort-': 19930.04}

1th iteration mean and sd:
Mean: {'Loc+': 1089.76, 'Risk-': 10.53, 'Effort-': 38386.55}SD: {'Loc+': 545.61, 'Risk-': 6.5, 'Effort-': 40842.21}

2th iteration mean and sd:
Mean: {'Loc+': 989.27, 'Risk-': 7.82, 'Effort-': 27933.69}SD: {'Loc+': 560.32, 'Risk-': 5.89, 'Effort-': 34028.08}

3th iteration mean and sd:
Mean: {'Loc+': 986.51, 'Risk-': 4.51, 'Effort-': 16236.76}SD: {'Loc+': 612.0, 'Risk-': 4.33, 'Effort-': 15161.2}

4th iteration mean and sd:
Mean: {'Loc+': 1029.36, 'Risk-': 1.41, 'Effort-': 15932.9}SD: {'Loc+': 574.84, 'Risk-': 2.43, 'Effort-': 13385.17}

5th iteration mean and sd:
Mean: {'Loc+': 1082.72, 'Risk-': 6.91, 'Effort-': 27204.86}SD: {'Loc+': 565.69, 'Risk-': 6.86, 'Effort-': 29773.32}

6th iteration mean and sd:
Mean: {'Loc+': 939.82, 'Risk-': 7.21, 'Effort-': 33733.05}SD: {'Loc+': 590.09, 'Risk-': 6.49, 'Effort-': 36660.38}

7th iteration mean and sd:
Mean: {'Loc+': 904.81, 'Risk-': 5.26, 'Effort-': 20563.17}SD: {'Loc+': 601.78, 'Risk-': 4.81, 'Effort-': 28859.01}

8th iteration mean and sd:
Mean: {'Loc+': 1125.72, 'Risk-': 4.49, 'Effort-': 33031.01}SD: {'Loc+': 621.81, 'Risk-': 4.31, 'Effort-': 37182.01}

9th iteration mean and sd:
Mean: {'Loc+': 963.13, 'Risk-': 6.47, 'Effort-': 41227.1}SD: {'Loc+': 574.69, 'Risk-': 4.9, 'Effort-': 52493.79}

10th iteration mean and sd:
Mean: {'Loc+': 956.21, 'Risk-': 4.15, 'Effort-': 29863.82}SD: {'Loc+': 586.42, 'Risk-': 5.9, 'Effort-': 37471.4}

11th iteration mean and sd:
Mean: {'Loc+': 1017.62, 'Risk-': 5.71, 'Effort-': 15684.62}SD: {'Loc+': 562.67, 'Risk-': 4.48, 'Effort-': 13308.87}

12th iteration mean and sd:
Mean: {'Loc+': 1063.77, 'Risk-': 6.77, 'Effort-': 31259.88}SD: {'Loc+': 592.64, 'Risk-': 5.53, 'Effort-': 32161.83}

13th iteration mean and sd:
Mean: {'Loc+': 1058.6, 'Risk-': 1.99, 'Effort-': 14625.44}SD: {'Loc+': 573.72, 'Risk-': 2.61, 'Effort-': 12582.2}

14th iteration mean and sd:
Mean: {'Loc+': 1030.47, 'Risk-': 6.87, 'Effort-': 47700.76}SD: {'Loc+': 578.38, 'Risk-': 5.77, 'Effort-': 50595.11}

15th iteration mean and sd:
Mean: {'Loc+': 1047.15, 'Risk-': 11.85, 'Effort-': 23770.65}SD: {'Loc+': 571.59, 'Risk-': 6.38, 'Effort-': 18643.45}

16th iteration mean and sd:
Mean: {'Loc+': 1055.41, 'Risk-': 2.74, 'Effort-': 23880.62}SD: {'Loc+': 603.74, 'Risk-': 3.29, 'Effort-': 26204.45}

17th iteration mean and sd:
Mean: {'Loc+': 1074.47, 'Risk-': 5.09, 'Effort-': 11151.68}SD: {'Loc+': 572.18, 'Risk-': 4.17, 'Effort-': 10486.09}

18th iteration mean and sd:
Mean: {'Loc+': 1129.54, 'Risk-': 6.55, 'Effort-': 18936.51}SD: {'Loc+': 606.18, 'Risk-': 5.25, 'Effort-': 17966.92}

19th iteration mean and sd:
Mean: {'Loc+': 1062.31, 'Risk-': 6.33, 'Effort-': 48260.59}SD: {'Loc+': 519.24, 'Risk-': 4.84, 'Effort-': 42330.81}

These are the 80 best ranks according to zitlers domination predicate for the whole dataset
[1993, 4, 4, 2, 2, 4, 2, 2, 4, 5, 4, 4, 4, 3, 4, 2, 4, 3, 3, 3, 4, 3, 3, 0, 14928]
[1991, 4, 3, 5, 3, 3, 5, 3, 4, 4, 5, 3, 2, 5, 4, 2, 3, 5, 4, 5, 2, 4, 4, 0, 14946]
[1976, 3, 2, 5, 2, 3, 1, 2, 2, 5, 4, 5, 5, 3, 2, 3, 4, 4, 4, 3, 6, 4, 2, 0, 11879]
[1962, 3, 5, 2, 2, 2, 3, 4, 3, 2, 4, 5, 1, 5, 3, 1, 3, 5, 3, 4, 5, 3, 3, 0, 9911]
[1947, 4, 4, 6, 2, 3, 3, 5, 3, 5, 2, 4, 2, 3, 3, 4, 3, 4, 3, 6, 5, 4, 4, 0, 7217]
[1992, 3, 5, 6, 2, 2, 2, 4, 4, 2, 1, 5, 5, 3, 2, 3, 4, 3, 3, 4, 4, 5, 4, 1, 7562]
[1992, 3, 4, 3, 1, 2, 3, 5, 1, 4, 5, 2, 4, 3, 4, 3, 3, 4, 4, 5, 5, 5, 2, 0, 18321]
[1975, 4, 4, 1, 1, 2, 3, 5, 2, 2, 3, 3, 2, 3, 5, 2, 4, 5, 3, 4, 4, 3, 4, 0, 16346]
[1941, 3, 1, 3, 1, 3, 3, 4, 4, 3, 1, 4, 4, 4, 2, 2, 3, 5, 2, 4, 3, 4, 4, 0, 9059]
[1939, 3, 2, 6, 1, 2, 3, 4, 4, 2, 2, 5, 2, 4, 5, 2, 2, 5, 2, 4, 3, 3, 4, 0, 8816]
[1986, 3, 1, 3, 5, 3, 2, 4, 3, 5, 2, 3, 3, 1, 2, 1, 3, 3, 4, 3, 5, 4, 4, 0, 20744]
[1970, 3, 1, 6, 1, 3, 5, 3, 4, 4, 4, 3, 1, 1, 5, 2, 4, 5, 3, 3, 3, 3, 3, 0, 17219]
[1969, 2, 5, 2, 4, 4, 2, 6, 4, 1, 3, 3, 3, 3, 4, 1, 3, 5, 4, 3, 1, 3, 4, 0, 17733]
[1999, 5, 3, 3, 2, 3, 3, 2, 5, 3, 1, 4, 6, 2, 2, 2, 6, 4, 4, 4, 1, 5, 5, 1, 14908]
[1933, 3, 5, 1, 5, 3, 1, 5, 4, 3, 4, 5, 2, 4, 3, 2, 4, 4, 2, 3, 5, 4, 4, 0, 11038]
[1962, 4, 3, 4, 4, 3, 2, 5, 5, 3, 5, 4, 4, 5, 5, 2, 3, 4, 2, 5, 6, 5, 1, 1, 7862]
[1972, 3, 1, 6, 1, 2, 1, 1, 3, 2, 4, 4, 3, 2, 3, 4, 3, 4, 3, 4, 6, 5, 4, 1, 10232]
[1995, 5, 1, 5, 2, 3, 2, 1, 3, 4, 3, 2, 2, 2, 3, 2, 2, 3, 3, 5, 4, 4, 3, 0, 26701]
[1993, 1, 5, 5, 2, 5, 2, 2, 1, 4, 3, 3, 5, 2, 5, 3, 2, 4, 1, 4, 5, 3, 4, 1, 16559]
[1904, 5, 4, 4, 1, 4, 2, 2, 3, 5, 4, 2, 2, 3, 2, 2, 4, 5, 2, 5, 6, 4, 4, 0, 8284]
[1984, 5, 3, 4, 3, 4, 2, 3, 4, 3, 1, 2, 6, 5, 2, 2, 4, 4, 4, 5, 5, 6, 4, 1, 16302]
[1985, 3, 3, 3, 2, 4, 3, 3, 4, 5, 5, 2, 2, 5, 3, 1, 3, 3, 2, 4, 4, 4, 3, 0, 27048]
[1961, 4, 5, 4, 6, 4, 2, 2, 2, 4, 5, 1, 2, 5, 2, 4, 3, 5, 3, 5, 5, 5, 4, 0, 22265]
[1947, 4, 3, 4, 3, 3, 3, 6, 4, 4, 4, 4, 5, 4, 3, 2, 4, 3, 4, 5, 2, 5, 1, 0, 19178]
[1937, 3, 5, 4, 3, 4, 4, 4, 3, 2, 4, 4, 6, 3, 2, 1, 4, 4, 4, 4, 5, 4, 3, 1, 7767]
[1934, 4, 3, 1, 4, 2, 3, 5, 4, 4, 3, 5, 5, 4, 4, 3, 5, 3, 3, 3, 4, 5, 2, 0, 17752]
[1916, 4, 3, 6, 2, 4, 5, 2, 3, 5, 2, 4, 6, 4, 4, 2, 4, 4, 3, 3, 5, 4, 3, 0, 14005]
[1974, 4, 5, 1, 2, 3, 3, 4, 2, 5, 2, 4, 5, 3, 4, 3, 5, 4, 2, 5, 2, 6, 3, 0, 28281]
[1936, 3, 3, 3, 4, 4, 4, 2, 4, 4, 2, 2, 5, 5, 2, 2, 4, 4, 4, 3, 6, 3, 3, 0, 20586]
[1919, 2, 4, 5, 2, 2, 3, 3, 3, 2, 4, 4, 2, 3, 5, 1, 2, 4, 2, 3, 4, 4, 2, 0, 17438]
[1905, 4, 5, 3, 3, 2, 2, 2, 4, 5, 5, 5, 4, 2, 3, 3, 3, 3, 1, 4, 5, 4, 2, 0, 14680]
[1995, 4, 3, 1, 2, 2, 3, 5, 3, 3, 4, 2, 5, 1, 3, 3, 2, 2, 5, 6, 4, 4, 2, 1, 25764]
[1937, 4, 4, 6, 5, 2, 2, 3, 2, 4, 4, 5, 4, 3, 2, 3, 5, 4, 4, 3, 3, 3, 2, 1, 13107]
[1966, 3, 5, 4, 3, 4, 1, 2, 3, 5, 4, 3, 2, 4, 2, 1, 3, 4, 1, 4, 2, 6, 3, 1, 19898]
[1990, 4, 4, 1, 4, 2, 5, 4, 5, 5, 4, 1, 4, 3, 4, 2, 3, 5, 2, 6, 2, 5, 4, 0, 35577]
[1946, 4, 2, 1, 3, 5, 2, 4, 5, 3, 4, 5, 6, 5, 3, 3, 5, 3, 2, 5, 5, 4, 3, 1, 16596]
[1932, 5, 4, 2, 3, 5, 2, 4, 5, 5, 3, 5, 2, 2, 3, 4, 3, 3, 4, 6, 2, 5, 3, 0, 23864]
[1975, 3, 3, 5, 2, 4, 3, 4, 1, 5, 1, 4, 2, 2, 3, 3, 3, 4, 4, 6, 3, 4, 5, 0, 34429]
[1978, 4, 4, 3, 2, 4, 3, 4, 4, 2, 5, 3, 3, 2, 2, 4, 2, 4, 5, 5, 1, 5, 5, 2, 14860]
[1987, 4, 2, 6, 2, 3, 2, 3, 3, 1, 5, 3, 2, 6, 4, 2, 6, 5, 4, 3, 4, 3, 5, 3, 6694]
[1882, 3, 4, 5, 4, 3, 2, 3, 2, 5, 4, 2, 3, 5, 3, 3, 5, 4, 4, 3, 4, 4, 4, 0, 13941]
[1964, 3, 1, 3, 4, 3, 2, 6, 5, 2, 3, 2, 1, 4, 3, 1, 3, 4, 3, 3, 2, 3, 3, 0, 32968]
[1891, 3, 3, 4, 2, 4, 3, 3, 3, 4, 3, 3, 6, 5, 4, 4, 2, 5, 3, 5, 5, 4, 4, 0, 16694]
[1864, 5, 3, 5, 4, 5, 3, 5, 5, 3, 5, 3, 5, 6, 3, 4, 4, 5, 3, 6, 4, 3, 4, 0, 10675]
[1976, 2, 5, 6, 4, 3, 3, 2, 3, 2, 4, 4, 3, 5, 4, 4, 5, 5, 2, 4, 3, 4, 4, 1, 25856]
[1877, 4, 4, 4, 2, 3, 2, 2, 2, 5, 5, 3, 4, 5, 5, 1, 3, 2, 2, 6, 4, 4, 2, 0, 14075]
[1980, 4, 5, 4, 2, 4, 2, 3, 2, 3, 4, 1, 3, 1, 4, 2, 2, 3, 5, 4, 4, 5, 3, 1, 27197]
[1969, 3, 3, 4, 5, 5, 3, 4, 5, 3, 5, 3, 5, 6, 3, 2, 4, 2, 3, 5, 4, 4, 3, 0, 35311]
[1997, 4, 3, 5, 3, 3, 4, 2, 3, 4, 4, 2, 4, 1, 3, 4, 3, 4, 5, 6, 3, 5, 4, 0, 41776]
[1897, 3, 1, 6, 1, 4, 1, 5, 2, 4, 2, 1, 4, 2, 4, 2, 3, 4, 3, 5, 4, 4, 2, 0, 20311]
[1991, 2, 2, 2, 3, 4, 1, 4, 4, 4, 3, 2, 2, 4, 2, 3, 3, 3, 4, 5, 1, 3, 5, 1, 31271]
[1880, 3, 4, 5, 4, 4, 2, 3, 5, 3, 2, 4, 2, 5, 4, 4, 4, 3, 3, 4, 2, 4, 4, 0, 17030]
[1986, 5, 5, 3, 2, 4, 2, 3, 3, 5, 4, 1, 4, 3, 4, 3, 6, 4, 4, 3, 5, 6, 2, 2, 20471]
[1871, 3, 3, 3, 2, 5, 4, 4, 4, 3, 4, 3, 5, 5, 3, 2, 5, 3, 4, 4, 5, 4, 5, 0, 15107]
[1929, 5, 2, 6, 1, 3, 3, 3, 5, 3, 5, 2, 5, 3, 4, 1, 5, 2, 4, 4, 4, 4, 5, 2, 7949]
[1863, 3, 5, 6, 2, 3, 4, 5, 4, 4, 3, 2, 3, 6, 2, 1, 4, 4, 4, 5, 2, 5, 2, 0, 13994]
[1978, 4, 2, 6, 3, 3, 2, 3, 4, 4, 1, 2, 3, 2, 3, 4, 3, 4, 1, 6, 5, 4, 4, 0, 39853]
[1911, 4, 4, 4, 3, 5, 3, 5, 3, 3, 4, 4, 3, 2, 4, 2, 5, 5, 5, 5, 3, 5, 4, 0, 24878]
[1883, 4, 4, 3, 3, 4, 3, 4, 2, 5, 5, 3, 3, 3, 5, 3, 4, 4, 4, 5, 3, 4, 3, 0, 19405]
[1906, 5, 2, 3, 5, 5, 2, 4, 3, 4, 1, 2, 2, 3, 2, 1, 2, 4, 1, 4, 5, 5, 5, 0, 24596]
[1858, 4, 4, 3, 4, 4, 2, 3, 3, 5, 5, 4, 2, 3, 3, 1, 2, 4, 1, 4, 2, 5, 2, 0, 14252]
[1964, 4, 4, 5, 4, 5, 1, 3, 2, 3, 4, 2, 5, 2, 3, 3, 3, 4, 3, 5, 2, 4, 3, 0, 38733]
[1873, 4, 5, 6, 4, 3, 5, 6, 3, 5, 4, 4, 3, 3, 4, 3, 5, 2, 2, 4, 5, 3, 4, 0, 19313]
[1884, 5, 3, 4, 2, 2, 3, 2, 2, 3, 2, 4, 2, 5, 4, 3, 2, 3, 5, 4, 5, 5, 2, 0, 21828]
[1969, 1, 3, 3, 3, 4, 4, 2, 3, 3, 5, 2, 5, 6, 2, 2, 4, 2, 4, 3, 2, 3, 5, 2, 20596]
[1863, 3, 1, 1, 3, 5, 2, 4, 4, 5, 3, 5, 5, 5, 3, 4, 2, 5, 2, 3, 3, 4, 3, 0, 17198]
[1973, 3, 4, 5, 5, 3, 4, 4, 2, 5, 2, 4, 2, 1, 4, 3, 4, 3, 5, 4, 4, 5, 3, 0, 42102]
[1930, 3, 4, 3, 2, 4, 4, 2, 2, 3, 1, 4, 3, 2, 4, 2, 3, 5, 5, 4, 6, 3, 1, 0, 32820]
[1822, 4, 5, 5, 4, 3, 2, 4, 3, 5, 4, 4, 4, 5, 4, 2, 2, 2, 2, 3, 3, 5, 2, 0, 8941]
[1931, 4, 1, 5, 6, 2, 4, 2, 3, 5, 4, 2, 2, 4, 4, 1, 3, 3, 5, 5, 3, 5, 5, 1, 23429]
[1866, 2, 5, 5, 4, 4, 2, 2, 5, 3, 4, 3, 3, 6, 3, 3, 2, 5, 3, 5, 1, 3, 3, 0, 19141]
[1902, 3, 5, 3, 4, 3, 2, 3, 4, 5, 4, 1, 3, 2, 4, 3, 5, 4, 4, 4, 2, 3, 4, 0, 27472]
[1865, 4, 5, 3, 4, 3, 1, 2, 1, 4, 2, 1, 4, 5, 3, 4, 2, 4, 2, 5, 4, 3, 3, 0, 19289]
[1959, 4, 2, 5, 4, 4, 5, 5, 5, 3, 3, 3, 3, 5, 3, 4, 3, 3, 4, 5, 2, 5, 3, 0, 40824]
[1970, 2, 2, 5, 3, 2, 3, 3, 3, 4, 5, 4, 2, 4, 3, 4, 3, 2, 3, 4, 4, 3, 5, 3, 12707]
[1858, 5, 4, 3, 4, 3, 3, 4, 2, 4, 3, 4, 5, 3, 2, 4, 3, 2, 4, 4, 2, 4, 2, 0, 18232]
[1997, 4, 1, 5, 2, 2, 3, 2, 3, 4, 4, 2, 6, 4, 3, 4, 5, 3, 3, 5, 5, 4, 2, 2, 29738]
[1900, 3, 4, 4, 3, 5, 1, 2, 3, 2, 4, 5, 5, 3, 3, 3, 4, 5, 4, 5, 3, 4, 4, 1, 18636]
[1790, 5, 2, 2, 5, 5, 1, 4, 4, 5, 5, 5, 3, 3, 3, 3, 3, 5, 5, 4, 5, 4, 4, 0, 4400]

This is the average of the best gotten from sway: {'Loc+': 1036.9025000000001, 'Risk-': 5.935999999999999, 'Effort-': 27001.739}
The rank with respect to the top 80 is 81, i.e it is worst than everything else
--------------------------------------------------------------------------------------------------------------------------------------------------------------------------------------------------------

sway2 and xpln for budget 0.5(the["min"])
         Loc+    Risk-    Effort-    n_evals avg
----  -------  -------  ---------  -------------
all   1009.04     6.59    30506.4              0
sway   999.47    6.662    31665.6              8
xpln  1008.26   6.3295    32403.3              8
top   1941.14   0.4015    19820.2          10000
              Loc+    Risk-    Effort-
------------  ------  -------  ---------
all to all    =       =        =
all to sway   neq     neq      neq
sway to xpln  neq     neq      neq
sway to top   neq     neq      neq

0th iteration mean and sd:
Mean: {'Loc+': 1008.58, 'Risk-': 6.12, 'Effort-': 27502.54}SD: {'Loc+': 559.56, 'Risk-': 5.85, 'Effort-': 30400.11}

1th iteration mean and sd:
Mean: {'Loc+': 1037.29, 'Risk-': 4.95, 'Effort-': 49426.35}SD: {'Loc+': 521.26, 'Risk-': 4.94, 'Effort-': 46738.63}

2th iteration mean and sd:
Mean: {'Loc+': 928.19, 'Risk-': 4.63, 'Effort-': 14648.32}SD: {'Loc+': 566.53, 'Risk-': 4.45, 'Effort-': 16375.83}

3th iteration mean and sd:
Mean: {'Loc+': 1001.4, 'Risk-': 6.74, 'Effort-': 31027.24}SD: {'Loc+': 570.08, 'Risk-': 5.85, 'Effort-': 32748.37}

4th iteration mean and sd:
Mean: {'Loc+': 1150.08, 'Risk-': 6.36, 'Effort-': 24636.38}SD: {'Loc+': 522.69, 'Risk-': 4.83, 'Effort-': 21095.97}

5th iteration mean and sd:
Mean: {'Loc+': 995.04, 'Risk-': 6.37, 'Effort-': 28100.71}SD: {'Loc+': 540.67, 'Risk-': 6.31, 'Effort-': 23928.55}

6th iteration mean and sd:
Mean: {'Loc+': 985.19, 'Risk-': 6.77, 'Effort-': 19861.54}SD: {'Loc+': 547.28, 'Risk-': 5.71, 'Effort-': 15553.2}

7th iteration mean and sd:
Mean: {'Loc+': 1015.91, 'Risk-': 3.46, 'Effort-': 15902.92}SD: {'Loc+': 571.3, 'Risk-': 3.75, 'Effort-': 13506.76}

8th iteration mean and sd:
Mean: {'Loc+': 991.74, 'Risk-': 4.68, 'Effort-': 30102.73}SD: {'Loc+': 577.89, 'Risk-': 4.81, 'Effort-': 24428.44}

9th iteration mean and sd:
Mean: {'Loc+': 1037.29, 'Risk-': 4.95, 'Effort-': 49426.35}SD: {'Loc+': 521.26, 'Risk-': 4.94, 'Effort-': 46738.63}

10th iteration mean and sd:
Mean: {'Loc+': 954.08, 'Risk-': 6.45, 'Effort-': 24118.03}SD: {'Loc+': 606.11, 'Risk-': 6.09, 'Effort-': 23186.56}

11th iteration mean and sd:
Mean: {'Loc+': 963.78, 'Risk-': 9.13, 'Effort-': 26114.68}SD: {'Loc+': 539.44, 'Risk-': 6.69, 'Effort-': 25259.5}

12th iteration mean and sd:
Mean: {'Loc+': 909.09, 'Risk-': 4.37, 'Effort-': 25741.92}SD: {'Loc+': 594.09, 'Risk-': 4.39, 'Effort-': 29706.56}

13th iteration mean and sd:
Mean: {'Loc+': 1050.18, 'Risk-': 9.99, 'Effort-': 39367.54}SD: {'Loc+': 660.71, 'Risk-': 7.71, 'Effort-': 37323.67}

14th iteration mean and sd:
Mean: {'Loc+': 1005.44, 'Risk-': 3.68, 'Effort-': 26561.54}SD: {'Loc+': 566.37, 'Risk-': 3.96, 'Effort-': 36564.82}

15th iteration mean and sd:
Mean: {'Loc+': 845.54, 'Risk-': 11.78, 'Effort-': 62092.04}SD: {'Loc+': 611.67, 'Risk-': 7.71, 'Effort-': 82008.02}

16th iteration mean and sd:
Mean: {'Loc+': 1041.24, 'Risk-': 9.13, 'Effort-': 39656.77}SD: {'Loc+': 593.23, 'Risk-': 6.27, 'Effort-': 34700.4}

17th iteration mean and sd:
Mean: {'Loc+': 1074.58, 'Risk-': 7.03, 'Effort-': 35455.42}SD: {'Loc+': 570.0, 'Risk-': 5.73, 'Effort-': 33887.21}

18th iteration mean and sd:
Mean: {'Loc+': 950.65, 'Risk-': 6.37, 'Effort-': 15967.58}SD: {'Loc+': 550.77, 'Risk-': 4.76, 'Effort-': 13696.77}

19th iteration mean and sd:
Mean: {'Loc+': 1044.11, 'Risk-': 10.28, 'Effort-': 47601.71}SD: {'Loc+': 551.66, 'Risk-': 7.51, 'Effort-': 44731.72}

These are the 80 best ranks according to zitlers domination predicate for the whole dataset
[1993, 4, 4, 2, 2, 4, 2, 2, 4, 5, 4, 4, 4, 3, 4, 2, 4, 3, 3, 3, 4, 3, 3, 0, 14928]
[1991, 4, 3, 5, 3, 3, 5, 3, 4, 4, 5, 3, 2, 5, 4, 2, 3, 5, 4, 5, 2, 4, 4, 0, 14946]
[1976, 3, 2, 5, 2, 3, 1, 2, 2, 5, 4, 5, 5, 3, 2, 3, 4, 4, 4, 3, 6, 4, 2, 0, 11879]
[1962, 3, 5, 2, 2, 2, 3, 4, 3, 2, 4, 5, 1, 5, 3, 1, 3, 5, 3, 4, 5, 3, 3, 0, 9911]
[1947, 4, 4, 6, 2, 3, 3, 5, 3, 5, 2, 4, 2, 3, 3, 4, 3, 4, 3, 6, 5, 4, 4, 0, 7217]
[1992, 3, 5, 6, 2, 2, 2, 4, 4, 2, 1, 5, 5, 3, 2, 3, 4, 3, 3, 4, 4, 5, 4, 1, 7562]
[1992, 3, 4, 3, 1, 2, 3, 5, 1, 4, 5, 2, 4, 3, 4, 3, 3, 4, 4, 5, 5, 5, 2, 0, 18321]
[1975, 4, 4, 1, 1, 2, 3, 5, 2, 2, 3, 3, 2, 3, 5, 2, 4, 5, 3, 4, 4, 3, 4, 0, 16346]
[1941, 3, 1, 3, 1, 3, 3, 4, 4, 3, 1, 4, 4, 4, 2, 2, 3, 5, 2, 4, 3, 4, 4, 0, 9059]
[1939, 3, 2, 6, 1, 2, 3, 4, 4, 2, 2, 5, 2, 4, 5, 2, 2, 5, 2, 4, 3, 3, 4, 0, 8816]
[1986, 3, 1, 3, 5, 3, 2, 4, 3, 5, 2, 3, 3, 1, 2, 1, 3, 3, 4, 3, 5, 4, 4, 0, 20744]
[1970, 3, 1, 6, 1, 3, 5, 3, 4, 4, 4, 3, 1, 1, 5, 2, 4, 5, 3, 3, 3, 3, 3, 0, 17219]
[1969, 2, 5, 2, 4, 4, 2, 6, 4, 1, 3, 3, 3, 3, 4, 1, 3, 5, 4, 3, 1, 3, 4, 0, 17733]
[1999, 5, 3, 3, 2, 3, 3, 2, 5, 3, 1, 4, 6, 2, 2, 2, 6, 4, 4, 4, 1, 5, 5, 1, 14908]
[1933, 3, 5, 1, 5, 3, 1, 5, 4, 3, 4, 5, 2, 4, 3, 2, 4, 4, 2, 3, 5, 4, 4, 0, 11038]
[1962, 4, 3, 4, 4, 3, 2, 5, 5, 3, 5, 4, 4, 5, 5, 2, 3, 4, 2, 5, 6, 5, 1, 1, 7862]
[1972, 3, 1, 6, 1, 2, 1, 1, 3, 2, 4, 4, 3, 2, 3, 4, 3, 4, 3, 4, 6, 5, 4, 1, 10232]
[1995, 5, 1, 5, 2, 3, 2, 1, 3, 4, 3, 2, 2, 2, 3, 2, 2, 3, 3, 5, 4, 4, 3, 0, 26701]
[1993, 1, 5, 5, 2, 5, 2, 2, 1, 4, 3, 3, 5, 2, 5, 3, 2, 4, 1, 4, 5, 3, 4, 1, 16559]
[1904, 5, 4, 4, 1, 4, 2, 2, 3, 5, 4, 2, 2, 3, 2, 2, 4, 5, 2, 5, 6, 4, 4, 0, 8284]
[1984, 5, 3, 4, 3, 4, 2, 3, 4, 3, 1, 2, 6, 5, 2, 2, 4, 4, 4, 5, 5, 6, 4, 1, 16302]
[1985, 3, 3, 3, 2, 4, 3, 3, 4, 5, 5, 2, 2, 5, 3, 1, 3, 3, 2, 4, 4, 4, 3, 0, 27048]
[1961, 4, 5, 4, 6, 4, 2, 2, 2, 4, 5, 1, 2, 5, 2, 4, 3, 5, 3, 5, 5, 5, 4, 0, 22265]
[1947, 4, 3, 4, 3, 3, 3, 6, 4, 4, 4, 4, 5, 4, 3, 2, 4, 3, 4, 5, 2, 5, 1, 0, 19178]
[1937, 3, 5, 4, 3, 4, 4, 4, 3, 2, 4, 4, 6, 3, 2, 1, 4, 4, 4, 4, 5, 4, 3, 1, 7767]
[1934, 4, 3, 1, 4, 2, 3, 5, 4, 4, 3, 5, 5, 4, 4, 3, 5, 3, 3, 3, 4, 5, 2, 0, 17752]
[1916, 4, 3, 6, 2, 4, 5, 2, 3, 5, 2, 4, 6, 4, 4, 2, 4, 4, 3, 3, 5, 4, 3, 0, 14005]
[1974, 4, 5, 1, 2, 3, 3, 4, 2, 5, 2, 4, 5, 3, 4, 3, 5, 4, 2, 5, 2, 6, 3, 0, 28281]
[1936, 3, 3, 3, 4, 4, 4, 2, 4, 4, 2, 2, 5, 5, 2, 2, 4, 4, 4, 3, 6, 3, 3, 0, 20586]
[1919, 2, 4, 5, 2, 2, 3, 3, 3, 2, 4, 4, 2, 3, 5, 1, 2, 4, 2, 3, 4, 4, 2, 0, 17438]
[1905, 4, 5, 3, 3, 2, 2, 2, 4, 5, 5, 5, 4, 2, 3, 3, 3, 3, 1, 4, 5, 4, 2, 0, 14680]
[1995, 4, 3, 1, 2, 2, 3, 5, 3, 3, 4, 2, 5, 1, 3, 3, 2, 2, 5, 6, 4, 4, 2, 1, 25764]
[1937, 4, 4, 6, 5, 2, 2, 3, 2, 4, 4, 5, 4, 3, 2, 3, 5, 4, 4, 3, 3, 3, 2, 1, 13107]
[1966, 3, 5, 4, 3, 4, 1, 2, 3, 5, 4, 3, 2, 4, 2, 1, 3, 4, 1, 4, 2, 6, 3, 1, 19898]
[1990, 4, 4, 1, 4, 2, 5, 4, 5, 5, 4, 1, 4, 3, 4, 2, 3, 5, 2, 6, 2, 5, 4, 0, 35577]
[1946, 4, 2, 1, 3, 5, 2, 4, 5, 3, 4, 5, 6, 5, 3, 3, 5, 3, 2, 5, 5, 4, 3, 1, 16596]
[1932, 5, 4, 2, 3, 5, 2, 4, 5, 5, 3, 5, 2, 2, 3, 4, 3, 3, 4, 6, 2, 5, 3, 0, 23864]
[1975, 3, 3, 5, 2, 4, 3, 4, 1, 5, 1, 4, 2, 2, 3, 3, 3, 4, 4, 6, 3, 4, 5, 0, 34429]
[1978, 4, 4, 3, 2, 4, 3, 4, 4, 2, 5, 3, 3, 2, 2, 4, 2, 4, 5, 5, 1, 5, 5, 2, 14860]
[1987, 4, 2, 6, 2, 3, 2, 3, 3, 1, 5, 3, 2, 6, 4, 2, 6, 5, 4, 3, 4, 3, 5, 3, 6694]
[1882, 3, 4, 5, 4, 3, 2, 3, 2, 5, 4, 2, 3, 5, 3, 3, 5, 4, 4, 3, 4, 4, 4, 0, 13941]
[1964, 3, 1, 3, 4, 3, 2, 6, 5, 2, 3, 2, 1, 4, 3, 1, 3, 4, 3, 3, 2, 3, 3, 0, 32968]
[1891, 3, 3, 4, 2, 4, 3, 3, 3, 4, 3, 3, 6, 5, 4, 4, 2, 5, 3, 5, 5, 4, 4, 0, 16694]
[1864, 5, 3, 5, 4, 5, 3, 5, 5, 3, 5, 3, 5, 6, 3, 4, 4, 5, 3, 6, 4, 3, 4, 0, 10675]
[1976, 2, 5, 6, 4, 3, 3, 2, 3, 2, 4, 4, 3, 5, 4, 4, 5, 5, 2, 4, 3, 4, 4, 1, 25856]
[1877, 4, 4, 4, 2, 3, 2, 2, 2, 5, 5, 3, 4, 5, 5, 1, 3, 2, 2, 6, 4, 4, 2, 0, 14075]
[1980, 4, 5, 4, 2, 4, 2, 3, 2, 3, 4, 1, 3, 1, 4, 2, 2, 3, 5, 4, 4, 5, 3, 1, 27197]
[1969, 3, 3, 4, 5, 5, 3, 4, 5, 3, 5, 3, 5, 6, 3, 2, 4, 2, 3, 5, 4, 4, 3, 0, 35311]
[1997, 4, 3, 5, 3, 3, 4, 2, 3, 4, 4, 2, 4, 1, 3, 4, 3, 4, 5, 6, 3, 5, 4, 0, 41776]
[1897, 3, 1, 6, 1, 4, 1, 5, 2, 4, 2, 1, 4, 2, 4, 2, 3, 4, 3, 5, 4, 4, 2, 0, 20311]
[1991, 2, 2, 2, 3, 4, 1, 4, 4, 4, 3, 2, 2, 4, 2, 3, 3, 3, 4, 5, 1, 3, 5, 1, 31271]
[1880, 3, 4, 5, 4, 4, 2, 3, 5, 3, 2, 4, 2, 5, 4, 4, 4, 3, 3, 4, 2, 4, 4, 0, 17030]
[1986, 5, 5, 3, 2, 4, 2, 3, 3, 5, 4, 1, 4, 3, 4, 3, 6, 4, 4, 3, 5, 6, 2, 2, 20471]
[1871, 3, 3, 3, 2, 5, 4, 4, 4, 3, 4, 3, 5, 5, 3, 2, 5, 3, 4, 4, 5, 4, 5, 0, 15107]
[1929, 5, 2, 6, 1, 3, 3, 3, 5, 3, 5, 2, 5, 3, 4, 1, 5, 2, 4, 4, 4, 4, 5, 2, 7949]
[1863, 3, 5, 6, 2, 3, 4, 5, 4, 4, 3, 2, 3, 6, 2, 1, 4, 4, 4, 5, 2, 5, 2, 0, 13994]
[1978, 4, 2, 6, 3, 3, 2, 3, 4, 4, 1, 2, 3, 2, 3, 4, 3, 4, 1, 6, 5, 4, 4, 0, 39853]
[1911, 4, 4, 4, 3, 5, 3, 5, 3, 3, 4, 4, 3, 2, 4, 2, 5, 5, 5, 5, 3, 5, 4, 0, 24878]
[1883, 4, 4, 3, 3, 4, 3, 4, 2, 5, 5, 3, 3, 3, 5, 3, 4, 4, 4, 5, 3, 4, 3, 0, 19405]
[1906, 5, 2, 3, 5, 5, 2, 4, 3, 4, 1, 2, 2, 3, 2, 1, 2, 4, 1, 4, 5, 5, 5, 0, 24596]
[1858, 4, 4, 3, 4, 4, 2, 3, 3, 5, 5, 4, 2, 3, 3, 1, 2, 4, 1, 4, 2, 5, 2, 0, 14252]
[1964, 4, 4, 5, 4, 5, 1, 3, 2, 3, 4, 2, 5, 2, 3, 3, 3, 4, 3, 5, 2, 4, 3, 0, 38733]
[1873, 4, 5, 6, 4, 3, 5, 6, 3, 5, 4, 4, 3, 3, 4, 3, 5, 2, 2, 4, 5, 3, 4, 0, 19313]
[1884, 5, 3, 4, 2, 2, 3, 2, 2, 3, 2, 4, 2, 5, 4, 3, 2, 3, 5, 4, 5, 5, 2, 0, 21828]
[1969, 1, 3, 3, 3, 4, 4, 2, 3, 3, 5, 2, 5, 6, 2, 2, 4, 2, 4, 3, 2, 3, 5, 2, 20596]
[1863, 3, 1, 1, 3, 5, 2, 4, 4, 5, 3, 5, 5, 5, 3, 4, 2, 5, 2, 3, 3, 4, 3, 0, 17198]
[1973, 3, 4, 5, 5, 3, 4, 4, 2, 5, 2, 4, 2, 1, 4, 3, 4, 3, 5, 4, 4, 5, 3, 0, 42102]
[1930, 3, 4, 3, 2, 4, 4, 2, 2, 3, 1, 4, 3, 2, 4, 2, 3, 5, 5, 4, 6, 3, 1, 0, 32820]
[1822, 4, 5, 5, 4, 3, 2, 4, 3, 5, 4, 4, 4, 5, 4, 2, 2, 2, 2, 3, 3, 5, 2, 0, 8941]
[1931, 4, 1, 5, 6, 2, 4, 2, 3, 5, 4, 2, 2, 4, 4, 1, 3, 3, 5, 5, 3, 5, 5, 1, 23429]
[1866, 2, 5, 5, 4, 4, 2, 2, 5, 3, 4, 3, 3, 6, 3, 3, 2, 5, 3, 5, 1, 3, 3, 0, 19141]
[1902, 3, 5, 3, 4, 3, 2, 3, 4, 5, 4, 1, 3, 2, 4, 3, 5, 4, 4, 4, 2, 3, 4, 0, 27472]
[1865, 4, 5, 3, 4, 3, 1, 2, 1, 4, 2, 1, 4, 5, 3, 4, 2, 4, 2, 5, 4, 3, 3, 0, 19289]
[1959, 4, 2, 5, 4, 4, 5, 5, 5, 3, 3, 3, 3, 5, 3, 4, 3, 3, 4, 5, 2, 5, 3, 0, 40824]
[1970, 2, 2, 5, 3, 2, 3, 3, 3, 4, 5, 4, 2, 4, 3, 4, 3, 2, 3, 4, 4, 3, 5, 3, 12707]
[1858, 5, 4, 3, 4, 3, 3, 4, 2, 4, 3, 4, 5, 3, 2, 4, 3, 2, 4, 4, 2, 4, 2, 0, 18232]
[1997, 4, 1, 5, 2, 2, 3, 2, 3, 4, 4, 2, 6, 4, 3, 4, 5, 3, 3, 5, 5, 4, 2, 2, 29738]
[1900, 3, 4, 4, 3, 5, 1, 2, 3, 2, 4, 5, 5, 3, 3, 3, 4, 5, 4, 5, 3, 4, 4, 1, 18636]
[1790, 5, 2, 2, 5, 5, 1, 4, 4, 5, 5, 5, 3, 3, 3, 3, 3, 5, 5, 4, 5, 4, 4, 0, 4400]

This is the average of the best gotten from sway: {'Loc+': 999.47, 'Risk-': 6.662000000000001, 'Effort-': 31665.615499999993}
The rank with respect to the top 80 is 81, i.e it is worst than everything else
--------------------------------------------------------------------------------------------------------------------------------------------------------------------------------------------------------
