
sway and xpln for budget 0.5(the["min"])
         MRE-     ACC+    PRED40+    n_evals avg
----  -------  -------  ---------  -------------
all     92.29    -8.53      17.79              0
sway   28.627  -0.4605     59.947              8
xpln  29.9015  -0.4875    58.9675              8
top         0        0      83.33          10000
              MRE-    ACC+    PRED40+
------------  ------  ------  ---------
all to all    =       =       =
all to sway   neq     neq     neq
sway to xpln  neq     neq     neq
sway to top   neq     neq     neq

0th iteration mean and sd:
Mean: {'MRE-': 53.16, 'ACC+': -0.57, 'PRED40+': 39.53}SD: {'MRE-': 50.83, 'ACC+': 0.69, 'PRED40+': 41.88}

1th iteration mean and sd:
Mean: {'MRE-': 6.68, 'ACC+': -0.23, 'PRED40+': 77.99}SD: {'MRE-': 25.71, 'ACC+': 1.04, 'PRED40+': 20.54}

2th iteration mean and sd:
Mean: {'MRE-': 56.75, 'ACC+': -0.92, 'PRED40+': 37.61}SD: {'MRE-': 51.81, 'ACC+': 1.92, 'PRED40+': 41.56}

3th iteration mean and sd:
Mean: {'MRE-': 47.76, 'ACC+': -0.31, 'PRED40+': 43.8}SD: {'MRE-': 50.6, 'ACC+': 0.37, 'PRED40+': 41.88}

4th iteration mean and sd:
Mean: {'MRE-': 23.54, 'ACC+': -0.41, 'PRED40+': 64.1}SD: {'MRE-': 43.26, 'ACC+': 1.05, 'PRED40+': 35.34}

5th iteration mean and sd:
Mean: {'MRE-': 14.49, 'ACC+': -0.35, 'PRED40+': 71.58}SD: {'MRE-': 36.02, 'ACC+': 1.09, 'PRED40+': 29.19}

6th iteration mean and sd:
Mean: {'MRE-': 13.29, 'ACC+': -0.4, 'PRED40+': 72.65}SD: {'MRE-': 34.91, 'ACC+': 1.38, 'PRED40+': 28.04}

7th iteration mean and sd:
Mean: {'MRE-': 13.41, 'ACC+': -0.48, 'PRED40+': 72.65}SD: {'MRE-': 35.21, 'ACC+': 1.58, 'PRED40+': 28.04}

8th iteration mean and sd:
Mean: {'MRE-': 47.86, 'ACC+': -0.4, 'PRED40+': 43.8}SD: {'MRE-': 50.71, 'ACC+': 0.55, 'PRED40+': 41.88}

9th iteration mean and sd:
Mean: {'MRE-': 14.59, 'ACC+': -0.42, 'PRED40+': 71.58}SD: {'MRE-': 36.27, 'ACC+': 1.35, 'PRED40+': 29.19}

10th iteration mean and sd:
Mean: {'MRE-': 49.36, 'ACC+': -0.54, 'PRED40+': 42.74}SD: {'MRE-': 51.02, 'ACC+': 1.44, 'PRED40+': 41.92}

11th iteration mean and sd:
Mean: {'MRE-': 46.58, 'ACC+': -0.41, 'PRED40+': 44.87}SD: {'MRE-': 50.64, 'ACC+': 0.49, 'PRED40+': 41.81}

12th iteration mean and sd:
Mean: {'MRE-': 19.68, 'ACC+': -0.42, 'PRED40+': 67.31}SD: {'MRE-': 40.6, 'ACC+': 0.96, 'PRED40+': 33.06}

13th iteration mean and sd:
Mean: {'MRE-': 26.01, 'ACC+': -0.35, 'PRED40+': 61.97}SD: {'MRE-': 44.58, 'ACC+': 0.67, 'PRED40+': 36.62}

14th iteration mean and sd:
Mean: {'MRE-': 21.27, 'ACC+': -0.65, 'PRED40+': 66.24}SD: {'MRE-': 42.16, 'ACC+': 1.6, 'PRED40+': 33.87}

15th iteration mean and sd:
Mean: {'MRE-': 38.03, 'ACC+': -0.65, 'PRED40+': 52.35}SD: {'MRE-': 49.82, 'ACC+': 1.47, 'PRED40+': 40.53}

16th iteration mean and sd:
Mean: {'MRE-': 33.91, 'ACC+': -0.55, 'PRED40+': 55.56}SD: {'MRE-': 48.28, 'ACC+': 0.91, 'PRED40+': 39.54}

17th iteration mean and sd:
Mean: {'MRE-': 18.43, 'ACC+': -0.42, 'PRED40+': 68.38}SD: {'MRE-': 39.66, 'ACC+': 1.17, 'PRED40+': 32.19}

18th iteration mean and sd:
Mean: {'MRE-': 15.79, 'ACC+': -0.37, 'PRED40+': 70.51}SD: {'MRE-': 37.28, 'ACC+': 0.97, 'PRED40+': 30.26}

19th iteration mean and sd:
Mean: {'MRE-': 11.95, 'ACC+': -0.36, 'PRED40+': 73.72}SD: {'MRE-': 33.33, 'ACC+': 1.21, 'PRED40+': 26.8}

These are the 80 best ranks according to zitlers domination predicate for the whole dataset
[0, 0, 83.33333333, 110, 0, 12, 3.5, 11]
[0, 0, 83.33333333, 50, 0, 9, 2, 5]
[0, 0, 83.33333333, 10, 0, 5, 8.5, 19]
[0, 0, 83.33333333, 100, 0, 13, 3.25, 13]
[0, 0, 83.33333333, 60, 0, 17, 9, 5]
[0, 0, 83.33333333, 140, 0, 17, 1.75, 13]
[0, 0, 83.33333333, 70, 0, 18, 4, 7]
[0, 0, 83.33333333, 200, 0, 18, 0.5, 15]
[0, 0, 83.33333333, 10, 0, 11, 5.25, 7]
[0, 0, 83.33333333, 70, 0, 7, 5.25, 2]
[0, 0, 83.33333333, 150, 0, 7, 4.25, 12]
[0, 0, 83.33333333, 140, 0, 18, 4.75, 14]
[0, 0, 83.33333333, 120, 0, 4, 7.25, 3]
[0, 0, 83.33333333, 130, 0, 17, 8, 14]
[0, 0, 83.33333333, 160, 0, 4, 2.5, 5]
[0, 0, 83.33333333, 80, 0, 3, 8.5, 12]
[0, 0, 83.33333333, 120, 0, 19, 2.5, 17]
[0, 0, 83.33333333, 180, 0, 10, 1.5, 9]
[0, 0, 83.33333333, 110, 0, 12, 4.75, 17]
[0, 0, 83.33333333, 130, 0, 9, 9.75, 8]
[0, 0, 83.33333333, 30, 0, 20, 4.5, 20]
[0, 0, 83.33333333, 30, 0, 13, 9.5, 13]
[0, 0, 83.33333333, 20, 0, 5, 3, 9]
[0, 0, 83.33333333, 10, 0, 5, 7.5, 18]
[0, 0, 83.33333333, 110, 0, 11, 5.25, 20]
[0, 0, 83.33333333, 150, 0, 4, 1.25, 2]
[0, 0, 83.33333333, 90, 0, 18, 5.5, 5]
[0, 0, 83.33333333, 50, 0, 15, 0, 11]
[0, 0, 83.33333333, 30, 0, 10, 4.75, 8]
[0, 0, 83.33333333, 140, 0, 6, 1.5, 4]
[0, 0, 83.33333333, 100, 0, 13, 7, 15]
[0, 0, 83.33333333, 120, 0, 16, 4.75, 19]
[0, 0, 83.33333333, 130, 0, 14, 9.75, 10]
[0, 0, 83.33333333, 30, 0, 20, 0.25, 9]
[0, 0, 83.33333333, 120, 0, 20, 9.75, 2]
[0, 0, 83.33333333, 50, 0, 20, 4.25, 2]
[0, 0, 83.33333333, 70, 0, 18, 7.25, 4]
[0, 0, 83.33333333, 120, 0, 11, 7, 5]
[0, 0, 83.33333333, 100, 0, 9, 2.75, 19]
[0, 0, 83.33333333, 120, 0, 17, 5.75, 11]
[0, 0, 83.33333333, 70, 0, 11, 5, 11]
[0, 0, 83.33333333, 110, 0, 4, 9, 3]
[0, 0, 83.33333333, 80, 0, 17, 6.75, 3]
[0, 0, 83.33333333, 200, 0, 6, 5, 3]
[0, 0, 83.33333333, 130, 0, 8, 1.5, 6]
[0, 0, 83.33333333, 10, 0, 18, 9.5, 4]
[0, 0, 83.33333333, 20, 0, 5, 8.5, 19]
[0, 0, 83.33333333, 100, 0, 19, 5.75, 18]
[0, 0, 83.33333333, 70, 0, 17, 2, 17]
[0, 0, 83.33333333, 120, 0, 18, 3.25, 11]
[0, 0, 83.33333333, 60, 0, 12, 8.75, 3]
[0, 0, 83.33333333, 160, 0, 5, 5, 2]
[0, 0, 83.33333333, 20, 0, 20, 9.5, 13]
[0, 0, 83.33333333, 180, 0, 19, 2, 3]
[0, 0, 83.33333333, 10, 0, 14, 9, 14]
[0, 0, 83.33333333, 130, 0, 8, 1.25, 1]
[0, 0, 83.33333333, 180, 0, 3, 1.25, 4]
[0, 0, 83.33333333, 150, 0, 7, 9, 13]
[0, 0, 83.33333333, 40, 0, 7, 7, 18]
[0, 0, 83.33333333, 200, 0, 3, 6.5, 9]
[0, 0, 83.33333333, 50, 0, 1, 9.75, 13]
[0, 0, 83.33333333, 90, 0, 19, 4, 8]
[0, 0, 83.33333333, 120, 0, 17, 8.75, 2]
[0, 0, 83.33333333, 120, 0, 14, 3.5, 4]
[0, 0, 83.33333333, 150, 0, 17, 7.25, 15]
[0, 0, 83.33333333, 10, 0, 12, 7.5, 8]
[0, 0, 83.33333333, 140, 0, 20, 0, 12]
[0, 0, 83.33333333, 190, 0, 17, 5.25, 4]
[0, 0, 83.33333333, 70, 0, 18, 7.5, 12]
[0, 0, 83.33333333, 110, 0, 2, 6.75, 7]
[0, 0, 83.33333333, 20, 0, 16, 10, 4]
[0, 0, 83.33333333, 120, 0, 16, 9.5, 19]
[0, 0, 83.33333333, 30, 0, 14, 0.75, 20]
[0, 0, 83.33333333, 130, 0, 6, 6.75, 7]
[0, 0, 83.33333333, 20, 0, 18, 4, 8]
[0, 0, 83.33333333, 40, 0, 20, 8.5, 12]
[0, 0, 83.33333333, 160, 0, 18, 8.5, 4]
[0, 0, 83.33333333, 80, 0, 6, 1.25, 6]
[0, 0, 83.33333333, 130, 0, 8, 5, 5]

This is the average of the best gotten from sway: {'MRE-': 28.626999999999992, 'ACC+': -0.46049999999999996, 'PRED40+': 59.947}
The rank with respect to the top 80 is 81, i.e it is worst than everything else
--------------------------------------------------------------------------------------------------------------------------------------------------------------------------------------------------------

sway2 and xpln for budget 0.5(the["min"])
         MRE-    ACC+    PRED40+    n_evals avg
----  -------  ------  ---------  -------------
all     92.29   -8.53      17.79              0
sway  86.4115  -7.812     21.695              8
xpln  85.2685  -7.841     22.783              8
top         0       0      83.33          10000
              MRE-    ACC+    PRED40+
------------  ------  ------  ---------
all to all    =       =       =
all to sway   neq     neq     neq
sway to xpln  neq     neq     neq
sway to top   neq     neq     neq

0th iteration mean and sd:
Mean: {'MRE-': 62.54, 'ACC+': -6.24, 'PRED40+': 39.53}SD: {'MRE-': 59.9, 'ACC+': 6.23, 'PRED40+': 41.88}

1th iteration mean and sd:
Mean: {'MRE-': 88.21, 'ACC+': -6.36, 'PRED40+': 18.16}SD: {'MRE-': 47.58, 'ACC+': 6.01, 'PRED40+': 34.63}

2th iteration mean and sd:
Mean: {'MRE-': 96.07, 'ACC+': -9.56, 'PRED40+': 16.03}SD: {'MRE-': 47.37, 'ACC+': 5.32, 'PRED40+': 33.06}

3th iteration mean and sd:
Mean: {'MRE-': 82.48, 'ACC+': -5.98, 'PRED40+': 22.44}SD: {'MRE-': 50.99, 'ACC+': 6.02, 'PRED40+': 37.2}

4th iteration mean and sd:
Mean: {'MRE-': 93.38, 'ACC+': -9.36, 'PRED40+': 17.93}SD: {'MRE-': 49.34, 'ACC+': 5.33, 'PRED40+': 34.46}

5th iteration mean and sd:
Mean: {'MRE-': 102.67, 'ACC+': -10.4, 'PRED40+': 11.6}SD: {'MRE-': 41.7, 'ACC+': 4.54, 'PRED40+': 29.03}

6th iteration mean and sd:
Mean: {'MRE-': 118.74, 'ACC+': -12.4, 'PRED40+': 1.07}SD: {'MRE-': 13.87, 'ACC+': 1.79, 'PRED40+': 9.44}

7th iteration mean and sd:
Mean: {'MRE-': 89.52, 'ACC+': -7.13, 'PRED40+': 18.16}SD: {'MRE-': 48.2, 'ACC+': 6.06, 'PRED40+': 34.63}

8th iteration mean and sd:
Mean: {'MRE-': 82.48, 'ACC+': -6.72, 'PRED40+': 23.5}SD: {'MRE-': 52.54, 'ACC+': 6.15, 'PRED40+': 37.74}

9th iteration mean and sd:
Mean: {'MRE-': 58.34, 'ACC+': -5.62, 'PRED40+': 42.19}SD: {'MRE-': 59.62, 'ACC+': 6.17, 'PRED40+': 41.93}

10th iteration mean and sd:
Mean: {'MRE-': 82.48, 'ACC+': -6.72, 'PRED40+': 23.5}SD: {'MRE-': 52.54, 'ACC+': 6.15, 'PRED40+': 37.74}

11th iteration mean and sd:
Mean: {'MRE-': 89.26, 'ACC+': -8.57, 'PRED40+': 20.3}SD: {'MRE-': 51.21, 'ACC+': 5.68, 'PRED40+': 36.0}

12th iteration mean and sd:
Mean: {'MRE-': 78.3, 'ACC+': -8.08, 'PRED40+': 28.85}SD: {'MRE-': 57.37, 'ACC+': 5.97, 'PRED40+': 39.9}

13th iteration mean and sd:
Mean: {'MRE-': 108.93, 'ACC+': -11.13, 'PRED40+': 7.48}SD: {'MRE-': 34.59, 'ACC+': 3.78, 'PRED40+': 23.97}

14th iteration mean and sd:
Mean: {'MRE-': 82.48, 'ACC+': -5.98, 'PRED40+': 22.44}SD: {'MRE-': 50.99, 'ACC+': 6.02, 'PRED40+': 37.2}

15th iteration mean and sd:
Mean: {'MRE-': 62.54, 'ACC+': -6.24, 'PRED40+': 39.53}SD: {'MRE-': 59.9, 'ACC+': 6.23, 'PRED40+': 41.88}

16th iteration mean and sd:
Mean: {'MRE-': 79.43, 'ACC+': -6.41, 'PRED40+': 25.64}SD: {'MRE-': 53.79, 'ACC+': 6.18, 'PRED40+': 38.71}

17th iteration mean and sd:
Mean: {'MRE-': 92.57, 'ACC+': -9.04, 'PRED40+': 18.16}SD: {'MRE-': 49.39, 'ACC+': 5.47, 'PRED40+': 34.63}

18th iteration mean and sd:
Mean: {'MRE-': 89.83, 'ACC+': -8.11, 'PRED40+': 19.23}SD: {'MRE-': 49.93, 'ACC+': 5.89, 'PRED40+': 35.34}

19th iteration mean and sd:
Mean: {'MRE-': 87.98, 'ACC+': -6.19, 'PRED40+': 18.16}SD: {'MRE-': 47.49, 'ACC+': 6.06, 'PRED40+': 34.63}

These are the 80 best ranks according to zitlers domination predicate for the whole dataset
[0, 0, 83.33333333, 110, 0, 12, 3.5, 11]
[0, 0, 83.33333333, 50, 0, 9, 2, 5]
[0, 0, 83.33333333, 10, 0, 5, 8.5, 19]
[0, 0, 83.33333333, 100, 0, 13, 3.25, 13]
[0, 0, 83.33333333, 60, 0, 17, 9, 5]
[0, 0, 83.33333333, 140, 0, 17, 1.75, 13]
[0, 0, 83.33333333, 70, 0, 18, 4, 7]
[0, 0, 83.33333333, 200, 0, 18, 0.5, 15]
[0, 0, 83.33333333, 10, 0, 11, 5.25, 7]
[0, 0, 83.33333333, 70, 0, 7, 5.25, 2]
[0, 0, 83.33333333, 150, 0, 7, 4.25, 12]
[0, 0, 83.33333333, 140, 0, 18, 4.75, 14]
[0, 0, 83.33333333, 120, 0, 4, 7.25, 3]
[0, 0, 83.33333333, 130, 0, 17, 8, 14]
[0, 0, 83.33333333, 160, 0, 4, 2.5, 5]
[0, 0, 83.33333333, 80, 0, 3, 8.5, 12]
[0, 0, 83.33333333, 120, 0, 19, 2.5, 17]
[0, 0, 83.33333333, 180, 0, 10, 1.5, 9]
[0, 0, 83.33333333, 110, 0, 12, 4.75, 17]
[0, 0, 83.33333333, 130, 0, 9, 9.75, 8]
[0, 0, 83.33333333, 30, 0, 20, 4.5, 20]
[0, 0, 83.33333333, 30, 0, 13, 9.5, 13]
[0, 0, 83.33333333, 20, 0, 5, 3, 9]
[0, 0, 83.33333333, 10, 0, 5, 7.5, 18]
[0, 0, 83.33333333, 110, 0, 11, 5.25, 20]
[0, 0, 83.33333333, 150, 0, 4, 1.25, 2]
[0, 0, 83.33333333, 90, 0, 18, 5.5, 5]
[0, 0, 83.33333333, 50, 0, 15, 0, 11]
[0, 0, 83.33333333, 30, 0, 10, 4.75, 8]
[0, 0, 83.33333333, 140, 0, 6, 1.5, 4]
[0, 0, 83.33333333, 100, 0, 13, 7, 15]
[0, 0, 83.33333333, 120, 0, 16, 4.75, 19]
[0, 0, 83.33333333, 130, 0, 14, 9.75, 10]
[0, 0, 83.33333333, 30, 0, 20, 0.25, 9]
[0, 0, 83.33333333, 120, 0, 20, 9.75, 2]
[0, 0, 83.33333333, 50, 0, 20, 4.25, 2]
[0, 0, 83.33333333, 70, 0, 18, 7.25, 4]
[0, 0, 83.33333333, 120, 0, 11, 7, 5]
[0, 0, 83.33333333, 100, 0, 9, 2.75, 19]
[0, 0, 83.33333333, 120, 0, 17, 5.75, 11]
[0, 0, 83.33333333, 70, 0, 11, 5, 11]
[0, 0, 83.33333333, 110, 0, 4, 9, 3]
[0, 0, 83.33333333, 80, 0, 17, 6.75, 3]
[0, 0, 83.33333333, 200, 0, 6, 5, 3]
[0, 0, 83.33333333, 130, 0, 8, 1.5, 6]
[0, 0, 83.33333333, 10, 0, 18, 9.5, 4]
[0, 0, 83.33333333, 20, 0, 5, 8.5, 19]
[0, 0, 83.33333333, 100, 0, 19, 5.75, 18]
[0, 0, 83.33333333, 70, 0, 17, 2, 17]
[0, 0, 83.33333333, 120, 0, 18, 3.25, 11]
[0, 0, 83.33333333, 60, 0, 12, 8.75, 3]
[0, 0, 83.33333333, 160, 0, 5, 5, 2]
[0, 0, 83.33333333, 20, 0, 20, 9.5, 13]
[0, 0, 83.33333333, 180, 0, 19, 2, 3]
[0, 0, 83.33333333, 10, 0, 14, 9, 14]
[0, 0, 83.33333333, 130, 0, 8, 1.25, 1]
[0, 0, 83.33333333, 180, 0, 3, 1.25, 4]
[0, 0, 83.33333333, 150, 0, 7, 9, 13]
[0, 0, 83.33333333, 40, 0, 7, 7, 18]
[0, 0, 83.33333333, 200, 0, 3, 6.5, 9]
[0, 0, 83.33333333, 50, 0, 1, 9.75, 13]
[0, 0, 83.33333333, 90, 0, 19, 4, 8]
[0, 0, 83.33333333, 120, 0, 17, 8.75, 2]
[0, 0, 83.33333333, 120, 0, 14, 3.5, 4]
[0, 0, 83.33333333, 150, 0, 17, 7.25, 15]
[0, 0, 83.33333333, 10, 0, 12, 7.5, 8]
[0, 0, 83.33333333, 140, 0, 20, 0, 12]
[0, 0, 83.33333333, 190, 0, 17, 5.25, 4]
[0, 0, 83.33333333, 70, 0, 18, 7.5, 12]
[0, 0, 83.33333333, 110, 0, 2, 6.75, 7]
[0, 0, 83.33333333, 20, 0, 16, 10, 4]
[0, 0, 83.33333333, 120, 0, 16, 9.5, 19]
[0, 0, 83.33333333, 30, 0, 14, 0.75, 20]
[0, 0, 83.33333333, 130, 0, 6, 6.75, 7]
[0, 0, 83.33333333, 20, 0, 18, 4, 8]
[0, 0, 83.33333333, 40, 0, 20, 8.5, 12]
[0, 0, 83.33333333, 160, 0, 18, 8.5, 4]
[0, 0, 83.33333333, 80, 0, 6, 1.25, 6]
[0, 0, 83.33333333, 130, 0, 8, 5, 5]

This is the average of the best gotten from sway: {'MRE-': 86.4115, 'ACC+': -7.812, 'PRED40+': 21.695000000000004}
The rank with respect to the top 80 is 81, i.e it is worst than everything else
--------------------------------------------------------------------------------------------------------------------------------------------------------------------------------------------------------
