
sway and xpln for budget 0.5(the["min"])
         MRE-    ACC+    PRED40+    n_evals avg
----  -------  ------  ---------  -------------
all     82.32    5.15       22.1              0
sway   73.708   7.817    18.7735              8
xpln  73.7345   7.779      18.05              8
top     65.59   13.67      27.92          10000
              MRE-    ACC+    PRED40+
------------  ------  ------  ---------
all to all    =       =       =
all to sway   neq     neq     neq
sway to xpln  neq     neq     neq
sway to top   neq     neq     neq

0th iteration mean and sd:
Mean: {'MRE-': 74.04, 'ACC+': 7.44, 'PRED40+': 15.06}SD: {'MRE-': 2.9, 'ACC+': 0.89, 'PRED40+': 12.31}

1th iteration mean and sd:
Mean: {'MRE-': 73.65, 'ACC+': 7.55, 'PRED40+': 22.44}SD: {'MRE-': 1.16, 'ACC+': 0.37, 'PRED40+': 7.63}

2th iteration mean and sd:
Mean: {'MRE-': 73.62, 'ACC+': 7.57, 'PRED40+': 19.55}SD: {'MRE-': 1.67, 'ACC+': 0.52, 'PRED40+': 10.39}

3th iteration mean and sd:
Mean: {'MRE-': 73.55, 'ACC+': 7.59, 'PRED40+': 20.51}SD: {'MRE-': 1.52, 'ACC+': 0.47, 'PRED40+': 9.66}

4th iteration mean and sd:
Mean: {'MRE-': 73.64, 'ACC+': 7.56, 'PRED40+': 23.08}SD: {'MRE-': 1.21, 'ACC+': 0.37, 'PRED40+': 6.7}

5th iteration mean and sd:
Mean: {'MRE-': 72.24, 'ACC+': 9.16, 'PRED40+': 22.6}SD: {'MRE-': 3.71, 'ACC+': 4.12, 'PRED40+': 8.32}

6th iteration mean and sd:
Mean: {'MRE-': 74.06, 'ACC+': 7.44, 'PRED40+': 17.31}SD: {'MRE-': 3.16, 'ACC+': 0.97, 'PRED40+': 11.61}

7th iteration mean and sd:
Mean: {'MRE-': 73.87, 'ACC+': 7.5, 'PRED40+': 15.06}SD: {'MRE-': 3.62, 'ACC+': 1.11, 'PRED40+': 12.31}

8th iteration mean and sd:
Mean: {'MRE-': 73.51, 'ACC+': 8.05, 'PRED40+': 20.51}SD: {'MRE-': 2.17, 'ACC+': 2.37, 'PRED40+': 8.78}

9th iteration mean and sd:
Mean: {'MRE-': 73.19, 'ACC+': 7.8, 'PRED40+': 20.35}SD: {'MRE-': 4.51, 'ACC+': 6.64, 'PRED40+': 10.49}

10th iteration mean and sd:
Mean: {'MRE-': 73.67, 'ACC+': 8.76, 'PRED40+': 16.03}SD: {'MRE-': 5.04, 'ACC+': 5.88, 'PRED40+': 11.9}

11th iteration mean and sd:
Mean: {'MRE-': 73.68, 'ACC+': 7.55, 'PRED40+': 18.91}SD: {'MRE-': 1.77, 'ACC+': 0.55, 'PRED40+': 10.8}

12th iteration mean and sd:
Mean: {'MRE-': 73.64, 'ACC+': 8.32, 'PRED40+': 17.15}SD: {'MRE-': 4.45, 'ACC+': 2.92, 'PRED40+': 12.11}

13th iteration mean and sd:
Mean: {'MRE-': 73.47, 'ACC+': 7.61, 'PRED40+': 19.55}SD: {'MRE-': 1.76, 'ACC+': 0.54, 'PRED40+': 10.39}

14th iteration mean and sd:
Mean: {'MRE-': 74.05, 'ACC+': 7.46, 'PRED40+': 16.67}SD: {'MRE-': 5.76, 'ACC+': 1.72, 'PRED40+': 12.36}

15th iteration mean and sd:
Mean: {'MRE-': 73.98, 'ACC+': 7.47, 'PRED40+': 15.38}SD: {'MRE-': 3.31, 'ACC+': 1.02, 'PRED40+': 12.24}

16th iteration mean and sd:
Mean: {'MRE-': 73.82, 'ACC+': 7.51, 'PRED40+': 21.15}SD: {'MRE-': 1.17, 'ACC+': 0.36, 'PRED40+': 9.08}

17th iteration mean and sd:
Mean: {'MRE-': 74.48, 'ACC+': 7.4, 'PRED40+': 15.06}SD: {'MRE-': 3.54, 'ACC+': 1.81, 'PRED40+': 12.31}

18th iteration mean and sd:
Mean: {'MRE-': 74.17, 'ACC+': 8.4, 'PRED40+': 19.07}SD: {'MRE-': 2.42, 'ACC+': 1.8, 'PRED40+': 10.22}

19th iteration mean and sd:
Mean: {'MRE-': 73.83, 'ACC+': 8.2, 'PRED40+': 20.03}SD: {'MRE-': 1.76, 'ACC+': 2.32, 'PRED40+': 9.94}

These are the 80 best ranks according to zitlers domination predicate for the whole dataset
[67.27, 35.05, 37.5, 30, 2, 1, 1, 2]
[50.26, 13.94, 37.5, 10, 1, 3, 0, 5]
[51.89, 29.43, 25, 10, 2, 3, 0.25, 2]
[72.82, 25.54, 37.5, 50, 1, 2, 0.25, 20]
[68.3, 20.1, 37.5, 20, 1, 2, 0, 6]
[70.21, 21.13, 37.5, 30, 2, 2, 0.5, 13]
[70.66, 18.95, 37.5, 100, 2, 1, 0.5, 11]
[70.76, 16.79, 37.5, 60, 2, 1, 0.25, 20]
[73.72, 19.04, 37.5, 80, 1, 1, 0.5, 20]
[53.51, 13.37, 25, 10, 1, 11, 4.25, 1]
[67.67, 10.79, 37.5, 100, 0, 1, 0, 8]
[76.25, 19.63, 37.5, 90, 2, 1, 0.75, 19]
[77.88, 20.74, 37.5, 40, 2, 1, 0.25, 11]
[76.55, 19.32, 37.5, 100, 2, 1, 0.75, 15]
[68.48, 8.8, 37.5, 110, 0, 1, 0, 19]
[73.06, 13.5, 37.5, 120, 2, 1, 0.5, 8]
[59.93, 16.08, 25, 80, 2, 3, 0.5, 16]
[56.8, 12.78, 25, 10, 2, 2, 9, 12]
[64.6, 20.53, 25, 10, 2, 2, 5.25, 11]
[69.76, 7.09, 37.5, 130, 2, 3, 0, 6]
[65.99, 19.66, 25, 70, 2, 3, 0.75, 12]
[75.4, 11.58, 37.5, 130, 2, 1, 0.75, 15]
[65.61, 18.29, 25, 30, 2, 2, 1.75, 6]
[75.83, 11.16, 37.5, 170, 1, 1, 0.25, 2]
[63.43, 15.5, 25, 120, 2, 3, 0.75, 10]
[60.31, 11.84, 25, 10, 1, 17, 9.75, 1]
[60.75, 11.69, 25, 10, 2, 4, 8.25, 19]
[60.75, 11.69, 25, 10, 1, 3, 10, 15]
[60.75, 11.69, 25, 10, 2, 9, 5.75, 20]
[69.35, 20.15, 25, 60, 2, 1, 2.5, 3]
[61.18, 11.55, 25, 10, 2, 6, 10, 8]
[68.56, 1.61, 37.5, 140, 2, 2, 0, 4]
[61.62, 11.4, 25, 10, 2, 9, 0.5, 13]
[61.84, 11.33, 25, 10, 1, 1, 3, 2]
[65.05, 14.65, 25, 80, 2, 3, 1.75, 12]
[61.95, 11.29, 25, 20, 2, 14, 7.25, 3]
[62.06, 11.26, 25, 10, 1, 17, 0.75, 2]
[62.28, 11.18, 25, 20, 2, 9, 8.25, 18]
[69.09, 18.28, 25, 70, 2, 3, 0.75, 19]
[62.5, 11.11, 25, 10, 2, 15, 6.75, 13]
[62.72, 11.04, 25, 10, 2, 6, 9.5, 9]
[62.72, 11.04, 25, 10, 2, 18, 1.5, 4]
[62.72, 11.04, 25, 10, 1, 6, 3.25, 2]
[62.83, 11, 25, 20, 2, 8, 3, 5]
[65.33, 13.5, 25, 80, 2, 2, 0.25, 1]
[72.78, 21.12, 25, 60, 1, 2, 0.5, 6]
[63.16, 10.89, 25, 20, 1, 11, 2, 5]
[63.16, 10.89, 25, 10, 2, 18, 1, 19]
[63.3, 10.85, 25, 30, 2, 7, 6, 15]
[63.38, 10.82, 25, 10, 2, 8, 5.5, 11]
[63.6, 10.75, 25, 10, 2, 19, 8, 19]
[66.37, 13.5, 25, 10, 2, 3, 0.75, 7]
[70.39, 17.47, 25, 170, 2, 1, 1.75, 1]
[60.99, 7.55, 25, 10, 2, 6, 0.75, 14]
[64.14, 10.57, 25, 20, 1, 12, 5.75, 13]
[70.05, 16.7, 25, 110, 2, 3, 0.75, 19]
[64.25, 10.54, 25, 10, 1, 2, 9, 7]
[64.25, 10.54, 25, 10, 1, 6, 5.25, 8]
[64.25, 10.54, 25, 10, 1, 17, 7.25, 11]
[64.47, 10.47, 25, 10, 2, 1, 9.25, 5]
[64.58, 10.43, 25, 20, 2, 18, 9.25, 7]
[65.3, 11.12, 25, 200, 2, 4, 0.25, 16]
[64.69, 10.39, 25, 10, 2, 17, 3, 13]
[64.69, 10.39, 25, 20, 2, 16, 3.75, 14]
[64.69, 10.39, 25, 10, 1, 7, 3, 13]
[70.35, 16.1, 25, 160, 1, 2, 0.75, 14]
[64.86, 10.34, 25, 40, 2, 13, 6.25, 6]
[64.91, 10.32, 25, 10, 2, 4, 9.5, 11]
[64.91, 10.32, 25, 10, 1, 9, 7, 1]
[65.06, 10.28, 25, 30, 2, 9, 7, 7]
[70.97, 16.44, 25, 50, 1, 1, 0.75, 14]
[65.13, 10.25, 25, 10, 2, 12, 1.75, 18]
[65.24, 10.22, 25, 40, 2, 8, 9, 18]
[65.35, 10.18, 25, 10, 2, 13, 4.5, 10]
[65.35, 10.18, 25, 10, 1, 9, 10, 1]
[65.35, 10.18, 25, 10, 1, 7, 9.25, 10]
[69.66, 14.53, 25, 150, 2, 2, 2.75, 12]
[70.64, 15.53, 25, 60, 1, 3, 0.5, 19]
[69.83, 14.67, 25, 170, 2, 2, 0.25, 6]

This is the average of the best gotten from sway: {'MRE-': 73.70799999999998, 'ACC+': 7.816999999999998, 'PRED40+': 18.773500000000002}
The rank with respect to the top 80 is 81, i.e it is worst than everything else
--------------------------------------------------------------------------------------------------------------------------------------------------------------------------------------------------------

sway2 and xpln for budget 0.5(the["min"])
         MRE-    ACC+    PRED40+    n_evals avg
----  -------  ------  ---------  -------------
all     82.32    5.15       22.1              0
sway  81.8455   5.259    22.5445              8
xpln  82.0065  5.2925     21.805              8
top   65.6005  13.673     27.914          10000
              MRE-    ACC+    PRED40+
------------  ------  ------  ---------
all to all    =       =       =
all to sway   neq     neq     neq
sway to xpln  neq     neq     neq
sway to top   neq     neq     neq

0th iteration mean and sd:
Mean: {'MRE-': 73.51, 'ACC+': 7.6, 'PRED40+': 21.47}SD: {'MRE-': 1.17, 'ACC+': 0.36, 'PRED40+': 8.76}

1th iteration mean and sd:
Mean: {'MRE-': 84.41, 'ACC+': 4.47, 'PRED40+': 21.63}SD: {'MRE-': 12.72, 'ACC+': 3.65, 'PRED40+': 14.62}

2th iteration mean and sd:
Mean: {'MRE-': 82.39, 'ACC+': 5.05, 'PRED40+': 20.99}SD: {'MRE-': 12.22, 'ACC+': 3.51, 'PRED40+': 14.6}

3th iteration mean and sd:
Mean: {'MRE-': 84.34, 'ACC+': 4.53, 'PRED40+': 24.37}SD: {'MRE-': 13.02, 'ACC+': 3.77, 'PRED40+': 13.56}

4th iteration mean and sd:
Mean: {'MRE-': 88.73, 'ACC+': 3.23, 'PRED40+': 24.52}SD: {'MRE-': 13.08, 'ACC+': 3.78, 'PRED40+': 16.17}

5th iteration mean and sd:
Mean: {'MRE-': 73.37, 'ACC+': 7.65, 'PRED40+': 21.47}SD: {'MRE-': 1.53, 'ACC+': 0.47, 'PRED40+': 8.76}

6th iteration mean and sd:
Mean: {'MRE-': 83.44, 'ACC+': 4.75, 'PRED40+': 23.08}SD: {'MRE-': 12.76, 'ACC+': 3.67, 'PRED40+': 14.68}

7th iteration mean and sd:
Mean: {'MRE-': 78.29, 'ACC+': 6.23, 'PRED40+': 20.73}SD: {'MRE-': 10.31, 'ACC+': 2.97, 'PRED40+': 12.48}

8th iteration mean and sd:
Mean: {'MRE-': 86.94, 'ACC+': 3.74, 'PRED40+': 23.42}SD: {'MRE-': 13.23, 'ACC+': 3.8, 'PRED40+': 13.92}

9th iteration mean and sd:
Mean: {'MRE-': 80.48, 'ACC+': 5.61, 'PRED40+': 23.56}SD: {'MRE-': 12.02, 'ACC+': 3.46, 'PRED40+': 12.25}

10th iteration mean and sd:
Mean: {'MRE-': 83.99, 'ACC+': 4.6, 'PRED40+': 21.63}SD: {'MRE-': 13.15, 'ACC+': 3.79, 'PRED40+': 15.03}

11th iteration mean and sd:
Mean: {'MRE-': 82.24, 'ACC+': 5.11, 'PRED40+': 21.96}SD: {'MRE-': 13.12, 'ACC+': 3.8, 'PRED40+': 14.83}

12th iteration mean and sd:
Mean: {'MRE-': 81.54, 'ACC+': 6.03, 'PRED40+': 23.24}SD: {'MRE-': 12.76, 'ACC+': 6.36, 'PRED40+': 13.01}

13th iteration mean and sd:
Mean: {'MRE-': 87.84, 'ACC+': 3.49, 'PRED40+': 25.8}SD: {'MRE-': 13.16, 'ACC+': 3.78, 'PRED40+': 13.41}

14th iteration mean and sd:
Mean: {'MRE-': 86.74, 'ACC+': 3.81, 'PRED40+': 23.56}SD: {'MRE-': 13.26, 'ACC+': 3.81, 'PRED40+': 13.66}

15th iteration mean and sd:
Mean: {'MRE-': 85.7, 'ACC+': 3.95, 'PRED40+': 24.2}SD: {'MRE-': 13.18, 'ACC+': 5.09, 'PRED40+': 14.43}

16th iteration mean and sd:
Mean: {'MRE-': 73.51, 'ACC+': 7.6, 'PRED40+': 21.47}SD: {'MRE-': 1.17, 'ACC+': 0.36, 'PRED40+': 8.76}

17th iteration mean and sd:
Mean: {'MRE-': 81.85, 'ACC+': 5.2, 'PRED40+': 22.44}SD: {'MRE-': 12.24, 'ACC+': 3.52, 'PRED40+': 13.42}

18th iteration mean and sd:
Mean: {'MRE-': 83.74, 'ACC+': 4.66, 'PRED40+': 21.96}SD: {'MRE-': 12.9, 'ACC+': 3.7, 'PRED40+': 13.98}

19th iteration mean and sd:
Mean: {'MRE-': 73.86, 'ACC+': 7.87, 'PRED40+': 19.39}SD: {'MRE-': 1.41, 'ACC+': 1.34, 'PRED40+': 10.2}

These are the 80 best ranks according to zitlers domination predicate for the whole dataset
[67.27, 35.05, 37.5, 30, 2, 1, 1, 2]
[50.26, 13.94, 37.5, 10, 1, 3, 0, 5]
[51.89, 29.43, 25, 10, 2, 3, 0.25, 2]
[72.82, 25.54, 37.5, 50, 1, 2, 0.25, 20]
[68.3, 20.1, 37.5, 20, 1, 2, 0, 6]
[70.21, 21.13, 37.5, 30, 2, 2, 0.5, 13]
[70.66, 18.95, 37.5, 100, 2, 1, 0.5, 11]
[70.76, 16.79, 37.5, 60, 2, 1, 0.25, 20]
[73.72, 19.04, 37.5, 80, 1, 1, 0.5, 20]
[53.51, 13.37, 25, 10, 1, 11, 4.25, 1]
[67.67, 10.79, 37.5, 100, 0, 1, 0, 8]
[76.25, 19.63, 37.5, 90, 2, 1, 0.75, 19]
[77.88, 20.74, 37.5, 40, 2, 1, 0.25, 11]
[76.55, 19.32, 37.5, 100, 2, 1, 0.75, 15]
[68.48, 8.8, 37.5, 110, 0, 1, 0, 19]
[73.06, 13.5, 37.5, 120, 2, 1, 0.5, 8]
[59.93, 16.08, 25, 80, 2, 3, 0.5, 16]
[56.8, 12.78, 25, 10, 2, 2, 9, 12]
[64.6, 20.53, 25, 10, 2, 2, 5.25, 11]
[69.76, 7.09, 37.5, 130, 2, 3, 0, 6]
[65.99, 19.66, 25, 70, 2, 3, 0.75, 12]
[75.4, 11.58, 37.5, 130, 2, 1, 0.75, 15]
[65.61, 18.29, 25, 30, 2, 2, 1.75, 6]
[75.83, 11.16, 37.5, 170, 1, 1, 0.25, 2]
[63.43, 15.5, 25, 120, 2, 3, 0.75, 10]
[60.31, 11.84, 25, 10, 1, 17, 9.75, 1]
[60.75, 11.69, 25, 10, 2, 4, 8.25, 19]
[60.75, 11.69, 25, 10, 1, 3, 10, 15]
[60.75, 11.69, 25, 10, 2, 9, 5.75, 20]
[69.35, 20.15, 25, 60, 2, 1, 2.5, 3]
[61.18, 11.55, 25, 10, 2, 6, 10, 8]
[68.56, 1.61, 37.5, 140, 2, 2, 0, 4]
[61.62, 11.4, 25, 10, 2, 9, 0.5, 13]
[61.84, 11.33, 25, 10, 1, 1, 3, 2]
[65.05, 14.65, 25, 80, 2, 3, 1.75, 12]
[61.95, 11.29, 25, 20, 2, 14, 7.25, 3]
[62.06, 11.26, 25, 10, 1, 17, 0.75, 2]
[62.28, 11.18, 25, 20, 2, 9, 8.25, 18]
[69.09, 18.28, 25, 70, 2, 3, 0.75, 19]
[62.5, 11.11, 25, 10, 2, 15, 6.75, 13]
[62.72, 11.04, 25, 10, 2, 6, 9.5, 9]
[62.72, 11.04, 25, 10, 2, 18, 1.5, 4]
[62.72, 11.04, 25, 10, 1, 6, 3.25, 2]
[62.83, 11, 25, 20, 2, 8, 3, 5]
[65.33, 13.5, 25, 80, 2, 2, 0.25, 1]
[72.78, 21.12, 25, 60, 1, 2, 0.5, 6]
[63.16, 10.89, 25, 20, 1, 11, 2, 5]
[63.16, 10.89, 25, 10, 2, 18, 1, 19]
[63.3, 10.85, 25, 30, 2, 7, 6, 15]
[63.38, 10.82, 25, 10, 2, 8, 5.5, 11]
[63.6, 10.75, 25, 10, 2, 19, 8, 19]
[66.37, 13.5, 25, 10, 2, 3, 0.75, 7]
[70.39, 17.47, 25, 170, 2, 1, 1.75, 1]
[60.99, 7.55, 25, 10, 2, 6, 0.75, 14]
[64.14, 10.57, 25, 20, 1, 12, 5.75, 13]
[70.05, 16.7, 25, 110, 2, 3, 0.75, 19]
[64.25, 10.54, 25, 10, 1, 2, 9, 7]
[64.25, 10.54, 25, 10, 1, 6, 5.25, 8]
[64.25, 10.54, 25, 10, 1, 17, 7.25, 11]
[64.47, 10.47, 25, 10, 2, 1, 9.25, 5]
[64.58, 10.43, 25, 20, 2, 18, 9.25, 7]
[65.3, 11.12, 25, 200, 2, 4, 0.25, 16]
[64.69, 10.39, 25, 10, 2, 17, 3, 13]
[64.69, 10.39, 25, 20, 2, 16, 3.75, 14]
[64.69, 10.39, 25, 10, 1, 7, 3, 13]
[70.35, 16.1, 25, 160, 1, 2, 0.75, 14]
[64.86, 10.34, 25, 40, 2, 13, 6.25, 6]
[64.91, 10.32, 25, 10, 2, 4, 9.5, 11]
[64.91, 10.32, 25, 10, 1, 9, 7, 1]
[65.06, 10.28, 25, 30, 2, 9, 7, 7]
[70.97, 16.44, 25, 50, 1, 1, 0.75, 14]
[65.13, 10.25, 25, 10, 2, 12, 1.75, 18]
[65.24, 10.22, 25, 40, 2, 8, 9, 18]
[65.35, 10.18, 25, 10, 2, 13, 4.5, 10]
[65.35, 10.18, 25, 10, 1, 9, 10, 1]
[65.35, 10.18, 25, 10, 1, 7, 9.25, 10]
[69.66, 14.53, 25, 150, 2, 2, 2.75, 12]
[70.64, 15.53, 25, 60, 1, 3, 0.5, 19]
[69.83, 14.67, 25, 170, 2, 2, 0.25, 6]

This is the average of the best gotten from sway: {'MRE-': 81.84549999999999, 'ACC+': 5.259, 'PRED40+': 22.544499999999992}
The rank with respect to the top 80 is 81, i.e it is worst than everything else
--------------------------------------------------------------------------------------------------------------------------------------------------------------------------------------------------------
