
sway and xpln for budget 0.5(the["min"])
        Kloc+    Effort-    Defects-    Months-    n_evals avg
----  -------  ---------  ----------  ---------  -------------
all     94.02     624.41     3761.76      24.18              0
sway   45.831    254.333     1683.94    17.3725              5
xpln   53.457    262.942     1996.45     17.972              5
top     4.776     17.526      149.27      8.595             93
              Kloc+    Effort-    Defects-    Months-
------------  -------  ---------  ----------  ---------
all to all    =        =          =           =
all to sway   neq      neq        neq         neq
sway to xpln  =        =          =           =
sway to top   neq      neq        neq         neq

0th iteration mean and sd:
Mean: {'Kloc+': 47.75, 'Effort-': 398.67, 'Defects-': 2024.17, 'Months-': 22.63}SD: {'Kloc+': 45.68, 'Effort-': 316.98, 'Defects-': 1781.27, 'Months-': 7.95}

1th iteration mean and sd:
Mean: {'Kloc+': 18.32, 'Effort-': 82.2, 'Defects-': 571.17, 'Months-': 11.78}SD: {'Kloc+': 24.45, 'Effort-': 133.9, 'Defects-': 762.49, 'Months-': 5.19}

2th iteration mean and sd:
Mean: {'Kloc+': 68.63, 'Effort-': 489.4, 'Defects-': 1971.83, 'Months-': 17.15}SD: {'Kloc+': 117.91, 'Effort-': 947.57, 'Defects-': 3328.52, 'Months-': 12.8}

3th iteration mean and sd:
Mean: {'Kloc+': 18.04, 'Effort-': 86.64, 'Defects-': 562.6, 'Months-': 11.36}SD: {'Kloc+': 27.33, 'Effort-': 149.21, 'Defects-': 852.16, 'Months-': 5.69}

4th iteration mean and sd:
Mean: {'Kloc+': 76.26, 'Effort-': 230.4, 'Defects-': 2612.8, 'Months-': 22.58}SD: {'Kloc+': 59.05, 'Effort-': 162.2, 'Defects-': 2059.45, 'Months-': 8.62}

5th iteration mean and sd:
Mean: {'Kloc+': 32.08, 'Effort-': 102.0, 'Defects-': 944.67, 'Months-': 15.97}SD: {'Kloc+': 34.28, 'Effort-': 127.39, 'Defects-': 959.85, 'Months-': 5.17}

6th iteration mean and sd:
Mean: {'Kloc+': 18.04, 'Effort-': 86.64, 'Defects-': 562.6, 'Months-': 11.36}SD: {'Kloc+': 27.33, 'Effort-': 149.21, 'Defects-': 852.16, 'Months-': 5.69}

7th iteration mean and sd:
Mean: {'Kloc+': 18.04, 'Effort-': 86.64, 'Defects-': 562.6, 'Months-': 11.36}SD: {'Kloc+': 27.33, 'Effort-': 149.21, 'Defects-': 852.16, 'Months-': 5.69}

8th iteration mean and sd:
Mean: {'Kloc+': 51.83, 'Effort-': 146.0, 'Defects-': 1591.67, 'Months-': 18.45}SD: {'Kloc+': 59.06, 'Effort-': 153.0, 'Defects-': 1870.06, 'Months-': 8.57}

9th iteration mean and sd:
Mean: {'Kloc+': 62.76, 'Effort-': 170.4, 'Defects-': 1999.6, 'Months-': 21.14}SD: {'Kloc+': 59.98, 'Effort-': 157.7, 'Defects-': 1862.94, 'Months-': 8.07}

10th iteration mean and sd:
Mean: {'Kloc+': 83.17, 'Effort-': 324.0, 'Defects-': 3696.33, 'Months-': 21.05}SD: {'Kloc+': 49.0, 'Effort-': 178.63, 'Defects-': 2063.66, 'Months-': 5.29}

11th iteration mean and sd:
Mean: {'Kloc+': 65.43, 'Effort-': 455.8, 'Defects-': 1895.33, 'Months-': 16.88}SD: {'Kloc+': 116.48, 'Effort-': 953.5, 'Defects-': 3277.22, 'Months-': 11.48}

12th iteration mean and sd:
Mean: {'Kloc+': 12.8, 'Effort-': 384.4, 'Defects-': 1047.0, 'Months-': 18.9}SD: {'Kloc+': 11.83, 'Effort-': 573.9, 'Defects-': 1157.39, 'Months-': 9.09}

13th iteration mean and sd:
Mean: {'Kloc+': 66.42, 'Effort-': 799.67, 'Defects-': 2776.17, 'Months-': 25.57}SD: {'Kloc+': 103.16, 'Effort-': 946.47, 'Defects-': 3374.33, 'Months-': 11.75}

14th iteration mean and sd:
Mean: {'Kloc+': 13.05, 'Effort-': 56.0, 'Defects-': 407.0, 'Months-': 11.4}SD: {'Kloc+': 9.79, 'Effort-': 48.62, 'Defects-': 305.4, 'Months-': 3.29}

15th iteration mean and sd:
Mean: {'Kloc+': 23.33, 'Effort-': 138.17, 'Defects-': 1350.83, 'Months-': 17.25}SD: {'Kloc+': 37.82, 'Effort-': 182.87, 'Defects-': 2034.27, 'Months-': 7.27}

16th iteration mean and sd:
Mean: {'Kloc+': 31.83, 'Effort-': 84.0, 'Defects-': 968.67, 'Months-': 16.15}SD: {'Kloc+': 30.6, 'Effort-': 57.92, 'Defects-': 932.59, 'Months-': 5.21}

17th iteration mean and sd:
Mean: {'Kloc+': 65.37, 'Effort-': 472.2, 'Defects-': 1892.67, 'Months-': 15.87}SD: {'Kloc+': 118.47, 'Effort-': 953.81, 'Defects-': 3345.95, 'Months-': 12.15}

18th iteration mean and sd:
Mean: {'Kloc+': 31.9, 'Effort-': 143.6, 'Defects-': 994.83, 'Months-': 14.8}SD: {'Kloc+': 28.52, 'Effort-': 147.77, 'Defects-': 889.33, 'Months-': 5.67}

19th iteration mean and sd:
Mean: {'Kloc+': 111.57, 'Effort-': 349.83, 'Defects-': 5246.17, 'Months-': 25.8}SD: {'Kloc+': 57.6, 'Effort-': 269.56, 'Defects-': 2613.27, 'Months-': 6.66}

These are the 80 best ranks according to zitlers domination predicate for the whole dataset
[5, 1, 1979, 1, 0, 0, 0, 0, 0, 1, 0, 0, 0, 1, 1, 1, 1, 1, 0, 2, 2, 0, 1, 0, 0, 2.2, 8.4, 69, 6.6]
[6, 1, 1979, 1, 0, 0, 0, 0, 0, 1, 0, 0, 0, 1, 1, 1, 1, 1, 0, 2, 2, 0, 1, 0, 0, 3.5, 10.8, 109, 7.8]
[31, 1, 1985, 1, 0, 0, 0, 0, 0, 1, 0, 0, 0, 1, 1, 1, 1, 1, 0, 2, 2, 0, 1, 0, 0, 5.5, 18, 172, 9.1]
[10, 0, 1984, 1, 0, 0, 0, 2, 2, 1, 0, 0, 0, 1, 1, 1, 0, 0, 0, 3, 2, 0, 1, 0, 1, 6, 24, 188, 9.9]
[2, 1, 1979, 0, 0, 0, 0, 0, 0, 1, 0, 0, 0, 1, 1, 1, 1, 1, 0, 2, 2, 0, 1, 0, 0, 7.7, 31.2, 240, 10.1]
[3, 1, 1979, 1, 0, 0, 0, 0, 0, 1, 0, 0, 0, 1, 1, 1, 1, 1, 0, 2, 2, 0, 1, 0, 0, 8.2, 36, 256, 10.4]
[4, 1, 1979, 1, 0, 0, 0, 0, 0, 1, 0, 0, 0, 1, 1, 1, 1, 1, 0, 2, 2, 0, 1, 0, 0, 9.7, 25.2, 302, 11]
[32, 1, 1987, 1, 0, 0, 0, 0, 0, 1, 0, 0, 0, 1, 1, 1, 1, 1, 0, 2, 2, 0, 1, 0, 0, 10.4, 50, 324, 11.2]
[34, 1, 1986, 1, 0, 0, 0, 2, 0, 2, 0, 0, 0, 1, 1, 2, 1, 1, 0, 2, 2, 2, 1, 0, 1, 6.5, 42, 290, 12]
[33, 1, 1987, 1, 0, 0, 0, 0, 0, 1, 0, 0, 0, 1, 1, 1, 1, 1, 0, 2, 2, 0, 1, 0, 0, 14, 60, 437, 12.4]
[91, 1, 1983, 1, 0, 0, 0, 2, 0, 2, 3, 0, 0, 2, 2, 0, 1, 1, 0, 2, 1, 1, 1, 0, 1, 3, 38, 231, 12]
[25, 1, 1986, 1, 0, 0, 0, 2, 2, 2, 2, 0, 0, 1, 1, 2, 1, 0, 0, 0, 2, 2, 1, 0, 1, 10, 48, 427, 12.4]
[12, 0, 1985, 1, 0, 0, 0, 2, 2, 1, 0, 0, 0, 1, 1, 1, 0, 1, 0, 3, 2, 1, 1, 0, 1, 11.3, 36, 456, 12.8]
[37, 1, 1986, 1, 0, 0, 0, 2, 2, 2, 0, 0, 0, 1, 1, 2, 1, 1, 0, 2, 2, 2, 1, 0, 1, 8, 42, 420, 12.5]
[18, 0, 1983, 1, 0, 0, 0, 2, 2, 1, 0, 0, 0, 1, 1, 1, 0, 0, 0, 3, 2, 0, 1, 0, 1, 15, 48, 470, 13.6]
[20, 1, 1985, 1, 0, 0, 0, 0, 0, 1, 0, 0, 0, 1, 1, 1, 1, 1, 0, 2, 2, 0, 1, 0, 0, 19.7, 60, 614, 13.9]
[8, 0, 1980, 1, 0, 0, 0, 0, 0, 1, 0, 0, 0, 3, 3, 1, 0, 0, 0, 0, 2, 0, 0, 0, 1, 7.5, 72, 226, 13.6]
[28, 1, 1982, 1, 0, 0, 0, 0, 2, 3, 0, 0, 0, 2, 2, 1, 2, 1, 0, 0, 1, 0, 1, 0, 0, 12.8, 62, 636, 13.6]
[9, 0, 1980, 1, 0, 0, 0, 2, 2, 1, 0, 0, 0, 1, 1, 1, 0, 2, 0, 3, 2, 0, 1, 0, 1, 20, 72, 566, 14.4]
[14, 0, 1983, 1, 0, 0, 0, 2, 2, 1, 0, 0, 0, 1, 1, 1, 0, 0, 0, 3, 2, 0, 1, 0, 1, 20, 48, 626, 15.1]
[72, 3, 1982, 1, 0, 0, 0, 1, 2, 1, 2, 0, 0, 1, 2, 1, 0, 0, 0, 0, 0, 0, 1, 0, 0, 20, 240, 813, 12.8]
[26, 1, 1982, 1, 0, 0, 0, 0, 2, 3, 0, 0, 0, 2, 2, 1, 2, 1, 0, 0, 1, 0, 1, 0, 0, 15.4, 70, 765, 14.5]
[1, 1, 1979, 0, 0, 0, 0, 0, 0, 1, 0, 0, 0, 1, 1, 1, 1, 1, 0, 2, 2, 0, 1, 0, 0, 24.6, 117.6, 767, 15]
[35, 1, 1986, 1, 0, 0, 0, 2, 2, 2, 0, 0, 0, 1, 1, 2, 1, 1, 0, 2, 2, 2, 1, 0, 1, 13, 60, 683, 14.8]
[0, 1, 1979, 0, 0, 0, 0, 0, 0, 1, 0, 0, 0, 1, 1, 1, 1, 1, 0, 2, 2, 0, 1, 0, 0, 25.9, 117.6, 808, 15.3]
[28, 1, 1982, 1, 0, 0, 0, 0, 2, 3, 0, 0, 0, 2, 2, 1, 2, 1, 0, 0, 1, 0, 1, 0, 0, 16.3, 82, 810, 14.8]
[90, 1, 1983, 1, 0, 0, 0, 2, 0, 2, 3, 0, 0, 2, 2, 0, 1, 1, 0, 2, 1, 1, 1, 0, 1, 6.2, 12, 477, 15.4]
[23, 1, 1986, 1, 0, 0, 0, 2, 0, 2, 2, 0, 0, 0, 1, 2, 1, 0, 0, 0, 2, 2, 1, 0, 1, 15, 90, 575, 15.2]
[22, 1, 1985, 1, 0, 0, 0, 0, 0, 1, 0, 0, 0, 1, 1, 1, 1, 1, 0, 2, 2, 0, 1, 0, 0, 29.5, 120, 920, 16]
[69, 3, 1979, 1, 0, 0, 0, 1, 2, 1, 0, 0, 0, 1, 2, 1, 0, 0, 0, 0, 0, 0, 1, 0, 0, 34, 72, 1555, 16.2]
[49, 3, 1984, 1, 0, 0, 0, 1, 2, 0, 0, 0, 0, 2, 1, 2, 0, 0, 0, 0, 2, 0, 1, 0, 1, 11.4, 98.8, 704, 15.5]
[17, 0, 1984, 1, 0, 0, 0, 2, 2, 1, 0, 0, 0, 1, 1, 1, 0, 0, 0, 0, 2, 0, 1, 0, 1, 31.5, 60, 986, 17.6]
[38, 1, 1986, 1, 0, 0, 0, 2, 2, 2, 0, 0, 0, 0, 1, 2, 1, 1, 0, 2, 2, 2, 1, 0, 1, 16, 114, 887, 16.4]
[62, 3, 1980, 1, 0, 0, 0, 2, 2, 2, 2, 0, 0, 1, 1, 1, 0, 0, 0, 0, 2, 0, 1, 0, 1, 40, 150, 1219, 18.9]
[29, 1, 1982, 1, 0, 0, 0, 0, 2, 3, 0, 0, 0, 2, 2, 1, 2, 1, 0, 0, 1, 0, 1, 0, 0, 32.6, 170, 1619, 18.7]
[50, 3, 1985, 1, 0, 0, 0, 1, 2, 0, 0, 0, 0, 2, 1, 2, 0, 0, 0, 0, 2, 0, 1, 0, 1, 19.3, 155, 1191, 18.6]
[19, 0, 1984, 1, 0, 0, 0, 2, 2, 1, 0, 0, 0, 1, 3, 1, 0, 1, 0, 0, 2, 0, 1, 0, 1, 32.5, 60, 1276, 20.8]
[30, 1, 1982, 1, 0, 0, 0, 0, 2, 3, 0, 0, 0, 2, 2, 1, 2, 1, 0, 0, 1, 0, 1, 0, 0, 35.5, 192, 1763, 19.3]
[21, 1, 1985, 1, 0, 0, 0, 0, 0, 1, 0, 0, 0, 1, 1, 1, 1, 1, 0, 2, 2, 0, 1, 0, 0, 66.6, 300, 2077, 21]
[55, 1, 1977, 1, 0, 0, 0, 0, 2, 0, 3, 0, 0, 1, 1, 1, 0, 2, 0, 2, 1, 2, 1, 0, 0, 70, 278, 2950, 20.2]
[47, 3, 1980, 1, 0, 0, 0, 1, 3, 2, 4, 0, 0, 0, 0, 1, 1, 1, 0, 0, 2, 2, 0, 0, 1, 21, 107, 1058, 21.3]
[7, 1, 1982, 1, 0, 0, 0, 0, 0, 1, 0, 0, 0, 1, 1, 1, 1, 1, 0, 2, 2, 0, 1, 0, 0, 66.6, 352.8, 2077, 21]
[87, 3, 1982, 1, 0, 0, 0, 1, 3, 1, 3, 0, 0, 2, 3, 1, 0, 1, 0, 1, 3, 1, 0, 0, 1, 7.25, 648, 406, 15.6]
[24, 1, 1986, 1, 0, 0, 0, 2, 0, 2, 0, 0, 0, 1, 1, 2, 1, 0, 0, 0, 2, 2, 1, 0, 1, 38, 210, 1553, 21.3]
[61, 3, 1971, 1, 0, 0, 0, 2, 2, 2, 2, 0, 0, 1, 1, 1, 0, 0, 0, 0, 2, 0, 1, 0, 1, 90, 162, 2743, 25]
[82, 2, 1977, 1, 0, 0, 0, 0, 0, 1, 3, 0, 0, 2, 3, 1, 2, 2, 0, 3, 3, 3, 0, 0, 1, 24, 430, 933, 19.2]
[27, 1, 1982, 1, 0, 0, 0, 0, 2, 3, 0, 0, 0, 2, 2, 1, 2, 1, 0, 0, 1, 0, 1, 0, 0, 48.5, 239, 2409, 21.4]
[46, 3, 1984, 1, 0, 0, 0, 0, 2, 2, 0, 0, 0, 1, 0, 2, 0, 1, 0, 0, 2, 0, 1, 0, 1, 47.5, 252, 2007, 22.3]
[11, 0, 1980, 1, 0, 0, 0, 2, 2, 1, 0, 0, 0, 1, 1, 1, 0, 2, 0, 3, 2, 0, 1, 0, 1, 100, 360, 2832, 25.2]
[71, 3, 1979, 1, 0, 0, 0, 1, 2, 2, 0, 0, 0, 1, 2, 1, 0, 0, 0, 0, 0, 0, 1, 0, 0, 85, 300, 4256, 23.2]
[58, 4, 1975, 1, 0, 0, 0, 2, 2, 1, 0, 0, 0, 1, 1, 1, 2, 2, 0, 2, 0, 0, 1, 0, 1, 350, 720, 8547, 35.7]
[45, 3, 1977, 1, 0, 0, 0, 0, 2, 2, 2, 0, 0, 1, 1, 1, 0, 2, 0, 3, 1, 0, 1, 0, 1, 190, 420, 5092, 30.3]
[70, 3, 1979, 1, 0, 0, 0, 1, 2, 2, 0, 0, 0, 1, 2, 1, 0, 0, 0, 0, 0, 0, 1, 0, 0, 98, 300, 4907, 24.4]
[77, 3, 1984, 1, 0, 0, 0, 0, 0, 2, 3, 0, 0, 0, 0, 1, 0, 1, 0, 2, 0, 0, 1, 0, 1, 60, 409, 2004, 24.9]
[89, 1, 1983, 1, 0, 0, 0, 2, 0, 2, 3, 0, 0, 2, 2, 0, 1, 1, 0, 2, 1, 1, 1, 0, 1, 16.3, 480, 1253, 21.5]
[73, 3, 1978, 1, 0, 0, 0, 1, 2, 1, 2, 0, 0, 1, 2, 1, 0, 0, 0, 0, 0, 0, 1, 0, 0, 111, 600, 4511, 23.5]
[68, 3, 1979, 1, 0, 0, 0, 1, 2, 1, 2, 0, 0, 1, 2, 1, 0, 0, 0, 0, 0, 0, 1, 0, 0, 151, 432, 6136, 26.2]
[43, 3, 1982, 1, 0, 0, 0, 2, 0, 0, 2, 0, 0, 1, 1, 1, 1, 0, 0, 0, 2, 0, 1, 0, 1, 79, 400, 2327, 26.9]
[81, 2, 1977, 1, 0, 0, 0, 0, 0, 1, 3, 0, 0, 2, 3, 1, 2, 2, 0, 3, 3, 3, 0, 0, 1, 41, 599, 1594, 23]
[36, 1, 1986, 1, 0, 0, 0, 0, 2, 2, 0, 0, 0, 1, 1, 2, 1, 0, 0, 2, 2, 0, 0, 0, 1, 90, 444, 3343, 26.7]
[53, 3, 1979, 1, 0, 0, 0, 1, 0, 2, 0, 0, 0, 0, 0, 1, 1, 1, 0, 0, 2, 2, 1, 0, 1, 50, 370, 2685, 25.4]
[59, 3, 1976, 1, 0, 0, 0, 0, 0, 2, 4, 0, 0, 0, 0, 1, 0, 1, 0, 2, 0, 0, 0, 0, 1, 70, 458, 2404, 27.5]
[15, 0, 1982, 1, 0, 0, 0, 2, 2, 1, 0, 0, 0, 1, 1, 1, 0, 1, 0, 2, 2, 3, 1, 0, 1, 100, 360, 4342, 28]
[16, 0, 1980, 1, 0, 0, 0, 2, 2, 1, 0, 0, 0, 1, 3, 1, 0, 2, 0, 3, 2, 0, 1, 0, 1, 150, 324, 4868, 32.5]
[76, 3, 1979, 1, 0, 0, 0, 1, 0, 2, 3, 0, 0, 1, 2, 1, 0, 0, 0, 0, 0, 0, 1, 0, 0, 165, 97, 7867, 31.5]
[67, 3, 1978, 1, 0, 0, 0, 1, 0, 2, 0, 0, 0, 1, 2, 1, 0, 0, 0, 0, 0, 0, 1, 0, 0, 144, 576, 6129, 28.8]
[13, 0, 1980, 1, 0, 0, 0, 2, 2, 1, 0, 0, 0, 1, 1, 0, 0, 0, 0, 0, 1, 3, 1, 0, 1, 100, 215, 5434, 30.1]
[80, 1, 1980, 1, 0, 0, 0, 0, 0, 0, 0, 0, 0, 2, 3, 0, 0, 0, 0, 0, 0, 0, 1, 0, 1, 53, 480, 2227, 28.8]
[63, 3, 1979, 1, 0, 0, 0, 2, 0, 2, 0, 0, 0, 0, 1, 1, 0, 0, 0, 0, 2, 0, 1, 0, 1, 137, 636, 4210, 32.2]
[78, 3, 1984, 1, 0, 0, 0, 0, 0, 2, 3, 0, 0, 0, 0, 1, 0, 1, 0, 2, 0, 0, 1, 0, 1, 100, 703, 3340, 29.6]
[65, 3, 1976, 1, 0, 0, 0, 2, 3, 2, 0, 0, 0, 0, 1, 1, 0, 0, 0, 0, 2, 0, 1, 0, 1, 339, 444, 8477, 45.9]
[66, 3, 1983, 1, 0, 0, 0, 2, 1, 0, 1, 0, 0, 1, 1, 0, 0, 0, 0, 0, 2, 0, 1, 0, 1, 240, 192, 10313, 37.1]
[54, 1, 1979, 1, 0, 0, 0, 0, 3, 0, 0, 0, 0, 2, 2, 2, 2, 2, 0, 3, 2, 0, 0, 0, 0, 227, 1181, 6293, 33.8]
[42, 3, 1982, 1, 0, 0, 0, 0, 0, 0, 1, 0, 0, 1, 1, 2, 0, 1, 0, 0, 2, 2, 1, 0, 1, 284.7, 973, 8518, 38.1]
[48, 3, 1983, 1, 0, 0, 0, 1, 2, 0, 0, 0, 0, 2, 1, 2, 0, 0, 0, 0, 2, 0, 1, 0, 1, 78, 571.4, 4815, 30.5]
[74, 3, 1978, 1, 0, 0, 0, 1, 0, 3, 0, 0, 0, 1, 2, 1, 0, 0, 0, 0, 0, 0, 1, 0, 0, 162, 756, 7553, 32.4]
[51, 3, 1979, 1, 0, 0, 0, 1, 0, 2, 3, 0, 0, 0, 0, 1, 0, 1, 0, 2, 0, 0, 1, 0, 1, 101, 750, 4840, 32.4]
[64, 3, 1977, 1, 0, 0, 0, 2, 0, 2, 0, 0, 0, 0, 1, 0, 0, 0, 0, 0, 2, 0, 1, 0, 1, 150, 882, 5848, 36.2]
[39, 1, 1980, 1, 0, 0, 0, 0, 2, 0, 0, 0, 0, 2, 0, 1, 0, 0, 0, 2, 1, 0, 1, 0, 0, 177.9, 1248, 7998, 31.5]

This is the average of the best gotten from sway: {'Kloc+': 45.830999999999996, 'Effort-': 254.33300000000003, 'Defects-': 1683.9355, 'Months-': 17.3725}
The rank with respect to the top 80 is here:(worst than how many from the top): 33
--------------------------------------------------------------------------------------------------------------------------------------------------------------------------------------------------------

sway2 and xpln for budget 0.5(the["min"])
        Kloc+    Effort-    Defects-    Months-    n_evals avg
----  -------  ---------  ----------  ---------  -------------
all     94.02     624.41     3761.76      24.18              0
sway   63.415    342.766     2485.61     19.646              5
xpln   59.298    359.027      2118.3     19.247              5
top     4.878     18.003     152.435     8.6475             93
              Kloc+    Effort-    Defects-    Months-
------------  -------  ---------  ----------  ---------
all to all    =        =          =           =
all to sway   neq      neq        neq         neq
sway to xpln  =        neq        neq         neq
sway to top   neq      neq        neq         neq

0th iteration mean and sd:
Mean: {'Kloc+': 44.25, 'Effort-': 128.83, 'Defects-': 1737.67, 'Months-': 18.28}SD: {'Kloc+': 44.14, 'Effort-': 132.18, 'Defects-': 2046.26, 'Months-': 7.83}

1th iteration mean and sd:
Mean: {'Kloc+': 127.33, 'Effort-': 464.0, 'Defects-': 5503.17, 'Months-': 24.88}SD: {'Kloc+': 119.87, 'Effort-': 400.3, 'Defects-': 6254.85, 'Months-': 10.1}

2th iteration mean and sd:
Mean: {'Kloc+': 26.85, 'Effort-': 135.83, 'Defects-': 1333.67, 'Months-': 17.05}SD: {'Kloc+': 14.26, 'Effort-': 74.36, 'Defects-': 708.02, 'Months-': 3.17}

3th iteration mean and sd:
Mean: {'Kloc+': 18.2, 'Effort-': 88.2, 'Defects-': 566.17, 'Months-': 12.32}SD: {'Kloc+': 24.51, 'Effort-': 132.21, 'Defects-': 765.06, 'Months-': 5.18}

4th iteration mean and sd:
Mean: {'Kloc+': 18.2, 'Effort-': 88.2, 'Defects-': 566.17, 'Months-': 12.32}SD: {'Kloc+': 24.51, 'Effort-': 132.21, 'Defects-': 765.06, 'Months-': 5.18}

5th iteration mean and sd:
Mean: {'Kloc+': 54.8, 'Effort-': 146.0, 'Defects-': 2006.33, 'Months-': 20.47}SD: {'Kloc+': 57.08, 'Effort-': 152.44, 'Defects-': 2041.91, 'Months-': 8.2}

6th iteration mean and sd:
Mean: {'Kloc+': 127.33, 'Effort-': 464.0, 'Defects-': 5503.17, 'Months-': 24.88}SD: {'Kloc+': 119.87, 'Effort-': 400.3, 'Defects-': 6254.85, 'Months-': 10.1}

7th iteration mean and sd:
Mean: {'Kloc+': 127.33, 'Effort-': 464.0, 'Defects-': 5503.17, 'Months-': 24.88}SD: {'Kloc+': 119.87, 'Effort-': 400.3, 'Defects-': 6254.85, 'Months-': 10.1}

8th iteration mean and sd:
Mean: {'Kloc+': 50.65, 'Effort-': 299.33, 'Defects-': 1988.0, 'Months-': 16.87}SD: {'Kloc+': 66.18, 'Effort-': 475.55, 'Defects-': 3024.6, 'Months-': 8.3}

9th iteration mean and sd:
Mean: {'Kloc+': 131.17, 'Effort-': 2120.17, 'Defects-': 4688.5, 'Months-': 34.55}SD: {'Kloc+': 95.72, 'Effort-': 3085.55, 'Defects-': 3433.49, 'Months-': 11.16}

10th iteration mean and sd:
Mean: {'Kloc+': 31.28, 'Effort-': 149.28, 'Defects-': 1082.8, 'Months-': 15.5}SD: {'Kloc+': 33.95, 'Effort-': 170.03, 'Defects-': 1292.06, 'Months-': 6.72}

11th iteration mean and sd:
Mean: {'Kloc+': 20.42, 'Effort-': 484.83, 'Defects-': 1245.33, 'Months-': 20.78}SD: {'Kloc+': 14.79, 'Effort-': 487.4, 'Defects-': 986.04, 'Months-': 7.46}

12th iteration mean and sd:
Mean: {'Kloc+': 50.65, 'Effort-': 299.33, 'Defects-': 1988.0, 'Months-': 16.87}SD: {'Kloc+': 66.18, 'Effort-': 475.55, 'Defects-': 3024.6, 'Months-': 8.3}

13th iteration mean and sd:
Mean: {'Kloc+': 54.8, 'Effort-': 146.0, 'Defects-': 2006.33, 'Months-': 20.47}SD: {'Kloc+': 57.08, 'Effort-': 152.44, 'Defects-': 2041.91, 'Months-': 8.2}

14th iteration mean and sd:
Mean: {'Kloc+': 31.28, 'Effort-': 149.28, 'Defects-': 1082.8, 'Months-': 15.5}SD: {'Kloc+': 33.95, 'Effort-': 170.03, 'Defects-': 1292.06, 'Months-': 6.72}

15th iteration mean and sd:
Mean: {'Kloc+': 127.33, 'Effort-': 464.0, 'Defects-': 5503.17, 'Months-': 24.88}SD: {'Kloc+': 119.87, 'Effort-': 400.3, 'Defects-': 6254.85, 'Months-': 10.1}

16th iteration mean and sd:
Mean: {'Kloc+': 54.8, 'Effort-': 146.0, 'Defects-': 2006.33, 'Months-': 20.47}SD: {'Kloc+': 57.08, 'Effort-': 152.44, 'Defects-': 2041.91, 'Months-': 8.2}

17th iteration mean and sd:
Mean: {'Kloc+': 18.2, 'Effort-': 88.2, 'Defects-': 566.17, 'Months-': 12.32}SD: {'Kloc+': 24.51, 'Effort-': 132.21, 'Defects-': 765.06, 'Months-': 5.18}

18th iteration mean and sd:
Mean: {'Kloc+': 31.28, 'Effort-': 149.28, 'Defects-': 1082.8, 'Months-': 15.5}SD: {'Kloc+': 33.95, 'Effort-': 170.03, 'Defects-': 1292.06, 'Months-': 6.72}

19th iteration mean and sd:
Mean: {'Kloc+': 122.15, 'Effort-': 380.57, 'Defects-': 3752.5, 'Months-': 24.13}SD: {'Kloc+': 130.09, 'Effort-': 308.91, 'Defects-': 3090.0, 'Months-': 11.26}

These are the 80 best ranks according to zitlers domination predicate for the whole dataset
[5, 1, 1979, 1, 0, 0, 0, 0, 0, 1, 0, 0, 0, 1, 1, 1, 1, 1, 0, 2, 2, 0, 1, 0, 0, 2.2, 8.4, 69, 6.6]
[6, 1, 1979, 1, 0, 0, 0, 0, 0, 1, 0, 0, 0, 1, 1, 1, 1, 1, 0, 2, 2, 0, 1, 0, 0, 3.5, 10.8, 109, 7.8]
[31, 1, 1985, 1, 0, 0, 0, 0, 0, 1, 0, 0, 0, 1, 1, 1, 1, 1, 0, 2, 2, 0, 1, 0, 0, 5.5, 18, 172, 9.1]
[10, 0, 1984, 1, 0, 0, 0, 2, 2, 1, 0, 0, 0, 1, 1, 1, 0, 0, 0, 3, 2, 0, 1, 0, 1, 6, 24, 188, 9.9]
[2, 1, 1979, 0, 0, 0, 0, 0, 0, 1, 0, 0, 0, 1, 1, 1, 1, 1, 0, 2, 2, 0, 1, 0, 0, 7.7, 31.2, 240, 10.1]
[3, 1, 1979, 1, 0, 0, 0, 0, 0, 1, 0, 0, 0, 1, 1, 1, 1, 1, 0, 2, 2, 0, 1, 0, 0, 8.2, 36, 256, 10.4]
[4, 1, 1979, 1, 0, 0, 0, 0, 0, 1, 0, 0, 0, 1, 1, 1, 1, 1, 0, 2, 2, 0, 1, 0, 0, 9.7, 25.2, 302, 11]
[32, 1, 1987, 1, 0, 0, 0, 0, 0, 1, 0, 0, 0, 1, 1, 1, 1, 1, 0, 2, 2, 0, 1, 0, 0, 10.4, 50, 324, 11.2]
[34, 1, 1986, 1, 0, 0, 0, 2, 0, 2, 0, 0, 0, 1, 1, 2, 1, 1, 0, 2, 2, 2, 1, 0, 1, 6.5, 42, 290, 12]
[33, 1, 1987, 1, 0, 0, 0, 0, 0, 1, 0, 0, 0, 1, 1, 1, 1, 1, 0, 2, 2, 0, 1, 0, 0, 14, 60, 437, 12.4]
[91, 1, 1983, 1, 0, 0, 0, 2, 0, 2, 3, 0, 0, 2, 2, 0, 1, 1, 0, 2, 1, 1, 1, 0, 1, 3, 38, 231, 12]
[25, 1, 1986, 1, 0, 0, 0, 2, 2, 2, 2, 0, 0, 1, 1, 2, 1, 0, 0, 0, 2, 2, 1, 0, 1, 10, 48, 427, 12.4]
[12, 0, 1985, 1, 0, 0, 0, 2, 2, 1, 0, 0, 0, 1, 1, 1, 0, 1, 0, 3, 2, 1, 1, 0, 1, 11.3, 36, 456, 12.8]
[37, 1, 1986, 1, 0, 0, 0, 2, 2, 2, 0, 0, 0, 1, 1, 2, 1, 1, 0, 2, 2, 2, 1, 0, 1, 8, 42, 420, 12.5]
[18, 0, 1983, 1, 0, 0, 0, 2, 2, 1, 0, 0, 0, 1, 1, 1, 0, 0, 0, 3, 2, 0, 1, 0, 1, 15, 48, 470, 13.6]
[20, 1, 1985, 1, 0, 0, 0, 0, 0, 1, 0, 0, 0, 1, 1, 1, 1, 1, 0, 2, 2, 0, 1, 0, 0, 19.7, 60, 614, 13.9]
[8, 0, 1980, 1, 0, 0, 0, 0, 0, 1, 0, 0, 0, 3, 3, 1, 0, 0, 0, 0, 2, 0, 0, 0, 1, 7.5, 72, 226, 13.6]
[28, 1, 1982, 1, 0, 0, 0, 0, 2, 3, 0, 0, 0, 2, 2, 1, 2, 1, 0, 0, 1, 0, 1, 0, 0, 12.8, 62, 636, 13.6]
[9, 0, 1980, 1, 0, 0, 0, 2, 2, 1, 0, 0, 0, 1, 1, 1, 0, 2, 0, 3, 2, 0, 1, 0, 1, 20, 72, 566, 14.4]
[14, 0, 1983, 1, 0, 0, 0, 2, 2, 1, 0, 0, 0, 1, 1, 1, 0, 0, 0, 3, 2, 0, 1, 0, 1, 20, 48, 626, 15.1]
[72, 3, 1982, 1, 0, 0, 0, 1, 2, 1, 2, 0, 0, 1, 2, 1, 0, 0, 0, 0, 0, 0, 1, 0, 0, 20, 240, 813, 12.8]
[26, 1, 1982, 1, 0, 0, 0, 0, 2, 3, 0, 0, 0, 2, 2, 1, 2, 1, 0, 0, 1, 0, 1, 0, 0, 15.4, 70, 765, 14.5]
[1, 1, 1979, 0, 0, 0, 0, 0, 0, 1, 0, 0, 0, 1, 1, 1, 1, 1, 0, 2, 2, 0, 1, 0, 0, 24.6, 117.6, 767, 15]
[35, 1, 1986, 1, 0, 0, 0, 2, 2, 2, 0, 0, 0, 1, 1, 2, 1, 1, 0, 2, 2, 2, 1, 0, 1, 13, 60, 683, 14.8]
[0, 1, 1979, 0, 0, 0, 0, 0, 0, 1, 0, 0, 0, 1, 1, 1, 1, 1, 0, 2, 2, 0, 1, 0, 0, 25.9, 117.6, 808, 15.3]
[28, 1, 1982, 1, 0, 0, 0, 0, 2, 3, 0, 0, 0, 2, 2, 1, 2, 1, 0, 0, 1, 0, 1, 0, 0, 16.3, 82, 810, 14.8]
[90, 1, 1983, 1, 0, 0, 0, 2, 0, 2, 3, 0, 0, 2, 2, 0, 1, 1, 0, 2, 1, 1, 1, 0, 1, 6.2, 12, 477, 15.4]
[23, 1, 1986, 1, 0, 0, 0, 2, 0, 2, 2, 0, 0, 0, 1, 2, 1, 0, 0, 0, 2, 2, 1, 0, 1, 15, 90, 575, 15.2]
[22, 1, 1985, 1, 0, 0, 0, 0, 0, 1, 0, 0, 0, 1, 1, 1, 1, 1, 0, 2, 2, 0, 1, 0, 0, 29.5, 120, 920, 16]
[69, 3, 1979, 1, 0, 0, 0, 1, 2, 1, 0, 0, 0, 1, 2, 1, 0, 0, 0, 0, 0, 0, 1, 0, 0, 34, 72, 1555, 16.2]
[49, 3, 1984, 1, 0, 0, 0, 1, 2, 0, 0, 0, 0, 2, 1, 2, 0, 0, 0, 0, 2, 0, 1, 0, 1, 11.4, 98.8, 704, 15.5]
[17, 0, 1984, 1, 0, 0, 0, 2, 2, 1, 0, 0, 0, 1, 1, 1, 0, 0, 0, 0, 2, 0, 1, 0, 1, 31.5, 60, 986, 17.6]
[38, 1, 1986, 1, 0, 0, 0, 2, 2, 2, 0, 0, 0, 0, 1, 2, 1, 1, 0, 2, 2, 2, 1, 0, 1, 16, 114, 887, 16.4]
[62, 3, 1980, 1, 0, 0, 0, 2, 2, 2, 2, 0, 0, 1, 1, 1, 0, 0, 0, 0, 2, 0, 1, 0, 1, 40, 150, 1219, 18.9]
[29, 1, 1982, 1, 0, 0, 0, 0, 2, 3, 0, 0, 0, 2, 2, 1, 2, 1, 0, 0, 1, 0, 1, 0, 0, 32.6, 170, 1619, 18.7]
[50, 3, 1985, 1, 0, 0, 0, 1, 2, 0, 0, 0, 0, 2, 1, 2, 0, 0, 0, 0, 2, 0, 1, 0, 1, 19.3, 155, 1191, 18.6]
[19, 0, 1984, 1, 0, 0, 0, 2, 2, 1, 0, 0, 0, 1, 3, 1, 0, 1, 0, 0, 2, 0, 1, 0, 1, 32.5, 60, 1276, 20.8]
[30, 1, 1982, 1, 0, 0, 0, 0, 2, 3, 0, 0, 0, 2, 2, 1, 2, 1, 0, 0, 1, 0, 1, 0, 0, 35.5, 192, 1763, 19.3]
[21, 1, 1985, 1, 0, 0, 0, 0, 0, 1, 0, 0, 0, 1, 1, 1, 1, 1, 0, 2, 2, 0, 1, 0, 0, 66.6, 300, 2077, 21]
[55, 1, 1977, 1, 0, 0, 0, 0, 2, 0, 3, 0, 0, 1, 1, 1, 0, 2, 0, 2, 1, 2, 1, 0, 0, 70, 278, 2950, 20.2]
[47, 3, 1980, 1, 0, 0, 0, 1, 3, 2, 4, 0, 0, 0, 0, 1, 1, 1, 0, 0, 2, 2, 0, 0, 1, 21, 107, 1058, 21.3]
[7, 1, 1982, 1, 0, 0, 0, 0, 0, 1, 0, 0, 0, 1, 1, 1, 1, 1, 0, 2, 2, 0, 1, 0, 0, 66.6, 352.8, 2077, 21]
[87, 3, 1982, 1, 0, 0, 0, 1, 3, 1, 3, 0, 0, 2, 3, 1, 0, 1, 0, 1, 3, 1, 0, 0, 1, 7.25, 648, 406, 15.6]
[24, 1, 1986, 1, 0, 0, 0, 2, 0, 2, 0, 0, 0, 1, 1, 2, 1, 0, 0, 0, 2, 2, 1, 0, 1, 38, 210, 1553, 21.3]
[61, 3, 1971, 1, 0, 0, 0, 2, 2, 2, 2, 0, 0, 1, 1, 1, 0, 0, 0, 0, 2, 0, 1, 0, 1, 90, 162, 2743, 25]
[82, 2, 1977, 1, 0, 0, 0, 0, 0, 1, 3, 0, 0, 2, 3, 1, 2, 2, 0, 3, 3, 3, 0, 0, 1, 24, 430, 933, 19.2]
[27, 1, 1982, 1, 0, 0, 0, 0, 2, 3, 0, 0, 0, 2, 2, 1, 2, 1, 0, 0, 1, 0, 1, 0, 0, 48.5, 239, 2409, 21.4]
[46, 3, 1984, 1, 0, 0, 0, 0, 2, 2, 0, 0, 0, 1, 0, 2, 0, 1, 0, 0, 2, 0, 1, 0, 1, 47.5, 252, 2007, 22.3]
[11, 0, 1980, 1, 0, 0, 0, 2, 2, 1, 0, 0, 0, 1, 1, 1, 0, 2, 0, 3, 2, 0, 1, 0, 1, 100, 360, 2832, 25.2]
[71, 3, 1979, 1, 0, 0, 0, 1, 2, 2, 0, 0, 0, 1, 2, 1, 0, 0, 0, 0, 0, 0, 1, 0, 0, 85, 300, 4256, 23.2]
[58, 4, 1975, 1, 0, 0, 0, 2, 2, 1, 0, 0, 0, 1, 1, 1, 2, 2, 0, 2, 0, 0, 1, 0, 1, 350, 720, 8547, 35.7]
[45, 3, 1977, 1, 0, 0, 0, 0, 2, 2, 2, 0, 0, 1, 1, 1, 0, 2, 0, 3, 1, 0, 1, 0, 1, 190, 420, 5092, 30.3]
[70, 3, 1979, 1, 0, 0, 0, 1, 2, 2, 0, 0, 0, 1, 2, 1, 0, 0, 0, 0, 0, 0, 1, 0, 0, 98, 300, 4907, 24.4]
[77, 3, 1984, 1, 0, 0, 0, 0, 0, 2, 3, 0, 0, 0, 0, 1, 0, 1, 0, 2, 0, 0, 1, 0, 1, 60, 409, 2004, 24.9]
[89, 1, 1983, 1, 0, 0, 0, 2, 0, 2, 3, 0, 0, 2, 2, 0, 1, 1, 0, 2, 1, 1, 1, 0, 1, 16.3, 480, 1253, 21.5]
[73, 3, 1978, 1, 0, 0, 0, 1, 2, 1, 2, 0, 0, 1, 2, 1, 0, 0, 0, 0, 0, 0, 1, 0, 0, 111, 600, 4511, 23.5]
[68, 3, 1979, 1, 0, 0, 0, 1, 2, 1, 2, 0, 0, 1, 2, 1, 0, 0, 0, 0, 0, 0, 1, 0, 0, 151, 432, 6136, 26.2]
[43, 3, 1982, 1, 0, 0, 0, 2, 0, 0, 2, 0, 0, 1, 1, 1, 1, 0, 0, 0, 2, 0, 1, 0, 1, 79, 400, 2327, 26.9]
[81, 2, 1977, 1, 0, 0, 0, 0, 0, 1, 3, 0, 0, 2, 3, 1, 2, 2, 0, 3, 3, 3, 0, 0, 1, 41, 599, 1594, 23]
[36, 1, 1986, 1, 0, 0, 0, 0, 2, 2, 0, 0, 0, 1, 1, 2, 1, 0, 0, 2, 2, 0, 0, 0, 1, 90, 444, 3343, 26.7]
[53, 3, 1979, 1, 0, 0, 0, 1, 0, 2, 0, 0, 0, 0, 0, 1, 1, 1, 0, 0, 2, 2, 1, 0, 1, 50, 370, 2685, 25.4]
[59, 3, 1976, 1, 0, 0, 0, 0, 0, 2, 4, 0, 0, 0, 0, 1, 0, 1, 0, 2, 0, 0, 0, 0, 1, 70, 458, 2404, 27.5]
[15, 0, 1982, 1, 0, 0, 0, 2, 2, 1, 0, 0, 0, 1, 1, 1, 0, 1, 0, 2, 2, 3, 1, 0, 1, 100, 360, 4342, 28]
[16, 0, 1980, 1, 0, 0, 0, 2, 2, 1, 0, 0, 0, 1, 3, 1, 0, 2, 0, 3, 2, 0, 1, 0, 1, 150, 324, 4868, 32.5]
[76, 3, 1979, 1, 0, 0, 0, 1, 0, 2, 3, 0, 0, 1, 2, 1, 0, 0, 0, 0, 0, 0, 1, 0, 0, 165, 97, 7867, 31.5]
[67, 3, 1978, 1, 0, 0, 0, 1, 0, 2, 0, 0, 0, 1, 2, 1, 0, 0, 0, 0, 0, 0, 1, 0, 0, 144, 576, 6129, 28.8]
[13, 0, 1980, 1, 0, 0, 0, 2, 2, 1, 0, 0, 0, 1, 1, 0, 0, 0, 0, 0, 1, 3, 1, 0, 1, 100, 215, 5434, 30.1]
[80, 1, 1980, 1, 0, 0, 0, 0, 0, 0, 0, 0, 0, 2, 3, 0, 0, 0, 0, 0, 0, 0, 1, 0, 1, 53, 480, 2227, 28.8]
[63, 3, 1979, 1, 0, 0, 0, 2, 0, 2, 0, 0, 0, 0, 1, 1, 0, 0, 0, 0, 2, 0, 1, 0, 1, 137, 636, 4210, 32.2]
[78, 3, 1984, 1, 0, 0, 0, 0, 0, 2, 3, 0, 0, 0, 0, 1, 0, 1, 0, 2, 0, 0, 1, 0, 1, 100, 703, 3340, 29.6]
[65, 3, 1976, 1, 0, 0, 0, 2, 3, 2, 0, 0, 0, 0, 1, 1, 0, 0, 0, 0, 2, 0, 1, 0, 1, 339, 444, 8477, 45.9]
[66, 3, 1983, 1, 0, 0, 0, 2, 1, 0, 1, 0, 0, 1, 1, 0, 0, 0, 0, 0, 2, 0, 1, 0, 1, 240, 192, 10313, 37.1]
[54, 1, 1979, 1, 0, 0, 0, 0, 3, 0, 0, 0, 0, 2, 2, 2, 2, 2, 0, 3, 2, 0, 0, 0, 0, 227, 1181, 6293, 33.8]
[42, 3, 1982, 1, 0, 0, 0, 0, 0, 0, 1, 0, 0, 1, 1, 2, 0, 1, 0, 0, 2, 2, 1, 0, 1, 284.7, 973, 8518, 38.1]
[48, 3, 1983, 1, 0, 0, 0, 1, 2, 0, 0, 0, 0, 2, 1, 2, 0, 0, 0, 0, 2, 0, 1, 0, 1, 78, 571.4, 4815, 30.5]
[74, 3, 1978, 1, 0, 0, 0, 1, 0, 3, 0, 0, 0, 1, 2, 1, 0, 0, 0, 0, 0, 0, 1, 0, 0, 162, 756, 7553, 32.4]
[51, 3, 1979, 1, 0, 0, 0, 1, 0, 2, 3, 0, 0, 0, 0, 1, 0, 1, 0, 2, 0, 0, 1, 0, 1, 101, 750, 4840, 32.4]
[64, 3, 1977, 1, 0, 0, 0, 2, 0, 2, 0, 0, 0, 0, 1, 0, 0, 0, 0, 0, 2, 0, 1, 0, 1, 150, 882, 5848, 36.2]
[39, 1, 1980, 1, 0, 0, 0, 0, 2, 0, 0, 0, 0, 2, 0, 1, 0, 0, 0, 2, 1, 0, 1, 0, 0, 177.9, 1248, 7998, 31.5]

This is the average of the best gotten from sway: {'Kloc+': 63.414999999999985, 'Effort-': 342.76649999999995, 'Defects-': 2485.6125, 'Months-': 19.646}
The rank with respect to the top 80 is here:(worst than how many from the top): 39
--------------------------------------------------------------------------------------------------------------------------------------------------------------------------------------------------------
