
sway and xpln for budget 0.5(the["min"])
        Cost-    Completion+    Idle-    n_evals avg
----  -------  -------------  -------  -------------
all    369.99           0.87     0.24              0
sway  259.772          0.865    0.226              8
xpln    274.6         0.8675    0.247              8
top    150.08           0.96        0          10000
              Cost-    Completion+    Idle-
------------  -------  -------------  -------
all to all    =        =              =
all to sway   neq      neq            neq
sway to xpln  neq      neq            neq
sway to top   neq      neq            neq

0th iteration mean and sd:
Mean: {'Cost-': 236.11, 'Completion+': 0.87, 'Idle-': 0.24}SD: {'Cost-': 69.79, 'Completion+': 0.09, 'Idle-': 0.19}

1th iteration mean and sd:
Mean: {'Cost-': 270.95, 'Completion+': 0.86, 'Idle-': 0.24}SD: {'Cost-': 128.4, 'Completion+': 0.14, 'Idle-': 0.21}

2th iteration mean and sd:
Mean: {'Cost-': 299.62, 'Completion+': 0.88, 'Idle-': 0.21}SD: {'Cost-': 126.37, 'Completion+': 0.12, 'Idle-': 0.17}

3th iteration mean and sd:
Mean: {'Cost-': 232.12, 'Completion+': 0.86, 'Idle-': 0.22}SD: {'Cost-': 81.13, 'Completion+': 0.13, 'Idle-': 0.2}

4th iteration mean and sd:
Mean: {'Cost-': 159.88, 'Completion+': 0.88, 'Idle-': 0.26}SD: {'Cost-': 67.31, 'Completion+': 0.11, 'Idle-': 0.22}

5th iteration mean and sd:
Mean: {'Cost-': 247.4, 'Completion+': 0.9, 'Idle-': 0.25}SD: {'Cost-': 89.94, 'Completion+': 0.08, 'Idle-': 0.19}

6th iteration mean and sd:
Mean: {'Cost-': 305.36, 'Completion+': 0.85, 'Idle-': 0.19}SD: {'Cost-': 92.5, 'Completion+': 0.15, 'Idle-': 0.17}

7th iteration mean and sd:
Mean: {'Cost-': 291.27, 'Completion+': 0.86, 'Idle-': 0.25}SD: {'Cost-': 140.72, 'Completion+': 0.13, 'Idle-': 0.2}

8th iteration mean and sd:
Mean: {'Cost-': 267.95, 'Completion+': 0.87, 'Idle-': 0.22}SD: {'Cost-': 120.8, 'Completion+': 0.14, 'Idle-': 0.18}

9th iteration mean and sd:
Mean: {'Cost-': 234.8, 'Completion+': 0.87, 'Idle-': 0.23}SD: {'Cost-': 72.62, 'Completion+': 0.12, 'Idle-': 0.19}

10th iteration mean and sd:
Mean: {'Cost-': 216.84, 'Completion+': 0.84, 'Idle-': 0.19}SD: {'Cost-': 67.55, 'Completion+': 0.15, 'Idle-': 0.17}

11th iteration mean and sd:
Mean: {'Cost-': 223.54, 'Completion+': 0.87, 'Idle-': 0.26}SD: {'Cost-': 110.8, 'Completion+': 0.14, 'Idle-': 0.22}

12th iteration mean and sd:
Mean: {'Cost-': 279.56, 'Completion+': 0.86, 'Idle-': 0.25}SD: {'Cost-': 166.91, 'Completion+': 0.18, 'Idle-': 0.19}

13th iteration mean and sd:
Mean: {'Cost-': 298.4, 'Completion+': 0.87, 'Idle-': 0.23}SD: {'Cost-': 144.33, 'Completion+': 0.14, 'Idle-': 0.2}

14th iteration mean and sd:
Mean: {'Cost-': 246.76, 'Completion+': 0.88, 'Idle-': 0.21}SD: {'Cost-': 74.9, 'Completion+': 0.14, 'Idle-': 0.17}

15th iteration mean and sd:
Mean: {'Cost-': 222.43, 'Completion+': 0.87, 'Idle-': 0.22}SD: {'Cost-': 72.51, 'Completion+': 0.15, 'Idle-': 0.17}

16th iteration mean and sd:
Mean: {'Cost-': 282.19, 'Completion+': 0.84, 'Idle-': 0.18}SD: {'Cost-': 120.74, 'Completion+': 0.18, 'Idle-': 0.17}

17th iteration mean and sd:
Mean: {'Cost-': 261.56, 'Completion+': 0.84, 'Idle-': 0.2}SD: {'Cost-': 77.64, 'Completion+': 0.18, 'Idle-': 0.17}

18th iteration mean and sd:
Mean: {'Cost-': 311.9, 'Completion+': 0.86, 'Idle-': 0.25}SD: {'Cost-': 125.24, 'Completion+': 0.16, 'Idle-': 0.2}

19th iteration mean and sd:
Mean: {'Cost-': 306.79, 'Completion+': 0.87, 'Idle-': 0.22}SD: {'Cost-': 119.52, 'Completion+': 0.14, 'Idle-': 0.18}

These are the 80 best ranks according to zitlers domination predicate for the whole dataset
[0.175535063, 0.875793052, 3, 0.691877476, 81, 9, 0, 3, 12, 90.73992475, 0.893548804, 1, 0]
[0.175688445, 0.913640136, 2, 0.931906842, 98, 2, 0, 3, 15, 91.83300541, 0.991933374, 1, 0]
[0.167715787, 0.828691935, 2, 0.897229236, 86, 9, 0, 2, 14, 99.31125466, 0.927573319, 1, 0]
[0.154771273, 0.946892266, 2, 0.843279141, 81, 7, 0, 4, 13, 105.2184989, 0.969932955, 1, 0]
[0.189859911, 0.882348919, 2, 0.715341736, 91, 9, 0, 2, 19, 106.0300327, 0.912836878, 1, 0]
[0.137770389, 1.079099343, 2, 0.719861048, 94, 8, 0, 1, 15, 106.1891568, 0.967188853, 1, 0]
[0.114472216, 1.157835246, 2, 0.62118411, 89, 3, 0, 2, 10, 108.3135494, 0.981275555, 1, 0]
[0.101495835, 1.009430197, 3, 0.804480106, 85, 3, 0, 4, 12, 108.7346326, 0.97446254, 1, 0]
[0.145977668, 1.215272729, 2, 0.640796633, 94, 8, 0, 4, 13, 110.1858969, 0.908847594, 1, 0]
[0.192708705, 0.946347642, 2, 0.748431538, 89, 6, 0, 4, 18, 117.4466416, 0.905947072, 1, 0]
[0.114834884, 1.257664405, 2, 0.720445133, 83, 2, 0, 0, 16, 119.3536977, 0.991515294, 1, 0]
[0.172618933, 1.126653137, 2, 0.742957111, 81, 7, 0, 0, 19, 126.4855824, 0.905884634, 1, 0]
[0.162667831, 0.971108498, 2, 0.723447426, 92, 7, 0, 1, 17, 126.7218283, 0.930739082, 1, 0]
[0.12029642, 0.841911457, 2, 0.905333322, 85, 3, 0, 1, 11, 132.4722871, 0.972790865, 1, 0]
[0.187864847, 1.058700623, 2, 0.901301337, 81, 6, 0, 2, 15, 134.8121662, 0.992420246, 1, 0]
[0.194268405, 1.085895698, 2, 0.820804993, 93, 9, 0, 1, 16, 138.7527964, 0.895636741, 1, 0]
[0.130560141, 0.888384095, 4, 0.92525162, 83, 7, 0, 3, 15, 139.3938458, 0.959112428, 1, 0]
[0.183292937, 0.971377193, 2, 0.753348271, 91, 1, 0, 2, 16, 140.4817669, 0.969202218, 1, 0]
[0.137737233, 0.910677573, 3, 0.702375407, 88, 4, 0, 1, 13, 142.0191423, 0.983269801, 1, 0]
[0.112951295, 1.119420135, 2, 0.816842055, 99, 1, 0, 3, 16, 145.3346262, 0.983758038, 1, 0]
[0.140821281, 1.205625027, 2, 0.802179755, 89, 3, 0, 1, 17, 147.9753141, 0.937955497, 1, 0]
[0.124022881, 0.927466422, 4, 0.747734874, 92, 7, 0, 4, 13, 150.7630603, 0.981447682, 1, 0]
[0.128617852, 1.087496757, 3, 0.918562663, 91, 3, 0, 4, 16, 157.5679826, 0.977567214, 1, 0]
[0.164646748, 1.019308907, 2, 0.613130227, 83, 3, 0, 4, 13, 162.2791867, 0.960036692, 1, 0]
[0.133295831, 0.843467169, 3, 0.743208562, 87, 7, 0, 1, 11, 166.4446738, 0.909193039, 1, 0]
[0.174309812, 0.855194536, 5, 0.782603087, 99, 2, 0, 0, 16, 170.0415527, 0.961076534, 1, 0]
[0.138361834, 1.047903792, 3, 0.657953278, 89, 3, 0, 2, 17, 174.0441769, 0.969740158, 1, 0]
[0.102666276, 0.986796496, 3, 0.829422872, 88, 8, 0, 3, 17, 174.404352, 0.942851875, 1, 0]
[0.19656017, 0.821790445, 5, 0.938835911, 94, 3, 0, 1, 12, 176.2479065, 0.952117712, 1, 0]
[0.133539776, 1.190749934, 3, 0.945007673, 83, 3, 0, 3, 19, 181.0963262, 0.965017777, 1, 0]
[0.115173482, 1.252597403, 3, 0.818893951, 98, 7, 0, 0, 17, 182.6292844, 0.929199545, 1, 0]
[0.140142102, 1.063685206, 4, 0.756178635, 88, 9, 0, 4, 11, 195.2994542, 0.914283614, 1, 0]
[0.126795291, 0.88099356, 5, 0.884854165, 81, 7, 0, 2, 17, 201.7484587, 0.973658396, 1, 0]
[0.152086506, 1.257462069, 3, 0.949327288, 83, 7, 0, 1, 19, 202.523011, 0.913041584, 1, 0]
[0.195637257, 1.071132079, 6, 0.695715823, 93, 2, 0, 1, 13, 204.3422409, 0.992523127, 1, 0]
[0.160671115, 1.004810469, 3, 0.828024547, 91, 9, 0, 1, 15, 210.3934629, 0.914938867, 1, 0]
[0.148194492, 1.052771582, 5, 0.68994331, 91, 2, 0, 4, 13, 211.6175868, 0.978986179, 1, 0]
[0.135041195, 0.847904127, 4, 0.698233, 80, 1, 0, 0, 10, 215.720427, 0.982584249, 1, 0]
[0.193750251, 0.950357276, 4, 0.870698705, 99, 7, 0, 1, 13, 218.1606726, 0.710349507, 1, 0]
[0.12360548, 0.882092195, 3, 0.764246894, 86, 4, 0, 3, 16, 89.09519208, 0.986807489, 0.9, 0]
[0.143783278, 0.847550115, 3, 0.853889081, 88, 7, 0, 0, 14, 140.3036632, 0.938567537, 0.9375, 0]
[0.11143624, 0.824365424, 3, 0.923212984, 88, 7, 0, 2, 15, 225.7822561, 0.938176305, 1, 0]
[0.174556052, 1.251682141, 2, 0.75176938, 87, 3, 0, 4, 17, 92.41015144, 0.968200202, 0.9, 0]
[0.177705315, 0.901577848, 2, 0.700516939, 89, 2, 0, 4, 10, 93.73568052, 0.978552008, 0.9, 0]
[0.190476496, 0.900062611, 5, 0.90281493, 84, 7, 0, 4, 19, 232.132622, 0.909722479, 1, 0]
[0.181714832, 1.033798463, 2, 0.936119244, 85, 4, 0, 3, 12, 121.0902471, 0.970382231, 0.916666667, 0]
[0.127421145, 1.05034858, 2, 0.742981292, 94, 7, 0, 1, 16, 99.54906384, 0.937275679, 0.9, 0]
[0.188118318, 1.027795043, 2, 0.94399362, 97, 9, 0, 3, 12, 88.72165573, 0.950054606, 0.888888889, 0]
[0.108763217, 1.030309941, 2, 0.808603209, 87, 6, 0, 0, 15, 103.6117877, 0.969001244, 0.9, 0]
[0.129947311, 1.216577875, 2, 0.893337378, 92, 3, 0, 1, 19, 116.3234533, 0.989755585, 0.909090909, 0]
[0.187095139, 0.875398269, 4, 0.794510669, 91, 3, 0, 0, 10, 238.074053, 0.953417657, 1, 0]
[0.140775164, 1.228739028, 3, 0.739277412, 80, 8, 0, 3, 18, 239.005437, 0.960385574, 1, 0]
[0.129675936, 0.869555942, 2, 0.642491892, 94, 5, 0, 3, 19, 93.07525063, 0.950007321, 0.888888889, 0]
[0.151263532, 0.831292786, 6, 0.674741623, 88, 9, 0, 0, 11, 241.8840185, 0.932318956, 1, 0]
[0.177850537, 1.244133542, 2, 0.753874214, 86, 4, 0, 3, 19, 74.95827711, 0.99285776, 0.875, 0]
[0.176000204, 0.906024422, 2, 0.664343925, 90, 5, 0, 0, 13, 86.4335909, 0.906656427, 1, 0.083333333]
[0.148913823, 1.093319105, 4, 0.929093408, 86, 8, 0, 1, 14, 243.9482033, 0.981682445, 1, 0]
[0.139201755, 0.838673455, 2, 0.727945622, 91, 8, 0, 2, 15, 81.17033608, 0.971405039, 0.875, 0]
[0.122242186, 0.884621025, 2, 0.671416378, 80, 8, 0, 2, 17, 86.74117867, 0.932409749, 0.875, 0]
[0.117467559, 0.970932262, 2, 0.82892998, 85, 6, 0, 2, 17, 105.5746205, 0.990848021, 0.888888889, 0]
[0.144456624, 1.182649267, 2, 0.601230206, 90, 4, 0, 2, 15, 107.5089306, 0.960782413, 0.888888889, 0]
[0.171532114, 0.964965144, 3, 0.869315301, 82, 7, 0, 0, 12, 123.7377513, 0.912738276, 0.9, 0]
[0.139543816, 1.100762964, 2, 0.665914538, 89, 9, 0, 2, 11, 146.6767264, 0.93147869, 0.916666667, 0]
[0.129960099, 1.104530361, 5, 0.629077797, 88, 6, 0, 3, 13, 259.238336, 0.969667185, 1, 0]
[0.196345988, 0.9195485, 6, 0.833329986, 93, 6, 0, 3, 11, 261.5299095, 0.961246693, 1, 0]
[0.15877991, 0.856169565, 4, 0.602806538, 96, 7, 0, 1, 16, 183.5306834, 0.913453461, 0.941176471, 0]
[0.138570062, 0.9841539, 2, 0.948158077, 97, 2, 0, 2, 10, 115.5341156, 0.985899602, 0.888888889, 0]
[0.131241543, 1.207399546, 4, 0.684905643, 92, 4, 0, 4, 11, 265.030973, 0.967421274, 1, 0]
[0.113861939, 1.011742979, 2, 0.879699293, 90, 6, 0, 4, 11, 100.0527567, 0.954695338, 0.875, 0]
[0.17588815, 0.86732994, 3, 0.703115589, 97, 1, 0, 2, 19, 121.7832287, 0.957129621, 0.888888889, 0]
[0.18451546, 0.868530373, 2, 0.732350204, 83, 9, 0, 1, 14, 103.9149091, 0.858009364, 0.875, 0]
[0.18018578, 0.925787865, 5, 0.756728529, 96, 6, 0, 0, 14, 271.7339041, 0.946391949, 1, 0]
[0.188311986, 0.892776399, 4, 0.735245991, 85, 8, 0, 3, 12, 182.9702798, 0.895988392, 0.933333333, 0]
[0.196872149, 1.030695839, 3, 0.652630135, 89, 8, 0, 0, 12, 138.5127316, 0.914010599, 0.9, 0]
[0.133037303, 0.895714277, 2, 0.773013186, 98, 2, 0, 1, 16, 123.8274044, 0.976719387, 0.888888889, 0]
[0.163529077, 0.985525248, 2, 0.632006368, 93, 4, 0, 0, 10, 123.9437961, 0.968785545, 0.888888889, 0]
[0.19041092, 0.876984881, 2, 0.712789767, 84, 2, 0, 2, 16, 139.9342216, 0.981320322, 0.9, 0]
[0.153883098, 1.186233716, 3, 0.611333988, 85, 8, 0, 3, 13, 163.6185454, 0.960191819, 0.916666667, 0]
[0.129839865, 0.826234327, 6, 0.622875895, 89, 2, 0, 4, 13, 275.1077776, 0.979738616, 1, 0]

This is the average of the best gotten from sway: {'Cost-': 259.7715, 'Completion+': 0.8649999999999999, 'Idle-': 0.22599999999999998}
The rank with respect to the top 80 is 81, i.e it is worst than everything else
--------------------------------------------------------------------------------------------------------------------------------------------------------------------------------------------------------

sway2 and xpln for budget 0.5(the["min"])
        Cost-    Completion+    Idle-    n_evals avg
----  -------  -------------  -------  -------------
all    369.99           0.87     0.24              0
sway  284.134          0.868    0.246              8
xpln  300.603         0.8655     0.25              8
top   150.088           0.96        0          10000
              Cost-    Completion+    Idle-
------------  -------  -------------  -------
all to all    =        =              =
all to sway   neq      neq            neq
sway to xpln  neq      neq            neq
sway to top   neq      neq            neq

0th iteration mean and sd:
Mean: {'Cost-': 152.5, 'Completion+': 0.88, 'Idle-': 0.26}SD: {'Cost-': 61.73, 'Completion+': 0.1, 'Idle-': 0.2}

1th iteration mean and sd:
Mean: {'Cost-': 284.11, 'Completion+': 0.84, 'Idle-': 0.21}SD: {'Cost-': 103.1, 'Completion+': 0.14, 'Idle-': 0.18}

2th iteration mean and sd:
Mean: {'Cost-': 152.5, 'Completion+': 0.88, 'Idle-': 0.26}SD: {'Cost-': 61.73, 'Completion+': 0.1, 'Idle-': 0.2}

3th iteration mean and sd:
Mean: {'Cost-': 217.27, 'Completion+': 0.84, 'Idle-': 0.22}SD: {'Cost-': 88.49, 'Completion+': 0.16, 'Idle-': 0.2}

4th iteration mean and sd:
Mean: {'Cost-': 240.91, 'Completion+': 0.86, 'Idle-': 0.22}SD: {'Cost-': 110.29, 'Completion+': 0.08, 'Idle-': 0.2}

5th iteration mean and sd:
Mean: {'Cost-': 352.04, 'Completion+': 0.86, 'Idle-': 0.2}SD: {'Cost-': 139.29, 'Completion+': 0.13, 'Idle-': 0.18}

6th iteration mean and sd:
Mean: {'Cost-': 244.3, 'Completion+': 0.85, 'Idle-': 0.22}SD: {'Cost-': 121.56, 'Completion+': 0.14, 'Idle-': 0.2}

7th iteration mean and sd:
Mean: {'Cost-': 346.61, 'Completion+': 0.89, 'Idle-': 0.24}SD: {'Cost-': 158.5, 'Completion+': 0.12, 'Idle-': 0.19}

8th iteration mean and sd:
Mean: {'Cost-': 294.97, 'Completion+': 0.89, 'Idle-': 0.24}SD: {'Cost-': 118.17, 'Completion+': 0.09, 'Idle-': 0.18}

9th iteration mean and sd:
Mean: {'Cost-': 461.93, 'Completion+': 0.86, 'Idle-': 0.24}SD: {'Cost-': 141.24, 'Completion+': 0.13, 'Idle-': 0.2}

10th iteration mean and sd:
Mean: {'Cost-': 215.15, 'Completion+': 0.9, 'Idle-': 0.29}SD: {'Cost-': 84.23, 'Completion+': 0.1, 'Idle-': 0.18}

11th iteration mean and sd:
Mean: {'Cost-': 240.91, 'Completion+': 0.86, 'Idle-': 0.22}SD: {'Cost-': 110.29, 'Completion+': 0.08, 'Idle-': 0.2}

12th iteration mean and sd:
Mean: {'Cost-': 215.15, 'Completion+': 0.9, 'Idle-': 0.29}SD: {'Cost-': 84.23, 'Completion+': 0.1, 'Idle-': 0.18}

13th iteration mean and sd:
Mean: {'Cost-': 222.95, 'Completion+': 0.87, 'Idle-': 0.28}SD: {'Cost-': 87.96, 'Completion+': 0.15, 'Idle-': 0.21}

14th iteration mean and sd:
Mean: {'Cost-': 462.86, 'Completion+': 0.86, 'Idle-': 0.31}SD: {'Cost-': 215.97, 'Completion+': 0.15, 'Idle-': 0.21}

15th iteration mean and sd:
Mean: {'Cost-': 461.51, 'Completion+': 0.86, 'Idle-': 0.23}SD: {'Cost-': 167.27, 'Completion+': 0.14, 'Idle-': 0.19}

16th iteration mean and sd:
Mean: {'Cost-': 250.11, 'Completion+': 0.87, 'Idle-': 0.26}SD: {'Cost-': 94.08, 'Completion+': 0.09, 'Idle-': 0.2}

17th iteration mean and sd:
Mean: {'Cost-': 266.26, 'Completion+': 0.87, 'Idle-': 0.23}SD: {'Cost-': 113.85, 'Completion+': 0.13, 'Idle-': 0.22}

18th iteration mean and sd:
Mean: {'Cost-': 388.07, 'Completion+': 0.86, 'Idle-': 0.24}SD: {'Cost-': 188.39, 'Completion+': 0.15, 'Idle-': 0.18}

19th iteration mean and sd:
Mean: {'Cost-': 212.57, 'Completion+': 0.86, 'Idle-': 0.26}SD: {'Cost-': 110.69, 'Completion+': 0.14, 'Idle-': 0.19}

These are the 80 best ranks according to zitlers domination predicate for the whole dataset
[0.175535063, 0.875793052, 3, 0.691877476, 81, 9, 0, 3, 12, 90.73992475, 0.893548804, 1, 0]
[0.175688445, 0.913640136, 2, 0.931906842, 98, 2, 0, 3, 15, 91.83300541, 0.991933374, 1, 0]
[0.167715787, 0.828691935, 2, 0.897229236, 86, 9, 0, 2, 14, 99.31125466, 0.927573319, 1, 0]
[0.154771273, 0.946892266, 2, 0.843279141, 81, 7, 0, 4, 13, 105.2184989, 0.969932955, 1, 0]
[0.189859911, 0.882348919, 2, 0.715341736, 91, 9, 0, 2, 19, 106.0300327, 0.912836878, 1, 0]
[0.137770389, 1.079099343, 2, 0.719861048, 94, 8, 0, 1, 15, 106.1891568, 0.967188853, 1, 0]
[0.114472216, 1.157835246, 2, 0.62118411, 89, 3, 0, 2, 10, 108.3135494, 0.981275555, 1, 0]
[0.101495835, 1.009430197, 3, 0.804480106, 85, 3, 0, 4, 12, 108.7346326, 0.97446254, 1, 0]
[0.145977668, 1.215272729, 2, 0.640796633, 94, 8, 0, 4, 13, 110.1858969, 0.908847594, 1, 0]
[0.192708705, 0.946347642, 2, 0.748431538, 89, 6, 0, 4, 18, 117.4466416, 0.905947072, 1, 0]
[0.114834884, 1.257664405, 2, 0.720445133, 83, 2, 0, 0, 16, 119.3536977, 0.991515294, 1, 0]
[0.172618933, 1.126653137, 2, 0.742957111, 81, 7, 0, 0, 19, 126.4855824, 0.905884634, 1, 0]
[0.162667831, 0.971108498, 2, 0.723447426, 92, 7, 0, 1, 17, 126.7218283, 0.930739082, 1, 0]
[0.12029642, 0.841911457, 2, 0.905333322, 85, 3, 0, 1, 11, 132.4722871, 0.972790865, 1, 0]
[0.187864847, 1.058700623, 2, 0.901301337, 81, 6, 0, 2, 15, 134.8121662, 0.992420246, 1, 0]
[0.194268405, 1.085895698, 2, 0.820804993, 93, 9, 0, 1, 16, 138.7527964, 0.895636741, 1, 0]
[0.130560141, 0.888384095, 4, 0.92525162, 83, 7, 0, 3, 15, 139.3938458, 0.959112428, 1, 0]
[0.183292937, 0.971377193, 2, 0.753348271, 91, 1, 0, 2, 16, 140.4817669, 0.969202218, 1, 0]
[0.137737233, 0.910677573, 3, 0.702375407, 88, 4, 0, 1, 13, 142.0191423, 0.983269801, 1, 0]
[0.112951295, 1.119420135, 2, 0.816842055, 99, 1, 0, 3, 16, 145.3346262, 0.983758038, 1, 0]
[0.140821281, 1.205625027, 2, 0.802179755, 89, 3, 0, 1, 17, 147.9753141, 0.937955497, 1, 0]
[0.124022881, 0.927466422, 4, 0.747734874, 92, 7, 0, 4, 13, 150.7630603, 0.981447682, 1, 0]
[0.128617852, 1.087496757, 3, 0.918562663, 91, 3, 0, 4, 16, 157.5679826, 0.977567214, 1, 0]
[0.164646748, 1.019308907, 2, 0.613130227, 83, 3, 0, 4, 13, 162.2791867, 0.960036692, 1, 0]
[0.133295831, 0.843467169, 3, 0.743208562, 87, 7, 0, 1, 11, 166.4446738, 0.909193039, 1, 0]
[0.174309812, 0.855194536, 5, 0.782603087, 99, 2, 0, 0, 16, 170.0415527, 0.961076534, 1, 0]
[0.138361834, 1.047903792, 3, 0.657953278, 89, 3, 0, 2, 17, 174.0441769, 0.969740158, 1, 0]
[0.102666276, 0.986796496, 3, 0.829422872, 88, 8, 0, 3, 17, 174.404352, 0.942851875, 1, 0]
[0.19656017, 0.821790445, 5, 0.938835911, 94, 3, 0, 1, 12, 176.2479065, 0.952117712, 1, 0]
[0.133539776, 1.190749934, 3, 0.945007673, 83, 3, 0, 3, 19, 181.0963262, 0.965017777, 1, 0]
[0.115173482, 1.252597403, 3, 0.818893951, 98, 7, 0, 0, 17, 182.6292844, 0.929199545, 1, 0]
[0.140142102, 1.063685206, 4, 0.756178635, 88, 9, 0, 4, 11, 195.2994542, 0.914283614, 1, 0]
[0.126795291, 0.88099356, 5, 0.884854165, 81, 7, 0, 2, 17, 201.7484587, 0.973658396, 1, 0]
[0.152086506, 1.257462069, 3, 0.949327288, 83, 7, 0, 1, 19, 202.523011, 0.913041584, 1, 0]
[0.195637257, 1.071132079, 6, 0.695715823, 93, 2, 0, 1, 13, 204.3422409, 0.992523127, 1, 0]
[0.160671115, 1.004810469, 3, 0.828024547, 91, 9, 0, 1, 15, 210.3934629, 0.914938867, 1, 0]
[0.148194492, 1.052771582, 5, 0.68994331, 91, 2, 0, 4, 13, 211.6175868, 0.978986179, 1, 0]
[0.135041195, 0.847904127, 4, 0.698233, 80, 1, 0, 0, 10, 215.720427, 0.982584249, 1, 0]
[0.193750251, 0.950357276, 4, 0.870698705, 99, 7, 0, 1, 13, 218.1606726, 0.710349507, 1, 0]
[0.12360548, 0.882092195, 3, 0.764246894, 86, 4, 0, 3, 16, 89.09519208, 0.986807489, 0.9, 0]
[0.143783278, 0.847550115, 3, 0.853889081, 88, 7, 0, 0, 14, 140.3036632, 0.938567537, 0.9375, 0]
[0.11143624, 0.824365424, 3, 0.923212984, 88, 7, 0, 2, 15, 225.7822561, 0.938176305, 1, 0]
[0.174556052, 1.251682141, 2, 0.75176938, 87, 3, 0, 4, 17, 92.41015144, 0.968200202, 0.9, 0]
[0.177705315, 0.901577848, 2, 0.700516939, 89, 2, 0, 4, 10, 93.73568052, 0.978552008, 0.9, 0]
[0.190476496, 0.900062611, 5, 0.90281493, 84, 7, 0, 4, 19, 232.132622, 0.909722479, 1, 0]
[0.181714832, 1.033798463, 2, 0.936119244, 85, 4, 0, 3, 12, 121.0902471, 0.970382231, 0.916666667, 0]
[0.127421145, 1.05034858, 2, 0.742981292, 94, 7, 0, 1, 16, 99.54906384, 0.937275679, 0.9, 0]
[0.188118318, 1.027795043, 2, 0.94399362, 97, 9, 0, 3, 12, 88.72165573, 0.950054606, 0.888888889, 0]
[0.108763217, 1.030309941, 2, 0.808603209, 87, 6, 0, 0, 15, 103.6117877, 0.969001244, 0.9, 0]
[0.129947311, 1.216577875, 2, 0.893337378, 92, 3, 0, 1, 19, 116.3234533, 0.989755585, 0.909090909, 0]
[0.187095139, 0.875398269, 4, 0.794510669, 91, 3, 0, 0, 10, 238.074053, 0.953417657, 1, 0]
[0.140775164, 1.228739028, 3, 0.739277412, 80, 8, 0, 3, 18, 239.005437, 0.960385574, 1, 0]
[0.129675936, 0.869555942, 2, 0.642491892, 94, 5, 0, 3, 19, 93.07525063, 0.950007321, 0.888888889, 0]
[0.151263532, 0.831292786, 6, 0.674741623, 88, 9, 0, 0, 11, 241.8840185, 0.932318956, 1, 0]
[0.177850537, 1.244133542, 2, 0.753874214, 86, 4, 0, 3, 19, 74.95827711, 0.99285776, 0.875, 0]
[0.176000204, 0.906024422, 2, 0.664343925, 90, 5, 0, 0, 13, 86.4335909, 0.906656427, 1, 0.083333333]
[0.148913823, 1.093319105, 4, 0.929093408, 86, 8, 0, 1, 14, 243.9482033, 0.981682445, 1, 0]
[0.139201755, 0.838673455, 2, 0.727945622, 91, 8, 0, 2, 15, 81.17033608, 0.971405039, 0.875, 0]
[0.122242186, 0.884621025, 2, 0.671416378, 80, 8, 0, 2, 17, 86.74117867, 0.932409749, 0.875, 0]
[0.117467559, 0.970932262, 2, 0.82892998, 85, 6, 0, 2, 17, 105.5746205, 0.990848021, 0.888888889, 0]
[0.144456624, 1.182649267, 2, 0.601230206, 90, 4, 0, 2, 15, 107.5089306, 0.960782413, 0.888888889, 0]
[0.171532114, 0.964965144, 3, 0.869315301, 82, 7, 0, 0, 12, 123.7377513, 0.912738276, 0.9, 0]
[0.139543816, 1.100762964, 2, 0.665914538, 89, 9, 0, 2, 11, 146.6767264, 0.93147869, 0.916666667, 0]
[0.129960099, 1.104530361, 5, 0.629077797, 88, 6, 0, 3, 13, 259.238336, 0.969667185, 1, 0]
[0.196345988, 0.9195485, 6, 0.833329986, 93, 6, 0, 3, 11, 261.5299095, 0.961246693, 1, 0]
[0.15877991, 0.856169565, 4, 0.602806538, 96, 7, 0, 1, 16, 183.5306834, 0.913453461, 0.941176471, 0]
[0.138570062, 0.9841539, 2, 0.948158077, 97, 2, 0, 2, 10, 115.5341156, 0.985899602, 0.888888889, 0]
[0.131241543, 1.207399546, 4, 0.684905643, 92, 4, 0, 4, 11, 265.030973, 0.967421274, 1, 0]
[0.113861939, 1.011742979, 2, 0.879699293, 90, 6, 0, 4, 11, 100.0527567, 0.954695338, 0.875, 0]
[0.17588815, 0.86732994, 3, 0.703115589, 97, 1, 0, 2, 19, 121.7832287, 0.957129621, 0.888888889, 0]
[0.18451546, 0.868530373, 2, 0.732350204, 83, 9, 0, 1, 14, 103.9149091, 0.858009364, 0.875, 0]
[0.18018578, 0.925787865, 5, 0.756728529, 96, 6, 0, 0, 14, 271.7339041, 0.946391949, 1, 0]
[0.188311986, 0.892776399, 4, 0.735245991, 85, 8, 0, 3, 12, 182.9702798, 0.895988392, 0.933333333, 0]
[0.196872149, 1.030695839, 3, 0.652630135, 89, 8, 0, 0, 12, 138.5127316, 0.914010599, 0.9, 0]
[0.133037303, 0.895714277, 2, 0.773013186, 98, 2, 0, 1, 16, 123.8274044, 0.976719387, 0.888888889, 0]
[0.163529077, 0.985525248, 2, 0.632006368, 93, 4, 0, 0, 10, 123.9437961, 0.968785545, 0.888888889, 0]
[0.19041092, 0.876984881, 2, 0.712789767, 84, 2, 0, 2, 16, 139.9342216, 0.981320322, 0.9, 0]
[0.153883098, 1.186233716, 3, 0.611333988, 85, 8, 0, 3, 13, 163.6185454, 0.960191819, 0.916666667, 0]
[0.129839865, 0.826234327, 6, 0.622875895, 89, 2, 0, 4, 13, 275.1077776, 0.979738616, 1, 0]

This is the average of the best gotten from sway: {'Cost-': 284.13399999999996, 'Completion+': 0.8679999999999998, 'Idle-': 0.246}
The rank with respect to the top 80 is 81, i.e it is worst than everything else
--------------------------------------------------------------------------------------------------------------------------------------------------------------------------------------------------------
