
sway and xpln for budget 0.5(the["min"])
        NUMBERITERATIONS-    TIMETOSOLUTION-    n_evals avg
----  -------------------  -----------------  -------------
all                 30.94             506.07              0
sway               7.4485            135.166             10
xpln               9.7475            143.091             10
top                  3.66              62.41         239360
              NUMBERITERATIONS-    TIMETOSOLUTION-
------------  -------------------  -----------------
all to all    =                    =
all to sway   neq                  neq
sway to xpln  neq                  neq
sway to top   neq                  neq

0th iteration mean and sd:
Mean: {'NUMBERITERATIONS-': 5.38, 'TIMETOSOLUTION-': 139.68}SD: {'NUMBERITERATIONS-': 2.85, 'TIMETOSOLUTION-': 56.47}

1th iteration mean and sd:
Mean: {'NUMBERITERATIONS-': 4.96, 'TIMETOSOLUTION-': 99.04}SD: {'NUMBERITERATIONS-': 1.27, 'TIMETOSOLUTION-': 28.07}

2th iteration mean and sd:
Mean: {'NUMBERITERATIONS-': 4.56, 'TIMETOSOLUTION-': 106.05}SD: {'NUMBERITERATIONS-': 0.73, 'TIMETOSOLUTION-': 21.28}

3th iteration mean and sd:
Mean: {'NUMBERITERATIONS-': 5.22, 'TIMETOSOLUTION-': 126.51}SD: {'NUMBERITERATIONS-': 0.72, 'TIMETOSOLUTION-': 22.22}

4th iteration mean and sd:
Mean: {'NUMBERITERATIONS-': 11.46, 'TIMETOSOLUTION-': 224.75}SD: {'NUMBERITERATIONS-': 21.46, 'TIMETOSOLUTION-': 401.8}

5th iteration mean and sd:
Mean: {'NUMBERITERATIONS-': 4.13, 'TIMETOSOLUTION-': 130.16}SD: {'NUMBERITERATIONS-': 0.36, 'TIMETOSOLUTION-': 19.22}

6th iteration mean and sd:
Mean: {'NUMBERITERATIONS-': 5.13, 'TIMETOSOLUTION-': 83.47}SD: {'NUMBERITERATIONS-': 0.75, 'TIMETOSOLUTION-': 13.01}

7th iteration mean and sd:
Mean: {'NUMBERITERATIONS-': 5.3, 'TIMETOSOLUTION-': 92.43}SD: {'NUMBERITERATIONS-': 1.42, 'TIMETOSOLUTION-': 20.18}

8th iteration mean and sd:
Mean: {'NUMBERITERATIONS-': 6.2, 'TIMETOSOLUTION-': 87.28}SD: {'NUMBERITERATIONS-': 1.23, 'TIMETOSOLUTION-': 13.15}

9th iteration mean and sd:
Mean: {'NUMBERITERATIONS-': 6.65, 'TIMETOSOLUTION-': 127.95}SD: {'NUMBERITERATIONS-': 5.01, 'TIMETOSOLUTION-': 82.19}

10th iteration mean and sd:
Mean: {'NUMBERITERATIONS-': 5.76, 'TIMETOSOLUTION-': 151.47}SD: {'NUMBERITERATIONS-': 15.07, 'TIMETOSOLUTION-': 323.94}

11th iteration mean and sd:
Mean: {'NUMBERITERATIONS-': 6.24, 'TIMETOSOLUTION-': 140.27}SD: {'NUMBERITERATIONS-': 6.09, 'TIMETOSOLUTION-': 153.03}

12th iteration mean and sd:
Mean: {'NUMBERITERATIONS-': 11.44, 'TIMETOSOLUTION-': 197.98}SD: {'NUMBERITERATIONS-': 12.57, 'TIMETOSOLUTION-': 200.94}

13th iteration mean and sd:
Mean: {'NUMBERITERATIONS-': 6.52, 'TIMETOSOLUTION-': 69.29}SD: {'NUMBERITERATIONS-': 1.76, 'TIMETOSOLUTION-': 16.92}

14th iteration mean and sd:
Mean: {'NUMBERITERATIONS-': 9.47, 'TIMETOSOLUTION-': 174.24}SD: {'NUMBERITERATIONS-': 18.45, 'TIMETOSOLUTION-': 341.62}

15th iteration mean and sd:
Mean: {'NUMBERITERATIONS-': 10.3, 'TIMETOSOLUTION-': 227.56}SD: {'NUMBERITERATIONS-': 18.43, 'TIMETOSOLUTION-': 400.32}

16th iteration mean and sd:
Mean: {'NUMBERITERATIONS-': 20.45, 'TIMETOSOLUTION-': 185.89}SD: {'NUMBERITERATIONS-': 30.71, 'TIMETOSOLUTION-': 196.14}

17th iteration mean and sd:
Mean: {'NUMBERITERATIONS-': 5.43, 'TIMETOSOLUTION-': 102.63}SD: {'NUMBERITERATIONS-': 1.05, 'TIMETOSOLUTION-': 21.38}

18th iteration mean and sd:
Mean: {'NUMBERITERATIONS-': 9.57, 'TIMETOSOLUTION-': 125.95}SD: {'NUMBERITERATIONS-': 7.91, 'TIMETOSOLUTION-': 83.23}

19th iteration mean and sd:
Mean: {'NUMBERITERATIONS-': 4.8, 'TIMETOSOLUTION-': 110.72}SD: {'NUMBERITERATIONS-': 0.75, 'TIMETOSOLUTION-': 15.45}

These are the 80 best ranks according to zitlers domination predicate for the whole dataset
[0, 0, 0, 0, 1, 0, 1, 0, 0, 5, 90, 4, 0, 3, 33.305]
[0, 0, 0, 0, 1, 0, 1, 0, 0, 5, 85, 4, 0, 3, 36.868]
[0, 0, 0, 0, 1, 0, 1, 0, 0, 5, 90, 5, 0, 3, 39.084]
[0, 0, 0, 0, 1, 0, 1, 0, 0, 5, 85, 5, 0, 3, 39.722]
[0, 0, 0, 0, 1, 0, 1, 0, 0, 90, 5, 4, 0, 3, 39.832]
[0, 0, 0, 0, 1, 0, 1, 0, 0, 85, 5, 5, 0, 3, 40.785]
[0, 0, 0, 0, 1, 0, 1, 0, 0, 90, 5, 5, 0, 3, 41.979]
[0, 0, 0, 0, 1, 0, 1, 0, 0, 5, 85, 6, 0, 3, 44.59600001]
[0, 0, 0, 0, 1, 0, 1, 0, 0, 5, 90, 6, 0, 3, 44.707]
[1, 0, 0, 0, 0, 0, 1, 0, 0, 5, 90, 4, 0, 3, 47.831]
[0, 0, 0, 0, 1, 0, 1, 0, 0, 90, 5, 6, 0, 3, 47.874]
[0, 0, 0, 1, 1, 0, 0, 1, 0, 85, 90, 7, 0, 3, 48.892]
[0, 0, 0, 0, 1, 0, 0, 1, 0, 85, 90, 7, 0, 3, 49.043]
[1, 0, 0, 0, 0, 0, 1, 0, 0, 5, 85, 4, 0, 3, 49.069]
[1, 0, 0, 0, 0, 0, 1, 0, 0, 85, 5, 4, 0, 3, 49.094]
[0, 0, 0, 0, 1, 0, 1, 0, 0, 10, 80, 7, 0, 3, 50.52399999]
[0, 0, 0, 0, 1, 0, 1, 0, 0, 85, 5, 6, 0, 3, 50.687]
[0, 0, 0, 0, 1, 0, 1, 0, 0, 5, 90, 7, 0, 3, 50.725]
[0, 0, 0, 1, 1, 0, 0, 1, 0, 5, 90, 7, 0, 3, 50.87]
[0, 0, 0, 0, 1, 0, 0, 1, 0, 5, 90, 7, 0, 3, 50.943]
[0, 0, 0, 0, 1, 0, 1, 0, 0, 10, 90, 7, 0, 3, 51.366]
[0, 0, 0, 0, 1, 0, 1, 0, 0, 5, 85, 7, 0, 3, 53.18800001]
[1, 0, 0, 0, 0, 0, 1, 0, 0, 5, 85, 5, 0, 3, 53.22599999]
[0, 0, 0, 0, 1, 0, 0, 1, 0, 85, 5, 7, 0, 3, 54.088]
[0, 0, 0, 0, 1, 0, 1, 0, 0, 80, 10, 7, 0, 3, 54.228]
[0, 0, 0, 1, 1, 0, 0, 1, 0, 85, 90, 8, 0, 3, 54.236]
[0, 0, 0, 0, 1, 0, 0, 1, 0, 85, 90, 8, 0, 3, 54.252]
[0, 0, 0, 0, 1, 0, 1, 0, 0, 85, 10, 7, 0, 3, 54.284]
[0, 0, 0, 0, 1, 0, 1, 0, 0, 85, 5, 7, 0, 3, 54.371]
[0, 0, 0, 0, 1, 0, 0, 1, 0, 5, 85, 7, 0, 3, 54.89299999]
[0, 0, 0, 1, 1, 0, 0, 1, 0, 5, 85, 7, 0, 3, 54.89900001]
[0, 0, 0, 0, 1, 0, 1, 0, 0, 90, 5, 7, 0, 3, 55.084]
[1, 0, 0, 0, 0, 0, 1, 0, 0, 90, 5, 4, 0, 3, 55.461]
[1, 0, 0, 0, 0, 0, 1, 0, 0, 90, 5, 5, 0, 3, 55.829]
[0, 0, 0, 0, 1, 0, 1, 0, 0, 5, 85, 8, 0, 3, 56.19599999]
[0, 0, 0, 0, 1, 0, 1, 0, 0, 10, 80, 8, 0, 3, 56.31]
[0, 0, 0, 0, 1, 0, 1, 0, 0, 5, 90, 8, 0, 3, 56.371]
[0, 0, 0, 0, 1, 0, 1, 0, 0, 10, 90, 8, 0, 3, 56.454]
[0, 0, 0, 0, 1, 0, 0, 1, 0, 5, 90, 8, 0, 3, 56.725]
[0, 0, 0, 1, 1, 0, 0, 1, 0, 90, 5, 7, 0, 3, 57.113]
[0, 0, 0, 0, 1, 0, 1, 0, 0, 90, 10, 7, 0, 3, 57.273]
[1, 0, 0, 0, 0, 0, 1, 0, 0, 85, 5, 5, 0, 3, 57.304]
[0, 0, 0, 1, 1, 0, 0, 1, 0, 85, 5, 7, 0, 3, 57.583]
[0, 0, 0, 1, 1, 0, 0, 1, 0, 5, 85, 8, 0, 3, 57.797]
[0, 0, 0, 0, 1, 0, 0, 1, 0, 5, 85, 8, 0, 3, 58.689]
[0, 0, 0, 0, 1, 0, 1, 0, 0, 90, 5, 8, 0, 3, 58.907]
[1, 0, 0, 0, 0, 0, 1, 0, 0, 5, 90, 5, 0, 3, 59.542]
[0, 0, 0, 0, 1, 0, 1, 0, 0, 90, 10, 8, 0, 3, 60.387]
[0, 0, 0, 0, 1, 0, 1, 0, 0, 85, 5, 8, 0, 3, 60.442]
[1, 0, 0, 0, 0, 0, 1, 0, 0, 85, 10, 6, 0, 3, 61.249]
[1, 0, 0, 0, 0, 0, 1, 0, 0, 5, 90, 6, 0, 3, 61.594]
[0, 0, 0, 1, 1, 0, 0, 1, 0, 85, 5, 8, 0, 3, 61.877]
[0, 0, 0, 0, 1, 0, 1, 0, 0, 85, 10, 8, 0, 3, 62.397]
[0, 0, 0, 0, 1, 0, 0, 1, 0, 90, 5, 7, 0, 3, 63.258]
[0, 0, 0, 1, 1, 0, 0, 1, 0, 5, 90, 8, 0, 3, 63.32]
[1, 0, 0, 0, 0, 0, 1, 0, 0, 5, 85, 6, 0, 3, 63.34299999]
[0, 0, 0, 1, 1, 0, 0, 1, 0, 90, 5, 8, 0, 3, 64.199]
[0, 0, 0, 0, 1, 0, 0, 1, 0, 90, 5, 8, 0, 3, 64.268]
[1, 0, 0, 0, 0, 0, 1, 0, 0, 90, 5, 6, 0, 3, 65.243]
[0, 0, 0, 0, 1, 0, 0, 1, 0, 85, 5, 8, 0, 3, 67.112]
[0, 0, 0, 0, 1, 0, 1, 0, 0, 80, 10, 8, 0, 3, 67.388]
[1, 0, 0, 1, 0, 0, 0, 1, 0, 85, 90, 7, 0, 3, 67.412]
[1, 0, 0, 0, 0, 0, 1, 0, 0, 85, 10, 7, 0, 3, 68.483]
[1, 0, 0, 0, 0, 0, 0, 1, 0, 85, 90, 7, 0, 3, 68.583]
[1, 0, 0, 0, 0, 0, 1, 0, 0, 10, 80, 7, 0, 3, 68.82900001]
[1, 0, 0, 0, 0, 0, 1, 0, 0, 85, 5, 6, 0, 3, 69.104]
[1, 0, 0, 1, 0, 0, 0, 1, 0, 5, 90, 7, 0, 3, 69.507]
[1, 0, 0, 0, 0, 0, 1, 0, 0, 5, 90, 7, 0, 3, 69.558]
[1, 0, 0, 0, 0, 0, 0, 1, 0, 5, 90, 7, 0, 3, 69.687]
[1, 0, 0, 0, 0, 0, 1, 0, 0, 10, 90, 7, 0, 3, 71.75]
[1, 0, 0, 0, 0, 0, 1, 0, 0, 90, 10, 7, 0, 3, 71.868]
[1, 0, 0, 0, 0, 0, 1, 0, 0, 90, 5, 7, 0, 3, 72.51]
[0, 0, 0, 1, 1, 0, 0, 1, 0, 85, 90, 3, 0, 4, 34.921]
[0, 0, 0, 0, 1, 0, 0, 1, 0, 85, 90, 3, 0, 4, 34.931]
[1, 0, 0, 1, 0, 0, 0, 1, 0, 5, 85, 7, 0, 3, 72.797]
[1, 0, 0, 0, 0, 0, 0, 1, 0, 5, 85, 7, 0, 3, 72.84800001]
[1, 0, 0, 0, 0, 0, 0, 1, 0, 85, 5, 7, 0, 3, 73.273]
[1, 0, 0, 0, 0, 0, 1, 0, 0, 80, 10, 7, 0, 3, 73.372]
[1, 0, 0, 1, 0, 0, 0, 1, 0, 90, 5, 7, 0, 3, 73.463]

This is the average of the best gotten from sway: {'NUMBERITERATIONS-': 7.4485, 'TIMETOSOLUTION-': 135.166}
The rank with respect to the top 80 is 81, i.e it is worst than everything else
--------------------------------------------------------------------------------------------------------------------------------------------------------------------------------------------------------


sway2 and xpln for budget 0.5(the["min"])
        NUMBERITERATIONS-    TIMETOSOLUTION-    n_evals avg
----  -------------------  -----------------  -------------
all                 30.94             506.07              0
sway               16.863            323.173             10
xpln              32.6455            468.959             10
top                  3.66              62.41         239360
              NUMBERITERATIONS-    TIMETOSOLUTION-
------------  -------------------  -----------------
all to all    neq                  =
all to sway   neq                  neq
sway to xpln  neq                  neq
sway to top   neq                  neq

0th iteration mean and sd:
Mean: {'NUMBERITERATIONS-': 9.66, 'TIMETOSOLUTION-': 302.88}SD: {'NUMBERITERATIONS-': 45.73, 'TIMETOSOLUTION-': 1412.24}

1th iteration mean and sd:
Mean: {'NUMBERITERATIONS-': 7.06, 'TIMETOSOLUTION-': 137.8}SD: {'NUMBERITERATIONS-': 1.77, 'TIMETOSOLUTION-': 33.04}

2th iteration mean and sd:
Mean: {'NUMBERITERATIONS-': 5.07, 'TIMETOSOLUTION-': 138.28}SD: {'NUMBERITERATIONS-': 0.89, 'TIMETOSOLUTION-': 35.07}

3th iteration mean and sd:
Mean: {'NUMBERITERATIONS-': 5.2, 'TIMETOSOLUTION-': 162.3}SD: {'NUMBERITERATIONS-': 1.77, 'TIMETOSOLUTION-': 46.85}

4th iteration mean and sd:
Mean: {'NUMBERITERATIONS-': 5.7, 'TIMETOSOLUTION-': 101.64}SD: {'NUMBERITERATIONS-': 1.34, 'TIMETOSOLUTION-': 23.18}

5th iteration mean and sd:
Mean: {'NUMBERITERATIONS-': 6.46, 'TIMETOSOLUTION-': 135.14}SD: {'NUMBERITERATIONS-': 3.09, 'TIMETOSOLUTION-': 59.05}

6th iteration mean and sd:
Mean: {'NUMBERITERATIONS-': 40.4, 'TIMETOSOLUTION-': 718.06}SD: {'NUMBERITERATIONS-': 124.97, 'TIMETOSOLUTION-': 2195.59}

7th iteration mean and sd:
Mean: {'NUMBERITERATIONS-': 5.56, 'TIMETOSOLUTION-': 110.19}SD: {'NUMBERITERATIONS-': 1.15, 'TIMETOSOLUTION-': 23.68}

8th iteration mean and sd:
Mean: {'NUMBERITERATIONS-': 6.18, 'TIMETOSOLUTION-': 147.57}SD: {'NUMBERITERATIONS-': 1.23, 'TIMETOSOLUTION-': 34.9}

9th iteration mean and sd:
Mean: {'NUMBERITERATIONS-': 5.06, 'TIMETOSOLUTION-': 123.6}SD: {'NUMBERITERATIONS-': 0.93, 'TIMETOSOLUTION-': 26.74}

10th iteration mean and sd:
Mean: {'NUMBERITERATIONS-': 56.49, 'TIMETOSOLUTION-': 706.5}SD: {'NUMBERITERATIONS-': 145.45, 'TIMETOSOLUTION-': 1853.83}

11th iteration mean and sd:
Mean: {'NUMBERITERATIONS-': 8.04, 'TIMETOSOLUTION-': 117.52}SD: {'NUMBERITERATIONS-': 23.17, 'TIMETOSOLUTION-': 238.78}

12th iteration mean and sd:
Mean: {'NUMBERITERATIONS-': 35.53, 'TIMETOSOLUTION-': 907.12}SD: {'NUMBERITERATIONS-': 117.57, 'TIMETOSOLUTION-': 2954.34}

13th iteration mean and sd:
Mean: {'NUMBERITERATIONS-': 46.92, 'TIMETOSOLUTION-': 355.24}SD: {'NUMBERITERATIONS-': 118.61, 'TIMETOSOLUTION-': 922.47}

14th iteration mean and sd:
Mean: {'NUMBERITERATIONS-': 7.49, 'TIMETOSOLUTION-': 109.12}SD: {'NUMBERITERATIONS-': 4.35, 'TIMETOSOLUTION-': 52.19}

15th iteration mean and sd:
Mean: {'NUMBERITERATIONS-': 4.73, 'TIMETOSOLUTION-': 155.65}SD: {'NUMBERITERATIONS-': 0.89, 'TIMETOSOLUTION-': 32.81}

16th iteration mean and sd:
Mean: {'NUMBERITERATIONS-': 44.75, 'TIMETOSOLUTION-': 1114.13}SD: {'NUMBERITERATIONS-': 133.84, 'TIMETOSOLUTION-': 3334.24}

17th iteration mean and sd:
Mean: {'NUMBERITERATIONS-': 5.1, 'TIMETOSOLUTION-': 128.21}SD: {'NUMBERITERATIONS-': 1.2, 'TIMETOSOLUTION-': 30.71}

18th iteration mean and sd:
Mean: {'NUMBERITERATIONS-': 24.86, 'TIMETOSOLUTION-': 661.14}SD: {'NUMBERITERATIONS-': 95.48, 'TIMETOSOLUTION-': 2518.33}

19th iteration mean and sd:
Mean: {'NUMBERITERATIONS-': 7.0, 'TIMETOSOLUTION-': 131.38}SD: {'NUMBERITERATIONS-': 2.68, 'TIMETOSOLUTION-': 37.21}

These are the 80 best ranks according to zitlers domination predicate for the whole dataset
[0, 0, 0, 0, 1, 0, 1, 0, 0, 5, 90, 4, 0, 3, 33.305]
[0, 0, 0, 0, 1, 0, 1, 0, 0, 5, 85, 4, 0, 3, 36.868]
[0, 0, 0, 0, 1, 0, 1, 0, 0, 5, 90, 5, 0, 3, 39.084]
[0, 0, 0, 0, 1, 0, 1, 0, 0, 5, 85, 5, 0, 3, 39.722]
[0, 0, 0, 0, 1, 0, 1, 0, 0, 90, 5, 4, 0, 3, 39.832]
[0, 0, 0, 0, 1, 0, 1, 0, 0, 85, 5, 5, 0, 3, 40.785]
[0, 0, 0, 0, 1, 0, 1, 0, 0, 90, 5, 5, 0, 3, 41.979]
[0, 0, 0, 0, 1, 0, 1, 0, 0, 5, 85, 6, 0, 3, 44.59600001]
[0, 0, 0, 0, 1, 0, 1, 0, 0, 5, 90, 6, 0, 3, 44.707]
[1, 0, 0, 0, 0, 0, 1, 0, 0, 5, 90, 4, 0, 3, 47.831]
[0, 0, 0, 0, 1, 0, 1, 0, 0, 90, 5, 6, 0, 3, 47.874]
[0, 0, 0, 1, 1, 0, 0, 1, 0, 85, 90, 7, 0, 3, 48.892]
[0, 0, 0, 0, 1, 0, 0, 1, 0, 85, 90, 7, 0, 3, 49.043]
[1, 0, 0, 0, 0, 0, 1, 0, 0, 5, 85, 4, 0, 3, 49.069]
[1, 0, 0, 0, 0, 0, 1, 0, 0, 85, 5, 4, 0, 3, 49.094]
[0, 0, 0, 0, 1, 0, 1, 0, 0, 10, 80, 7, 0, 3, 50.52399999]
[0, 0, 0, 0, 1, 0, 1, 0, 0, 85, 5, 6, 0, 3, 50.687]
[0, 0, 0, 0, 1, 0, 1, 0, 0, 5, 90, 7, 0, 3, 50.725]
[0, 0, 0, 1, 1, 0, 0, 1, 0, 5, 90, 7, 0, 3, 50.87]
[0, 0, 0, 0, 1, 0, 0, 1, 0, 5, 90, 7, 0, 3, 50.943]
[0, 0, 0, 0, 1, 0, 1, 0, 0, 10, 90, 7, 0, 3, 51.366]
[0, 0, 0, 0, 1, 0, 1, 0, 0, 5, 85, 7, 0, 3, 53.18800001]
[1, 0, 0, 0, 0, 0, 1, 0, 0, 5, 85, 5, 0, 3, 53.22599999]
[0, 0, 0, 0, 1, 0, 0, 1, 0, 85, 5, 7, 0, 3, 54.088]
[0, 0, 0, 0, 1, 0, 1, 0, 0, 80, 10, 7, 0, 3, 54.228]
[0, 0, 0, 1, 1, 0, 0, 1, 0, 85, 90, 8, 0, 3, 54.236]
[0, 0, 0, 0, 1, 0, 0, 1, 0, 85, 90, 8, 0, 3, 54.252]
[0, 0, 0, 0, 1, 0, 1, 0, 0, 85, 10, 7, 0, 3, 54.284]
[0, 0, 0, 0, 1, 0, 1, 0, 0, 85, 5, 7, 0, 3, 54.371]
[0, 0, 0, 0, 1, 0, 0, 1, 0, 5, 85, 7, 0, 3, 54.89299999]
[0, 0, 0, 1, 1, 0, 0, 1, 0, 5, 85, 7, 0, 3, 54.89900001]
[0, 0, 0, 0, 1, 0, 1, 0, 0, 90, 5, 7, 0, 3, 55.084]
[1, 0, 0, 0, 0, 0, 1, 0, 0, 90, 5, 4, 0, 3, 55.461]
[1, 0, 0, 0, 0, 0, 1, 0, 0, 90, 5, 5, 0, 3, 55.829]
[0, 0, 0, 0, 1, 0, 1, 0, 0, 5, 85, 8, 0, 3, 56.19599999]
[0, 0, 0, 0, 1, 0, 1, 0, 0, 10, 80, 8, 0, 3, 56.31]
[0, 0, 0, 0, 1, 0, 1, 0, 0, 5, 90, 8, 0, 3, 56.371]
[0, 0, 0, 0, 1, 0, 1, 0, 0, 10, 90, 8, 0, 3, 56.454]
[0, 0, 0, 0, 1, 0, 0, 1, 0, 5, 90, 8, 0, 3, 56.725]
[0, 0, 0, 1, 1, 0, 0, 1, 0, 90, 5, 7, 0, 3, 57.113]
[0, 0, 0, 0, 1, 0, 1, 0, 0, 90, 10, 7, 0, 3, 57.273]
[1, 0, 0, 0, 0, 0, 1, 0, 0, 85, 5, 5, 0, 3, 57.304]
[0, 0, 0, 1, 1, 0, 0, 1, 0, 85, 5, 7, 0, 3, 57.583]
[0, 0, 0, 1, 1, 0, 0, 1, 0, 5, 85, 8, 0, 3, 57.797]
[0, 0, 0, 0, 1, 0, 0, 1, 0, 5, 85, 8, 0, 3, 58.689]
[0, 0, 0, 0, 1, 0, 1, 0, 0, 90, 5, 8, 0, 3, 58.907]
[1, 0, 0, 0, 0, 0, 1, 0, 0, 5, 90, 5, 0, 3, 59.542]
[0, 0, 0, 0, 1, 0, 1, 0, 0, 90, 10, 8, 0, 3, 60.387]
[0, 0, 0, 0, 1, 0, 1, 0, 0, 85, 5, 8, 0, 3, 60.442]
[1, 0, 0, 0, 0, 0, 1, 0, 0, 85, 10, 6, 0, 3, 61.249]
[1, 0, 0, 0, 0, 0, 1, 0, 0, 5, 90, 6, 0, 3, 61.594]
[0, 0, 0, 1, 1, 0, 0, 1, 0, 85, 5, 8, 0, 3, 61.877]
[0, 0, 0, 0, 1, 0, 1, 0, 0, 85, 10, 8, 0, 3, 62.397]
[0, 0, 0, 0, 1, 0, 0, 1, 0, 90, 5, 7, 0, 3, 63.258]
[0, 0, 0, 1, 1, 0, 0, 1, 0, 5, 90, 8, 0, 3, 63.32]
[1, 0, 0, 0, 0, 0, 1, 0, 0, 5, 85, 6, 0, 3, 63.34299999]
[0, 0, 0, 1, 1, 0, 0, 1, 0, 90, 5, 8, 0, 3, 64.199]
[0, 0, 0, 0, 1, 0, 0, 1, 0, 90, 5, 8, 0, 3, 64.268]
[1, 0, 0, 0, 0, 0, 1, 0, 0, 90, 5, 6, 0, 3, 65.243]
[0, 0, 0, 0, 1, 0, 0, 1, 0, 85, 5, 8, 0, 3, 67.112]
[0, 0, 0, 0, 1, 0, 1, 0, 0, 80, 10, 8, 0, 3, 67.388]
[1, 0, 0, 1, 0, 0, 0, 1, 0, 85, 90, 7, 0, 3, 67.412]
[1, 0, 0, 0, 0, 0, 1, 0, 0, 85, 10, 7, 0, 3, 68.483]
[1, 0, 0, 0, 0, 0, 0, 1, 0, 85, 90, 7, 0, 3, 68.583]
[1, 0, 0, 0, 0, 0, 1, 0, 0, 10, 80, 7, 0, 3, 68.82900001]
[1, 0, 0, 0, 0, 0, 1, 0, 0, 85, 5, 6, 0, 3, 69.104]
[1, 0, 0, 1, 0, 0, 0, 1, 0, 5, 90, 7, 0, 3, 69.507]
[1, 0, 0, 0, 0, 0, 1, 0, 0, 5, 90, 7, 0, 3, 69.558]
[1, 0, 0, 0, 0, 0, 0, 1, 0, 5, 90, 7, 0, 3, 69.687]
[1, 0, 0, 0, 0, 0, 1, 0, 0, 10, 90, 7, 0, 3, 71.75]
[1, 0, 0, 0, 0, 0, 1, 0, 0, 90, 10, 7, 0, 3, 71.868]
[1, 0, 0, 0, 0, 0, 1, 0, 0, 90, 5, 7, 0, 3, 72.51]
[0, 0, 0, 1, 1, 0, 0, 1, 0, 85, 90, 3, 0, 4, 34.921]
[0, 0, 0, 0, 1, 0, 0, 1, 0, 85, 90, 3, 0, 4, 34.931]
[1, 0, 0, 1, 0, 0, 0, 1, 0, 5, 85, 7, 0, 3, 72.797]
[1, 0, 0, 0, 0, 0, 0, 1, 0, 5, 85, 7, 0, 3, 72.84800001]
[1, 0, 0, 0, 0, 0, 0, 1, 0, 85, 5, 7, 0, 3, 73.273]
[1, 0, 0, 0, 0, 0, 1, 0, 0, 80, 10, 7, 0, 3, 73.372]
[1, 0, 0, 1, 0, 0, 0, 1, 0, 90, 5, 7, 0, 3, 73.463]

This is the average of the best gotten from sway: {'NUMBERITERATIONS-': 16.863, 'TIMETOSOLUTION-': 323.1735}
The rank with respect to the top 80 is 81, i.e it is worst than everything else
--------------------------------------------------------------------------------------------------------------------------------------------------------------------------------------------------------
