
sway and xpln for budget 0.5(the["min"])
        PSNR-    Energy-    n_evals avg
----  -------  ---------  -------------
all     44.53       1658              0
sway   43.636    1543.53              9
xpln  44.1775    1446.71              9
top   25.9825    503.972          53662
              PSNR-    Energy-
------------  -------  ---------
all to all    =        =
all to sway   neq      neq
sway to xpln  neq      neq
sway to top   neq      neq

0th iteration mean and sd:
Mean: {'PSNR-': 45.95, 'Energy-': 2208.54}SD: {'PSNR-': 4.93, 'Energy-': 1002.99}

1th iteration mean and sd:
Mean: {'PSNR-': 41.92, 'Energy-': 2148.0}SD: {'PSNR-': 9.86, 'Energy-': 2002.01}

2th iteration mean and sd:
Mean: {'PSNR-': 42.02, 'Energy-': 1278.54}SD: {'PSNR-': 5.7, 'Energy-': 446.26}

3th iteration mean and sd:
Mean: {'PSNR-': 43.52, 'Energy-': 1119.69}SD: {'PSNR-': 5.11, 'Energy-': 492.49}

4th iteration mean and sd:
Mean: {'PSNR-': 42.62, 'Energy-': 1328.19}SD: {'PSNR-': 5.43, 'Energy-': 509.19}

5th iteration mean and sd:
Mean: {'PSNR-': 45.15, 'Energy-': 669.77}SD: {'PSNR-': 7.87, 'Energy-': 358.31}

6th iteration mean and sd:
Mean: {'PSNR-': 42.13, 'Energy-': 961.87}SD: {'PSNR-': 6.78, 'Energy-': 440.83}

7th iteration mean and sd:
Mean: {'PSNR-': 41.3, 'Energy-': 1317.08}SD: {'PSNR-': 5.42, 'Energy-': 367.95}

8th iteration mean and sd:
Mean: {'PSNR-': 44.2, 'Energy-': 3654.77}SD: {'PSNR-': 7.77, 'Energy-': 3218.03}

9th iteration mean and sd:
Mean: {'PSNR-': 43.75, 'Energy-': 2739.84}SD: {'PSNR-': 6.08, 'Energy-': 2121.56}

10th iteration mean and sd:
Mean: {'PSNR-': 42.95, 'Energy-': 941.01}SD: {'PSNR-': 8.75, 'Energy-': 723.52}

11th iteration mean and sd:
Mean: {'PSNR-': 45.35, 'Energy-': 1248.35}SD: {'PSNR-': 5.18, 'Energy-': 696.7}

12th iteration mean and sd:
Mean: {'PSNR-': 44.55, 'Energy-': 654.25}SD: {'PSNR-': 6.13, 'Energy-': 301.24}

13th iteration mean and sd:
Mean: {'PSNR-': 43.59, 'Energy-': 1852.44}SD: {'PSNR-': 8.06, 'Energy-': 1593.71}

14th iteration mean and sd:
Mean: {'PSNR-': 44.2, 'Energy-': 1248.75}SD: {'PSNR-': 6.08, 'Energy-': 525.85}

15th iteration mean and sd:
Mean: {'PSNR-': 45.8, 'Energy-': 516.0}SD: {'PSNR-': 6.45, 'Energy-': 147.13}

16th iteration mean and sd:
Mean: {'PSNR-': 45.48, 'Energy-': 541.4}SD: {'PSNR-': 5.69, 'Energy-': 95.66}

17th iteration mean and sd:
Mean: {'PSNR-': 43.23, 'Energy-': 897.16}SD: {'PSNR-': 7.98, 'Energy-': 485.17}

18th iteration mean and sd:
Mean: {'PSNR-': 42.47, 'Energy-': 4322.95}SD: {'PSNR-': 5.6, 'Energy-': 1523.45}

19th iteration mean and sd:
Mean: {'PSNR-': 42.54, 'Energy-': 1222.04}SD: {'PSNR-': 5.37, 'Energy-': 373.59}

These are the 80 best ranks according to zitlers domination predicate for the whole dataset
[0, 0, 0, 1, 2, 25, 0, 26, 0, 250, 0, 64, 1, 50, 100, 626, 1, 19.211, 370.5625]
[0, 0, 0, 0, 2, 25, 0, 26, 0, 250, 0, 64, 1, 50, 100, 626, 1, 19.211, 371.175]
[1, 0, 0, 0, 2, 25, 0, 26, 0, 250, 0, 64, 1, 50, 100, 626, 1, 19.211, 372.3416667]
[0, 0, 0, 0, 1.4, 22, 0.8, 47, 7, 104, 2, 24, 109, 28.1, 100, 1247, 0.2, 20.949, 0]
[0, 0, 1, 0, 2, 25, 0, 26, 0, 250, 0, 64, 1, 50, 100, 626, 1, 19.284, 426.4888889]
[1, 0, 0, 1, 0.5, 13, 0, 0, 4, 125, 0, 32, 1, 50, 26, 0, 0, 21.472, 234.6551111]
[0, 0, 0, 0, 0.5, 13, 0, 0, 4, 125, 0, 32, 1, 50, 26, 0, 0, 21.472, 243.248599]
[0, 0, 0, 1, 0.5, 13, 0, 0, 4, 125, 0, 32, 1, 50, 26, 0, 0, 21.472, 246.0263194]
[1, 0, 0, 1, 1.2, 17, 0, 24, 2, 85, -67, 105, 1, 50, 49, 0, 0.3, 21.531, 232.5951852]
[1, 0, 0, 0, 0.5, 13, 0, 0, 4, 125, 0, 32, 1, 50, 26, 0, 0, 21.472, 250.8670139]
[1, 0, 0, 0, 1.2, 17, 0, 24, 2, 85, -67, 105, 1, 50, 49, 0, 0.3, 21.531, 239.4783333]
[0, 0, 0, 0, 1.2, 17, 0, 24, 2, 85, -67, 105, 1, 50, 49, 0, 0.3, 21.531, 256.2320741]
[1, 0, 1, 0, 0.5, 13, 0, 0, 4, 125, 0, 32, 1, 50, 26, 0, 0, 21.629, 236.7722222]
[0, 0, 0, 1, 1.2, 17, 0, 24, 2, 85, -67, 105, 1, 50, 49, 0, 0.3, 21.531, 261.733]
[1, 0, 1, 0, 1.2, 17, 0, 24, 2, 85, -67, 105, 1, 50, 49, 0, 0.3, 21.694, 235.6792593]
[0, 0, 1, 1, 0.5, 13, 0, 0, 4, 125, 0, 32, 1, 50, 26, 0, 0, 21.629, 254.9511111]
[0, 0, 1, 0, 1.2, 17, 0, 24, 2, 85, -67, 105, 1, 50, 49, 0, 0.3, 21.694, 243.3783333]
[0, 0, 1, 0, 0.5, 13, 0, 0, 4, 125, 0, 32, 1, 50, 26, 0, 0, 21.629, 260.6545139]
[0, 0, 1, 1, 1.2, 17, 0, 24, 2, 85, -67, 105, 1, 50, 49, 0, 0.3, 21.694, 265.8148148]
[1, 0, 1, 1, 0.5, 13, 0, 0, 4, 125, 0, 32, 1, 50, 26, 0, 0, 21.629, 372.2094444]
[1, 0, 1, 1, 1.2, 17, 0, 24, 2, 85, -67, 105, 1, 50, 49, 0, 0.3, 21.694, 432.6412037]
[0, 1, 0, 0, 2, 25, 0, 26, 0, 250, 0, 64, 1, 50, 100, 626, 1, 19.197, 1104.25]
[0, 1, 0, 1, 0.5, 13, 0, 0, 4, 125, 0, 32, 1, 50, 26, 0, 0, 21.45, 713.1206349]
[1, 1, 0, 0, 0.5, 13, 0, 0, 4, 125, 0, 32, 1, 50, 26, 0, 0, 21.45, 717.3614921]
[0, 1, 0, 0, 0.5, 13, 0, 0, 4, 125, 0, 32, 1, 50, 26, 0, 0, 21.45, 721.0550992]
[0, 1, 1, 0, 0.5, 13, 0, 0, 4, 125, 0, 32, 1, 50, 26, 0, 0, 21.609, 685.9109524]
[0, 1, 0, 0, 1.2, 17, 0, 24, 2, 85, -67, 105, 1, 50, 49, 0, 0.3, 21.509, 718.9130952]
[0, 1, 1, 0, 1.2, 17, 0, 24, 2, 85, -67, 105, 1, 50, 49, 0, 0.3, 21.673, 686.8230159]
[0, 1, 0, 1, 1.2, 17, 0, 24, 2, 85, -67, 105, 1, 50, 49, 0, 0.3, 21.509, 738.0592593]
[1, 1, 0, 0, 1.2, 17, 0, 24, 2, 85, -67, 105, 1, 50, 49, 0, 0.3, 21.509, 738.6296296]
[0, 0, 0, 1, 0.8, 23, 0.4, 21, 2, 215, 53, 105, 19, 49.7, 88, 0, 0.4, 23.922, 368.9703241]
[0, 0, 0, 0, 0.8, 23, 0.4, 21, 2, 215, 53, 105, 19, 49.7, 88, 0, 0.4, 23.922, 369.3705556]
[0, 0, 1, 0, 0.8, 23, 0.4, 21, 2, 215, 53, 105, 19, 49.7, 88, 0, 0.4, 23.998, 357.8029927]
[0, 0, 1, 1, 0.8, 23, 0.4, 21, 2, 215, 53, 105, 19, 49.7, 88, 0, 0.4, 23.998, 358.3809524]
[1, 1, 1, 1, 0.5, 13, 0, 0, 4, 125, 0, 32, 1, 50, 26, 0, 0, 21.609, 1018.686377]
[1, 1, 1, 0, 0.5, 13, 0, 0, 4, 125, 0, 32, 1, 50, 26, 0, 0, 21.609, 1025.065476]
[0, 1, 1, 1, 0.5, 13, 0, 0, 4, 125, 0, 32, 1, 50, 26, 0, 0, 21.609, 1026.881607]
[1, 1, 0, 1, 0.5, 13, 0, 0, 4, 125, 0, 32, 1, 50, 26, 0, 0, 21.45, 1079.146587]
[0, 0, 0, 0, 1, 23, 0.5, 51, 7, 212, -63, 113, 378, 15.2, 23, 1046, 0.1, 25.805, 155.825]
[0, 0, 0, 0, 9, 19, 6, 44, 6, 75, 65, 26, 160, 414000000000000, 60, 1076, 0, 26.059, 101.4888889]
[0, 0, 0, 0, 0.9, 19, 0.6, 44, 6, 75, 65, 26, 160, 41.4, 60, 1076, 0, 26.059, 102.1555556]
[1, 1, 1, 1, 1.2, 17, 0, 24, 2, 85, -67, 105, 1, 50, 49, 0, 0.3, 21.673, 1136.880455]
[1, 1, 1, 0, 1.2, 17, 0, 24, 2, 85, -67, 105, 1, 50, 49, 0, 0.3, 21.673, 1137.464405]
[0, 0, 0, 0, 1.7, 12, 0.5, 51, 4, 24, -6, 27, 573, 17.8, 2, 986, 0.2, 25.963, 155.725]
[0, 1, 1, 1, 1.2, 17, 0, 24, 2, 85, -67, 105, 1, 50, 49, 0, 0.3, 21.673, 1141.30869]
[1, 1, 0, 1, 1.2, 17, 0, 24, 2, 85, -67, 105, 1, 50, 49, 0, 0.3, 21.509, 1209.399312]
[0, 0, 1, 1, 2, 19, 0, 13, 9, 63, -50, 32, 751, 50, 26, 0, 0.5, 24.596, 594.0944017]
[0, 0, 0, 1, 2, 19, 0, 13, 9, 63, -50, 32, 751, 50, 26, 0, 0.5, 24.522, 611.701055]
[0, 0, 0, 0, 2, 19, 0, 13, 9, 63, -50, 32, 751, 50, 26, 0, 0.5, 24.522, 616.0711631]
[0, 0, 1, 0, 2, 19, 0, 13, 9, 63, -50, 32, 751, 50, 26, 0, 0.5, 24.596, 600.8144097]
[0, 0, 0, 0, 0.8, 6, 0.4, 14, 6, 60, -86, 88, 533, 49.4, 34, 1051, 0.6, 26.471, 178.4594444]
[0, 0, 0, 1, 0.8, 6, 0.4, 14, 6, 60, -86, 88, 533, 49.4, 34, 1051, 0.6, 26.471, 189.3866667]
[0, 0, 0, 0, 1, 25, 0, 26, 2, 1, -100, 32, 251, 50, 26, 0, 1, 25.542, 411.1572262]
[1, 0, 0, 0, 0.3, 9, 0.3, 39, 2, 88, 97, 2, 172, 42.4, 70, 1063, 0, 26.753, 143.875]
[0, 0, 0, 1, 1, 25, 0, 26, 2, 1, -100, 32, 251, 50, 26, 0, 1, 25.542, 422.4259259]
[0, 0, 0, 1, 0.5, 25, 0.4, 0, 4, 1, 100, 0, 251, 50, 76, 0, 0.5, 26.007, 372.5552951]
[0, 0, 0, 0, 0.5, 25, 0.4, 0, 4, 1, 100, 0, 251, 50, 76, 0, 0.5, 26.007, 374.0334742]
[0, 0, 0, 1, 1.5, 19, 0.4, 51, 0, 63, -100, 0, 751, 50, 76, 0, 0, 25.807, 443.6473843]
[0, 0, 0, 0, 1.5, 19, 0.4, 51, 0, 63, -100, 0, 751, 50, 76, 0, 0, 25.807, 443.8612238]
[1, 0, 0, 1, 1.5, 13, 0.2, 51, 0, 125, 100, 96, 1, 50, 51, 0, 1, 26.704, 244.9417778]
[1, 0, 0, 0, 1.5, 13, 0.2, 51, 0, 125, 100, 96, 1, 50, 51, 0, 1, 26.704, 246.2904167]
[0, 0, 0, 0, 1.5, 13, 0.2, 51, 0, 125, 100, 96, 1, 50, 51, 0, 1, 26.704, 249.0323672]
[0, 0, 0, 1, 1.5, 13, 0.2, 51, 0, 125, 100, 96, 1, 50, 51, 0, 1, 26.704, 253.1385417]
[1, 0, 0, 1, 1.2, 9, 0.6, 8, 4, 250, 100, 0, 167, 50, 33, 0, 0, 26.516, 308.2]
[0, 0, 1, 0, 1.5, 19, 0.4, 51, 0, 63, -100, 0, 751, 50, 76, 0, 0, 25.971, 442.2294213]
[0, 0, 1, 1, 1.5, 19, 0.4, 51, 0, 63, -100, 0, 751, 50, 76, 0, 0, 25.971, 442.5042222]
[1, 0, 1, 1, 1.2, 9, 0.6, 8, 4, 250, 100, 0, 167, 50, 33, 0, 0, 26.571, 311.4095238]
[1, 0, 1, 0, 1.2, 9, 0.6, 8, 4, 250, 100, 0, 167, 50, 33, 0, 0, 26.571, 326.4988095]
[1, 0, 0, 0, 1.2, 9, 0.6, 8, 4, 250, 100, 0, 167, 50, 33, 0, 0, 26.516, 359.2925]
[0, 0, 1, 1, 1, 1, 0.2, 26, 2, 250, -50, 96, 1000, 50, 51, 0, 0, 25.109, 690.7338056]
[1, 0, 1, 0, 1.5, 13, 0.2, 51, 0, 125, 100, 96, 1, 50, 51, 0, 1, 27.098, 235.9326667]
[0, 0, 1, 0, 1, 1, 0.2, 26, 2, 250, -50, 96, 1000, 50, 51, 0, 0, 25.109, 701.2869618]
[0, 0, 1, 1, 0.5, 25, 0.4, 0, 4, 1, 100, 0, 251, 50, 76, 0, 0.5, 26.638, 364.2749074]
[0, 0, 1, 0, 0.5, 25, 0.4, 0, 4, 1, 100, 0, 251, 50, 76, 0, 0.5, 26.638, 366.6873264]
[0, 0, 1, 0, 1.5, 13, 0.2, 51, 0, 125, 100, 96, 1, 50, 51, 0, 1, 27.098, 263.4188889]
[0, 0, 1, 1, 1.5, 13, 0.2, 51, 0, 125, 100, 96, 1, 50, 51, 0, 1, 27.098, 265.4833333]
[0, 0, 0, 1, 1, 1, 0.2, 26, 2, 250, -50, 96, 1000, 50, 51, 0, 0, 25.205, 706.3612847]
[0, 0, 0, 0, 1, 1, 0.2, 26, 2, 250, -50, 96, 1000, 50, 51, 0, 0, 25.205, 708.7392331]
[0, 0, 1, 0, 1, 25, 0, 26, 2, 1, -100, 32, 251, 50, 26, 0, 1, 26.599, 395.2635417]

This is the average of the best gotten from sway: {'PSNR-': 43.636, 'Energy-': 1543.532}
The rank with respect to the top 80 is 81, i.e it is worst than everything else
--------------------------------------------------------------------------------------------------------------------------------------------------------------------------------------------------------

sway2 and xpln for budget 0.5(the["min"])
        PSNR-    Energy-    n_evals avg
----  -------  ---------  -------------
all     44.53       1658              0
sway  45.0205    1405.43              9
xpln   44.276    1713.85              9
top    25.985    504.085          53662
              PSNR-    Energy-
------------  -------  ---------
all to all    =        neq
all to sway   neq      neq
sway to xpln  neq      neq
sway to top   neq      neq

0th iteration mean and sd:
Mean: {'PSNR-': 46.01, 'Energy-': 774.55}SD: {'PSNR-': 5.21, 'Energy-': 446.74}

1th iteration mean and sd:
Mean: {'PSNR-': 52.87, 'Energy-': 1502.25}SD: {'PSNR-': 13.64, 'Energy-': 1601.35}

2th iteration mean and sd:
Mean: {'PSNR-': 46.54, 'Energy-': 839.33}SD: {'PSNR-': 5.94, 'Energy-': 493.07}

3th iteration mean and sd:
Mean: {'PSNR-': 41.61, 'Energy-': 1831.4}SD: {'PSNR-': 4.62, 'Energy-': 1178.22}

4th iteration mean and sd:
Mean: {'PSNR-': 44.4, 'Energy-': 1179.6}SD: {'PSNR-': 6.8, 'Energy-': 1001.28}

5th iteration mean and sd:
Mean: {'PSNR-': 46.24, 'Energy-': 754.57}SD: {'PSNR-': 5.49, 'Energy-': 459.45}

6th iteration mean and sd:
Mean: {'PSNR-': 40.79, 'Energy-': 1641.72}SD: {'PSNR-': 8.02, 'Energy-': 1190.87}

7th iteration mean and sd:
Mean: {'PSNR-': 46.21, 'Energy-': 3993.97}SD: {'PSNR-': 4.61, 'Energy-': 2703.06}

8th iteration mean and sd:
Mean: {'PSNR-': 43.96, 'Energy-': 1243.51}SD: {'PSNR-': 7.93, 'Energy-': 1133.83}

9th iteration mean and sd:
Mean: {'PSNR-': 46.67, 'Energy-': 729.32}SD: {'PSNR-': 5.46, 'Energy-': 471.44}

10th iteration mean and sd:
Mean: {'PSNR-': 46.01, 'Energy-': 774.55}SD: {'PSNR-': 5.21, 'Energy-': 446.74}

11th iteration mean and sd:
Mean: {'PSNR-': 42.74, 'Energy-': 2292.97}SD: {'PSNR-': 4.2, 'Energy-': 1464.94}

12th iteration mean and sd:
Mean: {'PSNR-': 46.36, 'Energy-': 622.1}SD: {'PSNR-': 6.39, 'Energy-': 369.87}

13th iteration mean and sd:
Mean: {'PSNR-': 44.4, 'Energy-': 1179.6}SD: {'PSNR-': 6.8, 'Energy-': 1001.28}

14th iteration mean and sd:
Mean: {'PSNR-': 46.19, 'Energy-': 788.07}SD: {'PSNR-': 5.9, 'Energy-': 476.58}

15th iteration mean and sd:
Mean: {'PSNR-': 42.51, 'Energy-': 1943.76}SD: {'PSNR-': 4.33, 'Energy-': 1293.32}

16th iteration mean and sd:
Mean: {'PSNR-': 42.65, 'Energy-': 2294.12}SD: {'PSNR-': 4.46, 'Energy-': 1468.85}

17th iteration mean and sd:
Mean: {'PSNR-': 46.43, 'Energy-': 731.41}SD: {'PSNR-': 5.37, 'Energy-': 458.88}

18th iteration mean and sd:
Mean: {'PSNR-': 46.7, 'Energy-': 671.75}SD: {'PSNR-': 5.22, 'Energy-': 405.29}

19th iteration mean and sd:
Mean: {'PSNR-': 41.12, 'Energy-': 2320.01}SD: {'PSNR-': 9.15, 'Energy-': 1658.8}

These are the 80 best ranks according to zitlers domination predicate for the whole dataset
[0, 0, 0, 1, 2, 25, 0, 26, 0, 250, 0, 64, 1, 50, 100, 626, 1, 19.211, 370.5625]
[0, 0, 0, 0, 2, 25, 0, 26, 0, 250, 0, 64, 1, 50, 100, 626, 1, 19.211, 371.175]
[1, 0, 0, 0, 2, 25, 0, 26, 0, 250, 0, 64, 1, 50, 100, 626, 1, 19.211, 372.3416667]
[0, 0, 0, 0, 1.4, 22, 0.8, 47, 7, 104, 2, 24, 109, 28.1, 100, 1247, 0.2, 20.949, 0]
[0, 0, 1, 0, 2, 25, 0, 26, 0, 250, 0, 64, 1, 50, 100, 626, 1, 19.284, 426.4888889]
[1, 0, 0, 1, 0.5, 13, 0, 0, 4, 125, 0, 32, 1, 50, 26, 0, 0, 21.472, 234.6551111]
[0, 0, 0, 0, 0.5, 13, 0, 0, 4, 125, 0, 32, 1, 50, 26, 0, 0, 21.472, 243.248599]
[0, 0, 0, 1, 0.5, 13, 0, 0, 4, 125, 0, 32, 1, 50, 26, 0, 0, 21.472, 246.0263194]
[1, 0, 0, 1, 1.2, 17, 0, 24, 2, 85, -67, 105, 1, 50, 49, 0, 0.3, 21.531, 232.5951852]
[1, 0, 0, 0, 0.5, 13, 0, 0, 4, 125, 0, 32, 1, 50, 26, 0, 0, 21.472, 250.8670139]
[1, 0, 0, 0, 1.2, 17, 0, 24, 2, 85, -67, 105, 1, 50, 49, 0, 0.3, 21.531, 239.4783333]
[0, 0, 0, 0, 1.2, 17, 0, 24, 2, 85, -67, 105, 1, 50, 49, 0, 0.3, 21.531, 256.2320741]
[1, 0, 1, 0, 0.5, 13, 0, 0, 4, 125, 0, 32, 1, 50, 26, 0, 0, 21.629, 236.7722222]
[0, 0, 0, 1, 1.2, 17, 0, 24, 2, 85, -67, 105, 1, 50, 49, 0, 0.3, 21.531, 261.733]
[1, 0, 1, 0, 1.2, 17, 0, 24, 2, 85, -67, 105, 1, 50, 49, 0, 0.3, 21.694, 235.6792593]
[0, 0, 1, 1, 0.5, 13, 0, 0, 4, 125, 0, 32, 1, 50, 26, 0, 0, 21.629, 254.9511111]
[0, 0, 1, 0, 1.2, 17, 0, 24, 2, 85, -67, 105, 1, 50, 49, 0, 0.3, 21.694, 243.3783333]
[0, 0, 1, 0, 0.5, 13, 0, 0, 4, 125, 0, 32, 1, 50, 26, 0, 0, 21.629, 260.6545139]
[0, 0, 1, 1, 1.2, 17, 0, 24, 2, 85, -67, 105, 1, 50, 49, 0, 0.3, 21.694, 265.8148148]
[1, 0, 1, 1, 0.5, 13, 0, 0, 4, 125, 0, 32, 1, 50, 26, 0, 0, 21.629, 372.2094444]
[1, 0, 1, 1, 1.2, 17, 0, 24, 2, 85, -67, 105, 1, 50, 49, 0, 0.3, 21.694, 432.6412037]
[0, 1, 0, 0, 2, 25, 0, 26, 0, 250, 0, 64, 1, 50, 100, 626, 1, 19.197, 1104.25]
[0, 1, 0, 1, 0.5, 13, 0, 0, 4, 125, 0, 32, 1, 50, 26, 0, 0, 21.45, 713.1206349]
[1, 1, 0, 0, 0.5, 13, 0, 0, 4, 125, 0, 32, 1, 50, 26, 0, 0, 21.45, 717.3614921]
[0, 1, 0, 0, 0.5, 13, 0, 0, 4, 125, 0, 32, 1, 50, 26, 0, 0, 21.45, 721.0550992]
[0, 1, 1, 0, 0.5, 13, 0, 0, 4, 125, 0, 32, 1, 50, 26, 0, 0, 21.609, 685.9109524]
[0, 1, 0, 0, 1.2, 17, 0, 24, 2, 85, -67, 105, 1, 50, 49, 0, 0.3, 21.509, 718.9130952]
[0, 1, 1, 0, 1.2, 17, 0, 24, 2, 85, -67, 105, 1, 50, 49, 0, 0.3, 21.673, 686.8230159]
[0, 1, 0, 1, 1.2, 17, 0, 24, 2, 85, -67, 105, 1, 50, 49, 0, 0.3, 21.509, 738.0592593]
[1, 1, 0, 0, 1.2, 17, 0, 24, 2, 85, -67, 105, 1, 50, 49, 0, 0.3, 21.509, 738.6296296]
[0, 0, 0, 1, 0.8, 23, 0.4, 21, 2, 215, 53, 105, 19, 49.7, 88, 0, 0.4, 23.922, 368.9703241]
[0, 0, 0, 0, 0.8, 23, 0.4, 21, 2, 215, 53, 105, 19, 49.7, 88, 0, 0.4, 23.922, 369.3705556]
[0, 0, 1, 0, 0.8, 23, 0.4, 21, 2, 215, 53, 105, 19, 49.7, 88, 0, 0.4, 23.998, 357.8029927]
[0, 0, 1, 1, 0.8, 23, 0.4, 21, 2, 215, 53, 105, 19, 49.7, 88, 0, 0.4, 23.998, 358.3809524]
[1, 1, 1, 1, 0.5, 13, 0, 0, 4, 125, 0, 32, 1, 50, 26, 0, 0, 21.609, 1018.686377]
[1, 1, 1, 0, 0.5, 13, 0, 0, 4, 125, 0, 32, 1, 50, 26, 0, 0, 21.609, 1025.065476]
[0, 1, 1, 1, 0.5, 13, 0, 0, 4, 125, 0, 32, 1, 50, 26, 0, 0, 21.609, 1026.881607]
[1, 1, 0, 1, 0.5, 13, 0, 0, 4, 125, 0, 32, 1, 50, 26, 0, 0, 21.45, 1079.146587]
[0, 0, 0, 0, 1, 23, 0.5, 51, 7, 212, -63, 113, 378, 15.2, 23, 1046, 0.1, 25.805, 155.825]
[0, 0, 0, 0, 9, 19, 6, 44, 6, 75, 65, 26, 160, 414000000000000, 60, 1076, 0, 26.059, 101.4888889]
[0, 0, 0, 0, 0.9, 19, 0.6, 44, 6, 75, 65, 26, 160, 41.4, 60, 1076, 0, 26.059, 102.1555556]
[1, 1, 1, 1, 1.2, 17, 0, 24, 2, 85, -67, 105, 1, 50, 49, 0, 0.3, 21.673, 1136.880455]
[1, 1, 1, 0, 1.2, 17, 0, 24, 2, 85, -67, 105, 1, 50, 49, 0, 0.3, 21.673, 1137.464405]
[0, 0, 0, 0, 1.7, 12, 0.5, 51, 4, 24, -6, 27, 573, 17.8, 2, 986, 0.2, 25.963, 155.725]
[0, 1, 1, 1, 1.2, 17, 0, 24, 2, 85, -67, 105, 1, 50, 49, 0, 0.3, 21.673, 1141.30869]
[1, 1, 0, 1, 1.2, 17, 0, 24, 2, 85, -67, 105, 1, 50, 49, 0, 0.3, 21.509, 1209.399312]
[0, 0, 1, 1, 2, 19, 0, 13, 9, 63, -50, 32, 751, 50, 26, 0, 0.5, 24.596, 594.0944017]
[0, 0, 0, 1, 2, 19, 0, 13, 9, 63, -50, 32, 751, 50, 26, 0, 0.5, 24.522, 611.701055]
[0, 0, 0, 0, 2, 19, 0, 13, 9, 63, -50, 32, 751, 50, 26, 0, 0.5, 24.522, 616.0711631]
[0, 0, 1, 0, 2, 19, 0, 13, 9, 63, -50, 32, 751, 50, 26, 0, 0.5, 24.596, 600.8144097]
[0, 0, 0, 0, 0.8, 6, 0.4, 14, 6, 60, -86, 88, 533, 49.4, 34, 1051, 0.6, 26.471, 178.4594444]
[0, 0, 0, 1, 0.8, 6, 0.4, 14, 6, 60, -86, 88, 533, 49.4, 34, 1051, 0.6, 26.471, 189.3866667]
[0, 0, 0, 0, 1, 25, 0, 26, 2, 1, -100, 32, 251, 50, 26, 0, 1, 25.542, 411.1572262]
[1, 0, 0, 0, 0.3, 9, 0.3, 39, 2, 88, 97, 2, 172, 42.4, 70, 1063, 0, 26.753, 143.875]
[0, 0, 0, 1, 1, 25, 0, 26, 2, 1, -100, 32, 251, 50, 26, 0, 1, 25.542, 422.4259259]
[0, 0, 0, 1, 0.5, 25, 0.4, 0, 4, 1, 100, 0, 251, 50, 76, 0, 0.5, 26.007, 372.5552951]
[0, 0, 0, 0, 0.5, 25, 0.4, 0, 4, 1, 100, 0, 251, 50, 76, 0, 0.5, 26.007, 374.0334742]
[0, 0, 0, 1, 1.5, 19, 0.4, 51, 0, 63, -100, 0, 751, 50, 76, 0, 0, 25.807, 443.6473843]
[0, 0, 0, 0, 1.5, 19, 0.4, 51, 0, 63, -100, 0, 751, 50, 76, 0, 0, 25.807, 443.8612238]
[1, 0, 0, 1, 1.5, 13, 0.2, 51, 0, 125, 100, 96, 1, 50, 51, 0, 1, 26.704, 244.9417778]
[1, 0, 0, 0, 1.5, 13, 0.2, 51, 0, 125, 100, 96, 1, 50, 51, 0, 1, 26.704, 246.2904167]
[0, 0, 0, 0, 1.5, 13, 0.2, 51, 0, 125, 100, 96, 1, 50, 51, 0, 1, 26.704, 249.0323672]
[0, 0, 0, 1, 1.5, 13, 0.2, 51, 0, 125, 100, 96, 1, 50, 51, 0, 1, 26.704, 253.1385417]
[1, 0, 0, 1, 1.2, 9, 0.6, 8, 4, 250, 100, 0, 167, 50, 33, 0, 0, 26.516, 308.2]
[0, 0, 1, 0, 1.5, 19, 0.4, 51, 0, 63, -100, 0, 751, 50, 76, 0, 0, 25.971, 442.2294213]
[0, 0, 1, 1, 1.5, 19, 0.4, 51, 0, 63, -100, 0, 751, 50, 76, 0, 0, 25.971, 442.5042222]
[1, 0, 1, 1, 1.2, 9, 0.6, 8, 4, 250, 100, 0, 167, 50, 33, 0, 0, 26.571, 311.4095238]
[1, 0, 1, 0, 1.2, 9, 0.6, 8, 4, 250, 100, 0, 167, 50, 33, 0, 0, 26.571, 326.4988095]
[1, 0, 0, 0, 1.2, 9, 0.6, 8, 4, 250, 100, 0, 167, 50, 33, 0, 0, 26.516, 359.2925]
[0, 0, 1, 1, 1, 1, 0.2, 26, 2, 250, -50, 96, 1000, 50, 51, 0, 0, 25.109, 690.7338056]
[1, 0, 1, 0, 1.5, 13, 0.2, 51, 0, 125, 100, 96, 1, 50, 51, 0, 1, 27.098, 235.9326667]
[0, 0, 1, 0, 1, 1, 0.2, 26, 2, 250, -50, 96, 1000, 50, 51, 0, 0, 25.109, 701.2869618]
[0, 0, 1, 1, 0.5, 25, 0.4, 0, 4, 1, 100, 0, 251, 50, 76, 0, 0.5, 26.638, 364.2749074]
[0, 0, 1, 0, 0.5, 25, 0.4, 0, 4, 1, 100, 0, 251, 50, 76, 0, 0.5, 26.638, 366.6873264]
[0, 0, 1, 0, 1.5, 13, 0.2, 51, 0, 125, 100, 96, 1, 50, 51, 0, 1, 27.098, 263.4188889]
[0, 0, 1, 1, 1.5, 13, 0.2, 51, 0, 125, 100, 96, 1, 50, 51, 0, 1, 27.098, 265.4833333]
[0, 0, 0, 1, 1, 1, 0.2, 26, 2, 250, -50, 96, 1000, 50, 51, 0, 0, 25.205, 706.3612847]
[0, 0, 0, 0, 1, 1, 0.2, 26, 2, 250, -50, 96, 1000, 50, 51, 0, 0, 25.205, 708.7392331]
[0, 0, 1, 0, 1, 25, 0, 26, 2, 1, -100, 32, 251, 50, 26, 0, 1, 26.599, 395.2635417]

This is the average of the best gotten from sway: {'PSNR-': 45.0205, 'Energy-': 1405.4279999999994}
The rank with respect to the top 80 is 81, i.e it is worst than everything else
--------------------------------------------------------------------------------------------------------------------------------------------------------------------------------------------------------
