{:Far 0.95 :Sample 512 :dump False :file ../data/auto93.csv :go ALL :help False :min 0.5 :p 2 :seed 937162211}
✅ pass: the
b4 {:a 1 :b {:c 2 :d {3}}} 
after {:a 1 :b {:c 2 :d {1000}}}
✅ pass: copy
✅ pass: num
✅ pass: sym
{:a dict :at 0 :hi 5 :id 140246409561744 :lo 2 :m2 8.399999999999999 :mu 3.5999999999999996 :n 10 :txt Num0 :w 1}
{:a dict :at 1 :hi 5 :id 140246409582944 :lo 2 :m2 13.6 :mu 3.8 :n 10 :txt Num1 :w 1}
{:a dict :at 2 :hi 5 :id 140246409583264 :lo 2 :m2 10.1 :mu 3.6999999999999997 :n 10 :txt Num2 :w 1}
{:a dict :at 3 :hi 5 :id 140246409582624 :lo 1 :m2 22.1 :mu 3.6999999999999997 :n 10 :txt Num3 :w 1}
{:a dict :at 4 :hi 5 :id 140246409582784 :lo 1 :m2 14.0 :mu 3.0 :n 10 :txt Num4 :w 1}
{:a dict :at 5 :hi 4 :id 140246409583504 :lo 2 :m2 6.9 :mu 2.9 :n 10 :txt Num5 :w 1}
{:a dict :at 6 :hi 5 :id 140246408766640 :lo 1 :m2 14.4 :mu 2.5999999999999996 :n 10 :txt Num6 :w 1}
{:a dict :at 7 :hi 5 :id 140246409558528 :lo 1 :m2 18.4 :mu 2.6 :n 10 :txt Num7 :w 1}
{:a dict :at 8 :hi 5 :id 140246409320640 :lo 2 :m2 12.9 :mu 3.1 :n 10 :txt Num8 :w 1}
{:a dict :at 9 :hi 5 :id 140246409561984 :lo 1 :m2 20.4 :mu 2.4000000000000004 :n 10 :txt Num9 :w 1}
{:a dict :at 10 :has {} :id 140246409562624 :mode None :most 0 :n 0 :txt thingX}
{:a dict :cells {4 5 4 5 4 2 1 2 2 1 Cheap:Expensive} :id 140246409561504 :x None :y None}
{:a dict :cells {4 2 2 5 5 4 3 2 3 4 Electric:NonElectric} :id 140246409562704 :x None :y None}
{:a dict :cells {5 5 4 2 1 3 3 2 5 1 breakdown:smooth} :id 140246409563904 :x None :y None}
{:a dict :cells {2 4 4 4 3 3 2 2 2 1 big:small} :id 140246409563984 :x None :y None}
{:a dict :cells {4 3 4 5 3 2 1 1 2 2 utility:sport} :id 140246409561664 :x None :y None}
{:a dict :cells {3 2 3 3 2 4 5 5 5 2 luxury:nonLuxury} :id 140246409580624 :x None :y None}
{:a dict :cells {4 5 2 1 2 2 3 3 3 4 notSosafe:Safe} :id 140246409561904 :x None :y None}
{:a dict :cells {4 3 4 2 2 3 4 5 4 5 lowMileage:highMileage} :id 140246409581104 :x None :y None}
{:a dict :cells {4 5 5 5 4 2 2 3 3 1 engineLife-:EngineLife+} :id 140246409581184 :x None :y None}
{:a dict :cells {2 4 5 5 4 4 2 1 2 3 lowMaintenance:highMaintenance} :id 140246409562784 :x None :y None}
✅ pass: repcols
 68
| 43
|| 25
||| utility:sport
||| Cheap:Expensive
|| 47
||| lowMaintenance:highMaintenance
||| 35
|||| engineLife-:EngineLife+
|||| big:small
| 61
|| 50
||| luxury:nonLuxury
||| Electric:NonElectric
|| 45
||| notSosafe:Safe
||| 49
|||| breakdown:smooth
|||| lowMileage:highMileage
✅ pass: synonyms
{:a dict :at 0 :hi 5 :id 140246409631136 :lo 1 :m2 22.0 :mu 3.0 :n 10 :txt Cheap:Expensive :w 1}
{:a dict :at 1 :hi 5 :id 140246409631296 :lo 2 :m2 12.4 :mu 3.4000000000000004 :n 10 :txt Electric:NonElectric :w 1}
{:a dict :at 2 :has {:1 2 :2 2 :3 2 :4 1 :5 3} :id 140246409631936 :mode 5 :most 3 :n 10 :txt breakdown:smooth}
{:a dict :at 3 :has {:1 1 :2 4 :3 2 :4 3} :id 140246409621328 :mode 2 :most 4 :n 10 :txt big:small}
{:a dict :at 4 :has {:1 2 :2 3 :3 2 :4 2 :5 1} :id 140246409618768 :mode 2 :most 3 :n 10 :txt utility:sport}
{:a dict :at 5 :has {:2 3 :3 3 :4 1 :5 3} :id 140246409619488 :mode 3 :most 3 :n 10 :txt luxury:nonLuxury}
{:a dict :at 6 :has {:1 1 :2 3 :3 3 :4 2 :5 1} :id 140246409619728 :mode 2 :most 3 :n 10 :txt notSosafe:Safe}
{:a dict :at 7 :has {:2 2 :3 2 :4 4 :5 2} :id 140246409620048 :mode 4 :most 4 :n 10 :txt lowMileage:highMileage}
{:a dict :at 8 :has {:1 1 :2 2 :3 2 :4 2 :5 3} :id 140246409620368 :mode 5 :most 3 :n 10 :txt engineLife-:EngineLife+}
{:a dict :at 9 :has {:1 1 :2 3 :3 1 :4 3 :5 2} :id 140246409620688 :mode 4 :most 3 :n 10 :txt lowMaintenance:highMaintenance}
{:a dict :at 10 :has {} :id 140246409621008 :mode None :most 0 :n 0 :txt thingX}
{:a dict :cells {4 4 5 2 4 3 4 4 4 2 JeepWrangler} :id 140246409563984 :x None :y None}
{:a dict :cells {5 2 5 4 3 2 5 3 5 4 TeslaModelS} :id 140246409735056 :x None :y None}
{:a dict :cells {4 2 4 4 4 3 2 4 5 5 Porsche911} :id 140246409735136 :x None :y None}
{:a dict :cells {5 5 2 4 5 3 1 2 5 5 MercedesBenzEClass} :id 140246409735536 :x None :y None}
{:a dict :cells {4 5 1 3 3 2 2 2 4 4 BMW3Series} :id 140246409735616 :x None :y None}
{:a dict :cells {2 4 3 3 2 4 2 3 2 4 NissanAltima} :id 140246409735776 :x None :y None}
{:a dict :cells {1 3 3 2 1 5 3 4 2 2 ChevroletCamaro} :id 140246409735936 :x None :y None}
{:a dict :cells {2 2 2 2 1 5 3 5 3 1 HondaCivic} :id 140246409617488 :x None :y None}
{:a dict :cells {2 3 5 2 2 5 3 4 3 2 FordMustang} :id 140246409617568 :x None :y None}
{:a dict :cells {1 4 1 1 2 2 4 5 1 3 ToyotaCorolla} :id 140246409617728 :x None :y None}
✅ pass: reprows
 97
| 83
|| 59
||| ChevroletCamaro
||| HondaCivic
|| 90
||| NissanAltima
||| 61
|||| JeepWrangler
|||| FordMustang
| 95
|| 75
||| MercedesBenzEClass
||| Porsche911
|| 91
||| ToyotaCorolla
||| 75
|||| TeslaModelS
|||| BMW3Series
✅ pass: prototypes

A JeepWrangler
B TeslaModelS
C Porsche911
D MercedesBenzEClass
E BMW3Series
F NissanAltima
G ChevroletCamaro
H HondaCivic
I FordMustang
J ToyotaCorolla

{F                                   D  }
{                                       }
{                                       }
{                                       }
{                                       }
{                                       }
{                                       }
{                                       }
{                                       }
{                                       }
{                                       }
{              E                        }
{                                       }
{                      C                }
{            J   B   A                  }
{            G     H                    }
✅ pass: position
 97
| 95
|| 75
||| MercedesBenzEClass
||| Porsche911
|| 91
||| ToyotaCorolla
||| 75
|||| TeslaModelS
|||| BMW3Series
| 83
|| 59
||| ChevroletCamaro
||| HondaCivic
|| 90
||| NissanAltima
||| 61
|||| JeepWrangler
|||| FordMustang
 66
| 47
|| 19
||| engineLife-:EngineLife+
||| Cheap:Expensive
|| 43
||| lowMaintenance:highMaintenance
||| 32
|||| utility:sport
|||| big:small
| 61
|| 50
||| luxury:nonLuxury
||| Electric:NonElectric
|| 45
||| notSosafe:Safe
||| 49
|||| breakdown:smooth
|||| lowMileage:highMileage

A JeepWrangler
B TeslaModelS
C Porsche911
D MercedesBenzEClass
E BMW3Series
F NissanAltima
G ChevroletCamaro
H HondaCivic
I FordMustang
J ToyotaCorolla

{D                                     G}
{                                       }
{                                       }
{                                       }
{                                       }
{                                       }
{                                       }
{                                       }
{                                       }
{                                I      }
{                            H          }
{                                       }
{              C       A                }
{                                       }
{              E       F                }
{                B   J                  }
✅ pass: every

Number of failed tests:  0