{:Far 0.95 :Sample 512 :dump False :file ../data/auto93.csv :go ALL :help False :min 0.5 :p 2 :seed 937162211}
✅ pass: the
b4 {:a 1 :b {:c 2 :d {3}}} 
after {:a 1 :b {:c 2 :d {1000}}}
✅ pass: copy
✅ pass: num
✅ pass: sym
{:a dict :at 0 :hi 5 :id 140664128455456 :lo 1 :m2 13.5 :mu 1.75 :n 8 :txt Num0 :w 1}
{:a dict :at 1 :hi 5 :id 140664128457936 :lo 1 :m2 17.875 :mu 2.375 :n 8 :txt Num1 :w 1}
{:a dict :at 2 :hi 3 :id 140664128458176 :lo 1 :m2 6.000000000000001 :mu 1.5 :n 8 :txt Num2 :w 1}
{:a dict :at 3 :hi 5 :id 140664128457296 :lo 1 :m2 18.875 :mu 2.125 :n 8 :txt Num3 :w 1}
{:a dict :at 4 :hi 5 :id 140664128457696 :lo 1 :m2 14.874999999999998 :mu 1.8749999999999998 :n 8 :txt Num4 :w 1}
{:a dict :at 5 :hi 5 :id 140664128467184 :lo 1 :m2 32.0 :mu 3.0 :n 8 :txt Num5 :w 1}
{:a dict :at 6 :hi 5 :id 140664127747408 :lo 1 :m2 20.000000000000004 :mu 3.5 :n 8 :txt Num6 :w 1}
{:a dict :at 7 :hi 5 :id 140664128455696 :lo 2 :m2 10.874999999999998 :mu 4.125 :n 8 :txt Num7 :w 1}
{:a dict :at 8 :hi 5 :id 140664128456816 :lo 1 :m2 16.0 :mu 2.5 :n 8 :txt Num8 :w 1}
{:a dict :at 9 :hi 5 :id 140664128455776 :lo 1 :m2 15.875 :mu 2.375 :n 8 :txt Num9 :w 1}
{:a dict :at 10 :has {} :id 140664128456576 :mode None :most 0 :n 0 :txt thingX}
{:a dict :cells {5 3 3 1 1 1 1 3 5 5 DevelopmentTool:Application} :id 140664127735280 :x None :y None}
{:a dict :cells {2 1 1 5 5 5 5 5 1 2 Multimedia:Programming} :id 140664128488624 :x None :y None}
{:a dict :cells {1 3 1 3 2 5 4 3 1 1 CommunicationTechnology:ApplicationTechnology} :id 140664128488464 :x None :y None}
{:a dict :cells {2 1 1 1 3 5 3 2 2 2 HumanOrientedTool:SystemTool} :id 140664128488784 :x None :y None}
{:a dict :cells {1 5 3 4 1 1 4 5 4 4 ConventionalCommunication:NovelCommunication} :id 140664128488864 :x None :y None}
{:a dict :cells {1 4 1 1 1 1 1 5 3 1 OnlyActAsProgrammed:Semi-autonomous} :id 140664128488944 :x None :y None}
{:a dict :cells {1 1 1 1 1 1 5 5 1 1 ConventionalSystem:IntelligentSystem} :id 140664128489024 :x None :y None}
{:a dict :cells {1 1 1 1 1 5 5 5 3 3 TargetedOnInterface:TargetedOnOverallSystem} :id 140664128489104 :x None :y None}
✅ pass: repcols
 74
| 51
|| 30
||| HumanOrientedTool:SystemTool
||| CommunicationTechnology:ApplicationTechnology
|| 49
||| Multimedia:Programming
||| TargetedOnInterface:TargetedOnOverallSystem
| 61
|| 54
||| ConventionalCommunication:NovelCommunication
||| DevelopmentTool:Application
|| 43
||| ConventionalSystem:IntelligentSystem
||| OnlyActAsProgrammed:Semi-autonomous
✅ pass: synonyms
{:a dict :at 0 :hi 5 :id 140664128520832 :lo 1 :m2 27.6 :mu 2.8 :n 10 :txt DevelopmentTool:Application :w 1}
{:a dict :at 1 :hi 5 :id 140664128520992 :lo 1 :m2 33.6 :mu 3.2 :n 10 :txt Multimedia:Programming :w 1}
{:a dict :at 2 :hi 5 :id 140664128521632 :lo 1 :m2 18.4 :mu 2.4 :n 10 :txt CommunicationTechnology:ApplicationTechnology :w 1}
{:a dict :at 3 :hi 5 :id 140664128488624 :lo 1 :m2 13.599999999999998 :mu 2.2000000000000006 :n 10 :txt HumanOrientedTool:SystemTool :w 1}
{:a dict :at 4 :hi 5 :id 140664128515120 :lo 1 :m2 23.6 :mu 3.2 :n 10 :txt ConventionalCommunication:NovelCommunication :w 1}
{:a dict :at 5 :hi 5 :id 140664128521792 :lo 1 :m2 20.9 :mu 1.9 :n 10 :txt OnlyActAsProgrammed:Semi-autonomous :w -1}
{:a dict :at 6 :hi 5 :id 140664128512560 :lo 1 :m2 25.6 :mu 1.8 :n 10 :txt ConventionalSystem:IntelligentSystem :w 1}
{:a dict :at 7 :hi 5 :id 140664128512640 :lo 1 :m2 30.4 :mu 2.5999999999999996 :n 10 :txt TargetedOnInterface:TargetedOnOverallSystem :w 1}
{:a dict :at 8 :has {} :id 140664128513280 :mode None :most 0 :n 0 :txt thingX}
{:a dict :cells {5 2 1 2 1 1 1 1 ElectronicPublishing} :id 140664128513520 :x None :y None}
{:a dict :cells {3 1 3 1 5 4 1 1 VirtualReality} :id 140664128513680 :x None :y None}
{:a dict :cells {3 1 1 1 3 1 1 1 MultimediaAndHypermedia} :id 140664128513840 :x None :y None}
{:a dict :cells {1 5 3 1 4 1 1 1 VisualProgramming} :id 140664128514000 :x None :y None}
{:a dict :cells {1 5 2 3 1 1 1 1 CrossPlatformGUIs} :id 140664128514160 :x None :y None}
{:a dict :cells {1 5 5 5 1 1 1 5 ObjectOrientedSystems} :id 140664128514320 :x None :y None}
{:a dict :cells {1 5 4 3 4 1 5 5 KnowledgeBasedSystems} :id 140664128514480 :x None :y None}
{:a dict :cells {3 5 3 2 5 5 5 5 IntelligentAgents} :id 140664128514640 :x None :y None}
{:a dict :cells {5 1 1 2 4 3 1 3 InformationHighway} :id 140664128514800 :x None :y None}
{:a dict :cells {5 2 1 2 4 1 1 3 BroadbandNetworks} :id 140664128514960 :x None :y None}
✅ pass: reprows
 77
| 59
|| 42
||| KnowledgeBasedSystems
||| IntelligentAgents
|| 48
||| VisualProgramming
||| 48
|||| ObjectOrientedSystems
|||| CrossPlatformGUIs
| 52
|| 32
||| ElectronicPublishing
||| BroadbandNetworks
|| 36
||| VirtualReality
||| 33
|||| MultimediaAndHypermedia
|||| InformationHighway
✅ pass: prototypes

A ElectronicPublishing
B VirtualReality
C MultimediaAndHypermedia
D VisualProgramming
E CrossPlatformGUIs
F ObjectOrientedSystems
G KnowledgeBasedSystems
H IntelligentAgents
I InformationHighway
J BroadbandNetworks

{F                             B        }
{                                       }
{                                       }
{                                       }
{                                       }
{                                       }
{                          I            }
{          E       D   J                }
{        G                              }
{                    A                  }
{                  H                    }
✅ pass: position
 65
| 55
|| 33
||| VisualProgramming
||| CrossPlatformGUIs
|| 52
||| ElectronicPublishing
||| 36
|||| VirtualReality
|||| MultimediaAndHypermedia
| 71
|| 62
||| IntelligentAgents
||| InformationHighway
|| 70
||| ObjectOrientedSystems
||| 66
|||| BroadbandNetworks
|||| KnowledgeBasedSystems
 75
| 56
|| 39
||| ConventionalSystem:IntelligentSystem
||| TargetedOnInterface:TargetedOnOverallSystem
|| 41
||| Multimedia:Programming
||| CommunicationTechnology:ApplicationTechnology
| 67
|| 54
||| DevelopmentTool:Application
||| ConventionalCommunication:NovelCommunication
|| 57
||| HumanOrientedTool:SystemTool
||| OnlyActAsProgrammed:Semi-autonomous

A ElectronicPublishing
B VirtualReality
C MultimediaAndHypermedia
D VisualProgramming
E CrossPlatformGUIs
F ObjectOrientedSystems
G KnowledgeBasedSystems
H IntelligentAgents
I InformationHighway
J BroadbandNetworks

{D                       H              }
{                                       }
{                                       }
{                                       }
{                                       }
{                                       }
{      E         G                      }
{                                       }
{C       B                              }
{        J                              }
{  A         I                          }
{        F                              }
✅ pass: every

Number of failed tests:  0

{:Far 0.95 :Sample 512 :dump False :file ../data/auto93.csv :go ALL :help False :min 0.5 :p 2 :seed 937162211}
✅ pass: the
b4 {:a 1 :b {:c 2 :d {3}}} 
after {:a 1 :b {:c 2 :d {1000}}}
✅ pass: copy
✅ pass: num
✅ pass: sym
{:a dict :at 0 :hi 5 :id 140301287962176 :lo 1 :m2 24.400000000000002 :mu 3.4000000000000004 :n 10 :txt Num0 :w 1}
{:a dict :at 1 :hi 5 :id 140301287983376 :lo 1 :m2 16.1 :mu 3.3 :n 10 :txt Num1 :w 1}
{:a dict :at 2 :hi 5 :id 140301287983696 :lo 1 :m2 18.1 :mu 3.6999999999999997 :n 10 :txt Num2 :w 1}
{:a dict :at 3 :hi 5 :id 140301287983056 :lo 1 :m2 14.399999999999999 :mu 3.4 :n 10 :txt Num3 :w 1}
{:a dict :at 4 :hi 5 :id 140301287983216 :lo 1 :m2 22.1 :mu 3.3 :n 10 :txt Num4 :w 1}
{:a dict :at 5 :hi 5 :id 140301287983936 :lo 1 :m2 26.9 :mu 3.1 :n 10 :txt Num5 :w 1}
{:a dict :at 6 :hi 5 :id 140301287171248 :lo 1 :m2 24.0 :mu 2.9999999999999996 :n 10 :txt Num6 :w 1}
{:a dict :at 7 :hi 5 :id 140301288008112 :lo 1 :m2 22.099999999999998 :mu 2.7 :n 10 :txt Num7 :w 1}
{:a dict :at 8 :hi 5 :id 140301287725168 :lo 1 :m2 20.9 :mu 3.1 :n 10 :txt Num8 :w 1}
{:a dict :at 9 :hi 5 :id 140301287962416 :lo 1 :m2 17.6 :mu 2.2 :n 10 :txt Num9 :w 1}
{:a dict :at 10 :has {} :id 140301287963056 :mode None :most 0 :n 0 :txt thingX}
{:a dict :cells {5 5 5 5 5 1 2 2 4 1 Cheap:Expensive} :id 140301287961936 :x None :y None}
{:a dict :cells {5 1 3 4 4 5 5 3 4 3 Electric:NonElectric} :id 140301287963136 :x None :y None}
{:a dict :cells {4 4 5 3 2 4 2 1 4 1 breakdown:smooth} :id 140301287964336 :x None :y None}
{:a dict :cells {1 3 3 3 5 4 1 1 1 1 big:small} :id 140301287964416 :x None :y None}
{:a dict :cells {1 2 5 4 3 2 2 2 1 1 utility:sport} :id 140301287962096 :x None :y None}
{:a dict :cells {2 2 2 3 3 5 5 5 4 2 luxury:nonLuxury} :id 140301287964576 :x None :y None}
{:a dict :cells {5 4 1 1 1 1 4 4 4 4 notSosafe:Safe} :id 140301287962336 :x None :y None}
{:a dict :cells {3 3 4 2 1 1 5 5 5 5 lowMileage:highMileage} :id 140301287981536 :x None :y None}
{:a dict :cells {5 4 4 4 4 3 3 3 3 2 engineLife-:EngineLife+} :id 140301287981616 :x None :y None}
{:a dict :cells {3 5 5 5 5 5 1 1 1 2 lowMaintenance:highMaintenance} :id 140301287963216 :x None :y None}
✅ pass: repcols
 69
| 50
|| 32
||| utility:sport
||| big:small
|| 45
||| Cheap:Expensive
||| 41
|||| lowMaintenance:highMaintenance
|||| breakdown:smooth
| 56
|| 34
||| notSosafe:Safe
||| lowMileage:highMileage
|| 35
||| Electric:NonElectric
||| 45
|||| engineLife-:EngineLife+
|||| luxury:nonLuxury
✅ pass: synonyms
{:a dict :at 0 :hi 5 :id 140301288035664 :lo 1 :m2 28.499999999999993 :mu 3.4999999999999996 :n 10 :txt Cheap:Expensive :w 1}
{:a dict :at 1 :hi 5 :id 140301288035824 :lo 1 :m2 14.099999999999998 :mu 3.6999999999999997 :n 10 :txt Electric:NonElectric :w 1}
{:a dict :at 2 :has {:1 2 :2 2 :3 1 :4 4 :5 1} :id 140301288036464 :mode 4 :most 4 :n 10 :txt breakdown:smooth}
{:a dict :at 3 :has {:1 5 :3 3 :4 1 :5 1} :id 140301288025856 :mode 1 :most 5 :n 10 :txt big:small}
{:a dict :at 4 :has {:1 3 :2 4 :3 1 :4 1 :5 1} :id 140301288023296 :mode 2 :most 4 :n 10 :txt utility:sport}
{:a dict :at 5 :has {:2 4 :3 2 :4 1 :5 3} :id 140301288024016 :mode 2 :most 4 :n 10 :txt luxury:nonLuxury}
{:a dict :at 6 :has {:1 4 :4 5 :5 1} :id 140301288024256 :mode 4 :most 5 :n 10 :txt notSosafe:Safe}
{:a dict :at 7 :has {:1 2 :2 1 :3 2 :4 1 :5 4} :id 140301288024576 :mode 5 :most 4 :n 10 :txt lowMileage:highMileage}
{:a dict :at 8 :has {:2 1 :3 4 :4 4 :5 1} :id 140301288024896 :mode 4 :most 4 :n 10 :txt engineLife-:EngineLife+}
{:a dict :at 9 :has {:1 3 :2 1 :3 1 :5 5} :id 140301288025216 :mode 5 :most 5 :n 10 :txt lowMaintenance:highMaintenance}
{:a dict :at 10 :has {} :id 140301288025536 :mode None :most 0 :n 0 :txt thingX}
{:a dict :cells {5 5 4 1 1 2 5 3 5 3 JeepWrangler} :id 140301287964416 :x None :y None}
{:a dict :cells {5 1 4 3 2 2 4 3 4 5 TeslaModelS} :id 140301288139584 :x None :y None}
{:a dict :cells {5 3 5 3 5 2 1 4 4 5 Porsche911} :id 140301288139664 :x None :y None}
{:a dict :cells {5 4 3 3 4 3 1 2 4 5 MercedesBenzEClass} :id 140301288140064 :x None :y None}
{:a dict :cells {5 4 2 5 3 3 1 1 4 5 BMW3Series} :id 140301288140144 :x None :y None}
{:a dict :cells {1 5 4 4 2 5 1 1 3 5 NissanAltima} :id 140301288140304 :x None :y None}
{:a dict :cells {2 5 2 1 2 5 4 5 3 1 ChevroletCamaro} :id 140301288140464 :x None :y None}
{:a dict :cells {2 3 1 1 2 5 4 5 3 1 HondaCivic} :id 140301288140624 :x None :y None}
{:a dict :cells {4 4 4 1 1 4 4 5 3 1 FordMustang} :id 140301288022096 :x None :y None}
{:a dict :cells {1 3 1 1 1 2 4 5 2 2 ToyotaCorolla} :id 140301288022256 :x None :y None}
✅ pass: reprows
 93
| 75
|| 37
||| ChevroletCamaro
||| HondaCivic
|| 90
||| NissanAltima
||| 63
|||| ToyotaCorolla
|||| FordMustang
| 83
|| 67
||| Porsche911
||| MercedesBenzEClass
|| 89
||| JeepWrangler
||| 85
|||| BMW3Series
|||| TeslaModelS
✅ pass: prototypes

A JeepWrangler
B TeslaModelS
C Porsche911
D MercedesBenzEClass
E BMW3Series
F NissanAltima
G ChevroletCamaro
H HondaCivic
I FordMustang
J ToyotaCorolla

{F                                 J    }
{                                       }
{                                       }
{                                       }
{                                       }
{                                       }
{                                       }
{                                       }
{                                       }
{                      H                }
{                                       }
{                  G     I              }
{                                       }
{                B     A                }
{          E     C                      }
{            D                          }
✅ pass: position
 95
| 82
|| 67
||| MercedesBenzEClass
||| Porsche911
|| 82
||| NissanAltima
||| 85
|||| TeslaModelS
|||| BMW3Series
| 76
|| 58
||| ToyotaCorolla
||| HondaCivic
|| 85
||| JeepWrangler
||| 61
|||| ChevroletCamaro
|||| FordMustang
 52
| 46
|| 27
||| engineLife-:EngineLife+
||| Cheap:Expensive
|| 45
||| big:small
||| 41
|||| breakdown:smooth
|||| lowMaintenance:highMaintenance
| 64
|| 34
||| lowMileage:highMileage
||| notSosafe:Safe
|| 58
||| utility:sport
||| 34
|||| Electric:NonElectric
|||| luxury:nonLuxury

A JeepWrangler
B TeslaModelS
C Porsche911
D MercedesBenzEClass
E BMW3Series
F NissanAltima
G ChevroletCamaro
H HondaCivic
I FordMustang
J ToyotaCorolla

{D                                   J  }
{                                       }
{                                       }
{                                       }
{                                       }
{                                       }
{                                       }
{                                       }
{                                       }
{                                       }
{                            H          }
{                          I            }
{        E   C             G            }
{                B     A                }
{                F                      }
✅ pass: every

Number of failed tests:  0

{:Far 0.95 :Sample 512 :dump False :file ../data/auto93.csv :go ALL :help False :min 0.5 :p 2 :seed 937162211}
✅ pass: the
b4 {:a 1 :b {:c 2 :d {3}}} 
after {:a 1 :b {:c 2 :d {1000}}}
✅ pass: copy
✅ pass: num
✅ pass: sym
{:a dict :at 0 :hi 5 :id 140246409561744 :lo 2 :m2 8.399999999999999 :mu 3.5999999999999996 :n 10 :txt Num0 :w 1}
{:a dict :at 1 :hi 5 :id 140246409582944 :lo 2 :m2 13.6 :mu 3.8 :n 10 :txt Num1 :w 1}
{:a dict :at 2 :hi 5 :id 140246409583264 :lo 2 :m2 10.1 :mu 3.6999999999999997 :n 10 :txt Num2 :w 1}
{:a dict :at 3 :hi 5 :id 140246409582624 :lo 1 :m2 22.1 :mu 3.6999999999999997 :n 10 :txt Num3 :w 1}
{:a dict :at 4 :hi 5 :id 140246409582784 :lo 1 :m2 14.0 :mu 3.0 :n 10 :txt Num4 :w 1}
{:a dict :at 5 :hi 4 :id 140246409583504 :lo 2 :m2 6.9 :mu 2.9 :n 10 :txt Num5 :w 1}
{:a dict :at 6 :hi 5 :id 140246408766640 :lo 1 :m2 14.4 :mu 2.5999999999999996 :n 10 :txt Num6 :w 1}
{:a dict :at 7 :hi 5 :id 140246409558528 :lo 1 :m2 18.4 :mu 2.6 :n 10 :txt Num7 :w 1}
{:a dict :at 8 :hi 5 :id 140246409320640 :lo 2 :m2 12.9 :mu 3.1 :n 10 :txt Num8 :w 1}
{:a dict :at 9 :hi 5 :id 140246409561984 :lo 1 :m2 20.4 :mu 2.4000000000000004 :n 10 :txt Num9 :w 1}
{:a dict :at 10 :has {} :id 140246409562624 :mode None :most 0 :n 0 :txt thingX}
{:a dict :cells {4 5 4 5 4 2 1 2 2 1 Cheap:Expensive} :id 140246409561504 :x None :y None}
{:a dict :cells {4 2 2 5 5 4 3 2 3 4 Electric:NonElectric} :id 140246409562704 :x None :y None}
{:a dict :cells {5 5 4 2 1 3 3 2 5 1 breakdown:smooth} :id 140246409563904 :x None :y None}
{:a dict :cells {2 4 4 4 3 3 2 2 2 1 big:small} :id 140246409563984 :x None :y None}
{:a dict :cells {4 3 4 5 3 2 1 1 2 2 utility:sport} :id 140246409561664 :x None :y None}
{:a dict :cells {3 2 3 3 2 4 5 5 5 2 luxury:nonLuxury} :id 140246409580624 :x None :y None}
{:a dict :cells {4 5 2 1 2 2 3 3 3 4 notSosafe:Safe} :id 140246409561904 :x None :y None}
{:a dict :cells {4 3 4 2 2 3 4 5 4 5 lowMileage:highMileage} :id 140246409581104 :x None :y None}
{:a dict :cells {4 5 5 5 4 2 2 3 3 1 engineLife-:EngineLife+} :id 140246409581184 :x None :y None}
{:a dict :cells {2 4 5 5 4 4 2 1 2 3 lowMaintenance:highMaintenance} :id 140246409562784 :x None :y None}
✅ pass: repcols
 68
| 43
|| 25
||| utility:sport
||| Cheap:Expensive
|| 47
||| lowMaintenance:highMaintenance
||| 35
|||| engineLife-:EngineLife+
|||| big:small
| 61
|| 50
||| luxury:nonLuxury
||| Electric:NonElectric
|| 45
||| notSosafe:Safe
||| 49
|||| breakdown:smooth
|||| lowMileage:highMileage
✅ pass: synonyms
{:a dict :at 0 :hi 5 :id 140246409631136 :lo 1 :m2 22.0 :mu 3.0 :n 10 :txt Cheap:Expensive :w 1}
{:a dict :at 1 :hi 5 :id 140246409631296 :lo 2 :m2 12.4 :mu 3.4000000000000004 :n 10 :txt Electric:NonElectric :w 1}
{:a dict :at 2 :has {:1 2 :2 2 :3 2 :4 1 :5 3} :id 140246409631936 :mode 5 :most 3 :n 10 :txt breakdown:smooth}
{:a dict :at 3 :has {:1 1 :2 4 :3 2 :4 3} :id 140246409621328 :mode 2 :most 4 :n 10 :txt big:small}
{:a dict :at 4 :has {:1 2 :2 3 :3 2 :4 2 :5 1} :id 140246409618768 :mode 2 :most 3 :n 10 :txt utility:sport}
{:a dict :at 5 :has {:2 3 :3 3 :4 1 :5 3} :id 140246409619488 :mode 3 :most 3 :n 10 :txt luxury:nonLuxury}
{:a dict :at 6 :has {:1 1 :2 3 :3 3 :4 2 :5 1} :id 140246409619728 :mode 2 :most 3 :n 10 :txt notSosafe:Safe}
{:a dict :at 7 :has {:2 2 :3 2 :4 4 :5 2} :id 140246409620048 :mode 4 :most 4 :n 10 :txt lowMileage:highMileage}
{:a dict :at 8 :has {:1 1 :2 2 :3 2 :4 2 :5 3} :id 140246409620368 :mode 5 :most 3 :n 10 :txt engineLife-:EngineLife+}
{:a dict :at 9 :has {:1 1 :2 3 :3 1 :4 3 :5 2} :id 140246409620688 :mode 4 :most 3 :n 10 :txt lowMaintenance:highMaintenance}
{:a dict :at 10 :has {} :id 140246409621008 :mode None :most 0 :n 0 :txt thingX}
{:a dict :cells {4 4 5 2 4 3 4 4 4 2 JeepWrangler} :id 140246409563984 :x None :y None}
{:a dict :cells {5 2 5 4 3 2 5 3 5 4 TeslaModelS} :id 140246409735056 :x None :y None}
{:a dict :cells {4 2 4 4 4 3 2 4 5 5 Porsche911} :id 140246409735136 :x None :y None}
{:a dict :cells {5 5 2 4 5 3 1 2 5 5 MercedesBenzEClass} :id 140246409735536 :x None :y None}
{:a dict :cells {4 5 1 3 3 2 2 2 4 4 BMW3Series} :id 140246409735616 :x None :y None}
{:a dict :cells {2 4 3 3 2 4 2 3 2 4 NissanAltima} :id 140246409735776 :x None :y None}
{:a dict :cells {1 3 3 2 1 5 3 4 2 2 ChevroletCamaro} :id 140246409735936 :x None :y None}
{:a dict :cells {2 2 2 2 1 5 3 5 3 1 HondaCivic} :id 140246409617488 :x None :y None}
{:a dict :cells {2 3 5 2 2 5 3 4 3 2 FordMustang} :id 140246409617568 :x None :y None}
{:a dict :cells {1 4 1 1 2 2 4 5 1 3 ToyotaCorolla} :id 140246409617728 :x None :y None}
✅ pass: reprows
 97
| 83
|| 59
||| ChevroletCamaro
||| HondaCivic
|| 90
||| NissanAltima
||| 61
|||| JeepWrangler
|||| FordMustang
| 95
|| 75
||| MercedesBenzEClass
||| Porsche911
|| 91
||| ToyotaCorolla
||| 75
|||| TeslaModelS
|||| BMW3Series
✅ pass: prototypes

A JeepWrangler
B TeslaModelS
C Porsche911
D MercedesBenzEClass
E BMW3Series
F NissanAltima
G ChevroletCamaro
H HondaCivic
I FordMustang
J ToyotaCorolla

{F                                   D  }
{                                       }
{                                       }
{                                       }
{                                       }
{                                       }
{                                       }
{                                       }
{                                       }
{                                       }
{                                       }
{              E                        }
{                                       }
{                      C                }
{            J   B   A                  }
{            G     H                    }
✅ pass: position
 97
| 95
|| 75
||| MercedesBenzEClass
||| Porsche911
|| 91
||| ToyotaCorolla
||| 75
|||| TeslaModelS
|||| BMW3Series
| 83
|| 59
||| ChevroletCamaro
||| HondaCivic
|| 90
||| NissanAltima
||| 61
|||| JeepWrangler
|||| FordMustang
 66
| 47
|| 19
||| engineLife-:EngineLife+
||| Cheap:Expensive
|| 43
||| lowMaintenance:highMaintenance
||| 32
|||| utility:sport
|||| big:small
| 61
|| 50
||| luxury:nonLuxury
||| Electric:NonElectric
|| 45
||| notSosafe:Safe
||| 49
|||| breakdown:smooth
|||| lowMileage:highMileage

A JeepWrangler
B TeslaModelS
C Porsche911
D MercedesBenzEClass
E BMW3Series
F NissanAltima
G ChevroletCamaro
H HondaCivic
I FordMustang
J ToyotaCorolla

{D                                     G}
{                                       }
{                                       }
{                                       }
{                                       }
{                                       }
{                                       }
{                                       }
{                                       }
{                                I      }
{                            H          }
{                                       }
{              C       A                }
{                                       }
{              E       F                }
{                B   J                  }
✅ pass: every

Number of failed tests:  0

{:Far 0.95 :Sample 512 :dump False :file ../data/auto93.csv :go ALL :help False :min 0.5 :p 2 :seed 937162211}
✅ pass: the
b4 {:a 1 :b {:c 2 :d {3}}} 
after {:a 1 :b {:c 2 :d {1000}}}
✅ pass: copy
✅ pass: num
✅ pass: sym
{:a dict :at 0 :hi 5 :id 140168907212512 :lo 2 :m2 9.600000000000001 :mu 3.7999999999999994 :n 10 :txt Num0 :w 1}
{:a dict :at 1 :hi 5 :id 140168907233712 :lo 1 :m2 14.5 :mu 3.5 :n 10 :txt Num1 :w 1}
{:a dict :at 2 :hi 5 :id 140168907234032 :lo 1 :m2 16.099999999999994 :mu 3.6999999999999993 :n 10 :txt Num2 :w 1}
{:a dict :at 3 :hi 5 :id 140168907233392 :lo 2 :m2 10.0 :mu 4.0 :n 10 :txt Num3 :w 1}
{:a dict :at 4 :hi 5 :id 140168907233552 :lo 1 :m2 16.099999999999998 :mu 3.3 :n 10 :txt Num4 :w 1}
{:a dict :at 5 :hi 5 :id 140168907234272 :lo 1 :m2 16.9 :mu 2.9 :n 10 :txt Num5 :w 1}
{:a dict :at 6 :hi 5 :id 140168906396928 :lo 1 :m2 16.9 :mu 2.8999999999999995 :n 10 :txt Num6 :w 1}
{:a dict :at 7 :hi 5 :id 140168907209296 :lo 1 :m2 18.4 :mu 2.6 :n 10 :txt Num7 :w 1}
{:a dict :at 8 :hi 5 :id 140168906967312 :lo 2 :m2 12.1 :mu 3.3000000000000003 :n 10 :txt Num8 :w 1}
{:a dict :at 9 :hi 5 :id 140168907212752 :lo 1 :m2 18.4 :mu 2.4000000000000004 :n 10 :txt Num9 :w 1}
{:a dict :at 10 :has {} :id 140168907213392 :mode None :most 0 :n 0 :txt thingX}
{:a dict :cells {5 4 5 4 5 2 1 3 3 1 Cheap:Expensive} :id 140168907212272 :x None :y None}
{:a dict :cells {4 1 4 5 4 4 5 3 3 4 Electric:NonElectric} :id 140168907213472 :x None :y None}
{:a dict :cells {5 5 5 4 2 3 2 2 5 2 breakdown:smooth} :id 140168907214672 :x None :y None}
{:a dict :cells {2 3 4 3 4 3 2 1 2 1 big:small} :id 140168907214752 :x None :y None}
{:a dict :cells {3 2 5 5 3 1 2 1 2 1 utility:sport} :id 140168907212432 :x None :y None}
{:a dict :cells {3 3 2 4 3 5 5 5 4 2 luxury:nonLuxury} :id 140168907231392 :x None :y None}
{:a dict :cells {4 4 1 3 1 2 3 4 3 4 notSosafe:Safe} :id 140168907212672 :x None :y None}
{:a dict :cells {4 4 3 2 2 1 4 4 5 5 lowMileage:highMileage} :id 140168907231872 :x None :y None}
{:a dict :cells {5 4 4 5 4 4 3 2 4 2 engineLife-:EngineLife+} :id 140168907231952 :x None :y None}
{:a dict :cells {3 5 4 5 5 4 2 1 2 2 lowMaintenance:highMaintenance} :id 140168907213552 :x None :y None}
✅ pass: repcols
 67
| 45
|| 32
||| utility:sport
||| big:small
|| 34
||| engineLife-:EngineLife+
||| 38
|||| lowMaintenance:highMaintenance
|||| Cheap:Expensive
| 55
|| 32
||| lowMileage:highMileage
||| notSosafe:Safe
|| 54
||| Electric:NonElectric
||| 53
|||| breakdown:smooth
|||| luxury:nonLuxury
✅ pass: synonyms
{:a dict :at 0 :hi 5 :id 140168907281904 :lo 1 :m2 22.099999999999994 :mu 3.3 :n 10 :txt Cheap:Expensive :w 1}
{:a dict :at 1 :hi 5 :id 140168907282064 :lo 1 :m2 12.099999999999998 :mu 3.6999999999999997 :n 10 :txt Electric:NonElectric :w 1}
{:a dict :at 2 :has {:2 4 :3 1 :4 1 :5 4} :id 140168907282704 :mode 5 :most 4 :n 10 :txt breakdown:smooth}
{:a dict :at 3 :has {:1 2 :2 3 :3 3 :4 2} :id 140168907272096 :mode 3 :most 3 :n 10 :txt big:small}
{:a dict :at 4 :has {:1 3 :2 3 :3 2 :5 2} :id 140168907269536 :mode 2 :most 3 :n 10 :txt utility:sport}
{:a dict :at 5 :has {:2 2 :3 3 :4 2 :5 3} :id 140168907270256 :mode 3 :most 3 :n 10 :txt luxury:nonLuxury}
{:a dict :at 6 :has {:1 2 :2 1 :3 3 :4 4} :id 140168907270496 :mode 4 :most 4 :n 10 :txt notSosafe:Safe}
{:a dict :at 7 :has {:1 1 :2 2 :3 1 :4 4 :5 2} :id 140168907270816 :mode 4 :most 4 :n 10 :txt lowMileage:highMileage}
{:a dict :at 8 :has {:2 2 :3 1 :4 5 :5 2} :id 140168907271136 :mode 4 :most 5 :n 10 :txt engineLife-:EngineLife+}
{:a dict :at 9 :has {:1 1 :2 3 :3 1 :4 2 :5 3} :id 140168907271456 :mode 5 :most 3 :n 10 :txt lowMaintenance:highMaintenance}
{:a dict :at 10 :has {} :id 140168907271776 :mode None :most 0 :n 0 :txt thingX}
{:a dict :cells {5 4 5 2 3 3 4 4 5 3 JeepWrangler} :id 140168907214752 :x None :y None}
{:a dict :cells {4 1 5 3 2 3 4 4 4 5 TeslaModelS} :id 140168907385824 :x None :y None}
{:a dict :cells {5 4 5 4 5 2 1 3 4 4 Porsche911} :id 140168907385904 :x None :y None}
{:a dict :cells {4 5 4 3 5 4 3 2 5 5 MercedesBenzEClass} :id 140168907386304 :x None :y None}
{:a dict :cells {5 4 2 4 3 3 1 2 4 5 BMW3Series} :id 140168907386384 :x None :y None}
{:a dict :cells {2 4 3 3 1 5 2 1 4 4 NissanAltima} :id 140168907386544 :x None :y None}
{:a dict :cells {1 5 2 2 2 5 3 4 3 2 ChevroletCamaro} :id 140168907386704 :x None :y None}
{:a dict :cells {3 3 2 1 1 5 4 4 2 1 HondaCivic} :id 140168907268176 :x None :y None}
{:a dict :cells {3 3 5 2 2 4 3 5 4 2 FordMustang} :id 140168907268336 :x None :y None}
{:a dict :cells {1 4 2 1 1 2 4 5 2 2 ToyotaCorolla} :id 140168907268496 :x None :y None}
✅ pass: reprows
 95
| 82
|| 62
||| ChevroletCamaro
||| FordMustang
|| 82
||| NissanAltima
||| 61
|||| ToyotaCorolla
|||| HondaCivic
| 86
|| 75
||| Porsche911
||| BMW3Series
|| 82
||| TeslaModelS
||| 89
|||| MercedesBenzEClass
|||| JeepWrangler
✅ pass: prototypes

A JeepWrangler
B TeslaModelS
C Porsche911
D MercedesBenzEClass
E BMW3Series
F NissanAltima
G ChevroletCamaro
H HondaCivic
I FordMustang
J ToyotaCorolla

{F                                   E  }
{                                       }
{                                       }
{                                       }
{                                       }
{                                       }
{                                       }
{                                       }
{                                       }
{                                       }
{                                       }
{                                       }
{              H     D                  }
{                    B C A              }
{                J                      }
{                I                      }
✅ pass: position
 92
| 82
|| 77
||| MercedesBenzEClass
||| FordMustang
|| 86
||| Porsche911
||| 79
|||| TeslaModelS
|||| BMW3Series
| 88
|| 61
||| ToyotaCorolla
||| HondaCivic
|| 92
||| JeepWrangler
||| 82
|||| NissanAltima
|||| ChevroletCamaro
 55
| 47
|| 31
||| engineLife-:EngineLife+
||| Cheap:Expensive
|| 32
||| big:small
||| 39
|||| utility:sport
|||| lowMaintenance:highMaintenance
| 55
|| 32
||| lowMileage:highMileage
||| notSosafe:Safe
|| 54
||| Electric:NonElectric
||| 53
|||| breakdown:smooth
|||| luxury:nonLuxury

A JeepWrangler
B TeslaModelS
C Porsche911
D MercedesBenzEClass
E BMW3Series
F NissanAltima
G ChevroletCamaro
H HondaCivic
I FordMustang
J ToyotaCorolla

{D                                   J  }
{                                       }
{                                       }
{                                       }
{                                       }
{                                       }
{                                       }
{                                       }
{                                       }
{                                       }
{                                       }
{                            H          }
{                  I                    }
{            E     F   G                }
{              B C                      }
{                  A                    }
✅ pass: every

Number of failed tests:  0