✅ pass: sym
✅ pass: num
✅ pass: rand
{:Far 0.95 :Sample 512 :dump False :file ../data/auto93.csv :go ALL :help False :min 0.5 :p 2 :seed 937162211}
✅ pass: the
✅ pass: csv
✅ pass: data
y mid {:Acc+ 15.57 :Lbs- 2970.42 :Mpg+ 23.84}
  div {:Acc+ 2.76 :Lbs- 846.84 :Mpg+ 8.34}
x mid {:Clndrs 5.45 :Model 76.01 :Volume 193.43 :origin 1}
  div {:Clndrs 1.7 :Model 3.7 :Volume 104.27 :origin 1.3273558482394003}
✅ pass: stats
✅ pass: clone
0 0 {8 304 193 4732 18.5 70 1 10}
50 	 0.17 	 {8 318 150 4457 13.5 74 1 10}
100 	 0.28 	 {6 232 100 2901 16 74 1 20}
150 	 0.38 	 {8 351 142 4054 14.3 79 1 20}
200 	 0.55 	 {4 122 96 2300 15.5 77 1 30}
250 	 0.68 	 {4 119 82 2720 19.4 82 1 30}
300 	 0.71 	 {4 119 97 2545 17 75 3 20}
350 	 0.79 	 {4 146 67 3250 21.8 80 2 30}
✅ pass: around
199 199 398
{4 105 74 2190 14.2 81 2 30} 0.7061917764866991
{4 98 83 2075 15.9 77 1 30}
{6 250 100 3329 15.5 71 1 20}
✅ pass: half
398   {:Acc+ 15.6 :Lbs- 2970.4 :Mpg+ 23.8}
|199   
||99   
|||49   
||||24   {:Acc+ 15.8 :Lbs- 2177.3 :Mpg+ 28.3}
||||25   {:Acc+ 16.6 :Lbs- 2428.4 :Mpg+ 27.6}
|||50   
||||25   {:Acc+ 15.2 :Lbs- 2483.1 :Mpg+ 24.0}
||||25   {:Acc+ 17.5 :Lbs- 2025.8 :Mpg+ 28.4}
||100   
|||50   
||||25   {:Acc+ 16.1 :Lbs- 2567.6 :Mpg+ 31.2}
||||25   {:Acc+ 16.8 :Lbs- 2292.2 :Mpg+ 32.4}
|||50   
||||25   {:Acc+ 16.6 :Lbs- 2830.2 :Mpg+ 28.4}
||||25   {:Acc+ 16.6 :Lbs- 2050.8 :Mpg+ 35.6}
|199   
||99   
|||49   
||||24   {:Acc+ 16.6 :Lbs- 2700.0 :Mpg+ 21.7}
||||25   {:Acc+ 15.9 :Lbs- 3109.8 :Mpg+ 21.2}
|||50   
||||25   {:Acc+ 17.3 :Lbs- 3118.4 :Mpg+ 21.6}
||||25   {:Acc+ 16.3 :Lbs- 3212.6 :Mpg+ 21.6}
||100   
|||50   
||||25   {:Acc+ 12.7 :Lbs- 4018.0 :Mpg+ 13.6}
||||25   {:Acc+ 11.5 :Lbs- 4463.6 :Mpg+ 12.0}
|||50   
||||25   {:Acc+ 13.1 :Lbs- 4120.2 :Mpg+ 13.6}
||||25   {:Acc+ 14.5 :Lbs- 3886.2 :Mpg+ 20.4}
✅ pass: cluster
398   {:Acc+ 15.6 :Lbs- 2970.4 :Mpg+ 23.8}
|199   
||100   
|||50   
||||25   {:Acc+ 17.4 :Lbs- 1951.4 :Mpg+ 34.4}
✅ pass: optimize

Number of failed tests:  0
